<?xml version="1.0" encoding="UTF-8"?>
<coverage generated="1787353218098" clover="3.2.0">
  <project timestamp="1787353218098" name="All files">
    <metrics statements="1016" coveredstatements="807" conditionals="447" coveredconditionals="266" methods="116" coveredmethods="89" elements="1579" coveredelements="1162" complexity="0" loc="1016" ncloc="1016" packages="1" files="3" classes="3"/>
    <file name="auth_phone.ts" path="/Users/amathba/WORKSPACE/outalma/.worktrees/app-pricing/functions/src/auth_phone.ts">
      <metrics statements="100" coveredstatements="13" conditionals="25" coveredconditionals="0" methods="14" coveredmethods="0"/>
      <line num="23" count="8" type="stmt"/>
      <line num="24" count="8" type="stmt"/>
      <line num="25" count="8" type="stmt"/>
      <line num="26" count="8" type="stmt"/>
      <line num="28" count="8" type="stmt"/>
      <line num="29" count="8" type="stmt"/>
      <line num="30" count="8" type="stmt"/>
      <line num="32" count="8" type="stmt"/>
      <line num="38" count="8" type="stmt"/>
      <line num="41" count="0" type="cond" truecount="0" falsecount="1"/>
      <line num="42" count="0" type="stmt"/>
      <line num="44" count="0" type="stmt"/>
      <line num="45" count="0" type="cond" truecount="0" falsecount="1"/>
      <line num="46" count="0" type="stmt"/>
      <line num="48" count="0" type="stmt"/>
      <line num="52" count="0" type="cond" truecount="0" falsecount="1"/>
      <line num="53" count="0" type="stmt"/>
      <line num="55" count="0" type="stmt"/>
      <line num="58" count="0" type="cond" truecount="0" falsecount="1"/>
      <line num="59" count="0" type="stmt"/>
      <line num="61" count="0" type="stmt"/>
      <line num="66" count="8" type="stmt"/>
      <line num="69" count="0" type="cond" truecount="0" falsecount="1"/>
      <line num="70" count="0" type="stmt"/>
      <line num="72" count="0" type="stmt"/>
      <line num="73" count="0" type="cond" truecount="0" falsecount="1"/>
      <line num="74" count="0" type="stmt"/>
      <line num="76" count="0" type="cond" truecount="0" falsecount="1"/>
      <line num="77" count="0" type="stmt"/>
      <line num="79" count="0" type="cond" truecount="0" falsecount="1"/>
      <line num="80" count="0" type="stmt"/>
      <line num="82" count="0" type="stmt"/>
      <line num="86" count="0" type="cond" truecount="0" falsecount="1"/>
      <line num="87" count="0" type="stmt"/>
      <line num="89" count="0" type="stmt"/>
      <line num="91" count="0" type="cond" truecount="0" falsecount="3"/>
      <line num="92" count="0" type="stmt"/>
      <line num="94" count="0" type="stmt"/>
      <line num="102" count="0" type="stmt"/>
      <line num="110" count="0" type="stmt"/>
      <line num="118" count="0" type="stmt"/>
      <line num="119" count="0" type="stmt"/>
      <line num="120" count="0" type="stmt"/>
      <line num="124" count="0" type="stmt"/>
      <line num="131" count="0" type="stmt"/>
      <line num="132" count="0" type="stmt"/>
      <line num="136" count="0" type="stmt"/>
      <line num="140" count="0" type="cond" truecount="0" falsecount="1"/>
      <line num="141" count="0" type="stmt"/>
      <line num="142" count="0" type="stmt"/>
      <line num="150" count="0" type="stmt"/>
      <line num="151" count="0" type="stmt"/>
      <line num="155" count="0" type="stmt"/>
      <line num="159" count="0" type="cond" truecount="0" falsecount="1"/>
      <line num="160" count="0" type="stmt"/>
      <line num="161" count="0" type="stmt"/>
      <line num="163" count="0" type="stmt"/>
      <line num="164" count="0" type="cond" truecount="0" falsecount="3"/>
      <line num="165" count="0" type="stmt"/>
      <line num="184" count="0" type="stmt"/>
      <line num="185" count="0" type="stmt"/>
      <line num="186" count="0" type="stmt"/>
      <line num="188" count="0" type="stmt"/>
      <line num="189" count="0" type="cond" truecount="0" falsecount="1"/>
      <line num="190" count="0" type="stmt"/>
      <line num="198" count="8" type="stmt"/>
      <line num="204" count="0" type="stmt"/>
      <line num="205" count="0" type="stmt"/>
      <line num="207" count="0" type="cond" truecount="0" falsecount="2"/>
      <line num="209" count="0" type="stmt"/>
      <line num="210" count="0" type="stmt"/>
      <line num="218" count="8" type="stmt"/>
      <line num="224" count="0" type="stmt"/>
      <line num="225" count="0" type="stmt"/>
      <line num="227" count="0" type="stmt"/>
      <line num="231" count="0" type="stmt"/>
      <line num="232" count="0" type="cond" truecount="0" falsecount="1"/>
      <line num="235" count="0" type="stmt"/>
      <line num="236" count="0" type="stmt"/>
      <line num="239" count="0" type="stmt"/>
      <line num="243" count="0" type="stmt"/>
      <line num="251" count="8" type="stmt"/>
      <line num="257" count="0" type="stmt"/>
      <line num="258" count="0" type="stmt"/>
      <line num="259" count="0" type="stmt"/>
      <line num="260" count="0" type="stmt"/>
      <line num="262" count="0" type="stmt"/>
      <line num="265" count="0" type="cond" truecount="0" falsecount="1"/>
      <line num="266" count="0" type="stmt"/>
      <line num="272" count="0" type="stmt"/>
      <line num="280" count="0" type="stmt"/>
      <line num="281" count="0" type="stmt"/>
      <line num="287" count="0" type="stmt"/>
      <line num="288" count="0" type="cond" truecount="0" falsecount="1"/>
      <line num="289" count="0" type="stmt"/>
      <line num="294" count="0" type="stmt"/>
      <line num="297" count="0" type="stmt"/>
      <line num="299" count="0" type="stmt"/>
      <line num="311" count="0" type="stmt"/>
      <line num="315" count="0" type="stmt"/>
    </file>
    <file name="common.ts" path="/Users/amathba/WORKSPACE/outalma/.worktrees/app-pricing/functions/src/common.ts">
      <metrics statements="21" coveredstatements="21" conditionals="13" coveredconditionals="13" methods="6" coveredmethods="6"/>
      <line num="1" count="9" type="stmt"/>
      <line num="3" count="9" type="stmt"/>
      <line num="4" count="97" type="cond" truecount="1" falsecount="0"/>
      <line num="5" count="7" type="stmt"/>
      <line num="9" count="9" type="stmt"/>
      <line num="10" count="114" type="cond" truecount="3" falsecount="0"/>
      <line num="11" count="7" type="stmt"/>
      <line num="13" count="107" type="stmt"/>
      <line num="16" count="9" type="stmt"/>
      <line num="17" count="12" type="cond" truecount="1" falsecount="0"/>
      <line num="18" count="5" type="stmt"/>
      <line num="20" count="7" type="stmt"/>
      <line num="23" count="9" type="stmt"/>
      <line num="24" count="36" type="cond" truecount="1" falsecount="0"/>
      <line num="25" count="14" type="stmt"/>
      <line num="29" count="9" type="stmt"/>
      <line num="30" count="14" type="cond" truecount="3" falsecount="0"/>
      <line num="31" count="3" type="stmt"/>
      <line num="35" count="9" type="stmt"/>
      <line num="36" count="13" type="cond" truecount="4" falsecount="0"/>
      <line num="37" count="2" type="stmt"/>
    </file>
    <file name="index.ts" path="/Users/amathba/WORKSPACE/outalma/.worktrees/app-pricing/functions/src/index.ts">
      <metrics statements="895" coveredstatements="773" conditionals="409" coveredconditionals="253" methods="96" coveredmethods="83"/>
      <line num="1" count="8" type="stmt"/>
      <line num="2" count="8" type="stmt"/>
      <line num="3" count="8" type="stmt"/>
      <line num="4" count="8" type="stmt"/>
      <line num="5" count="8" type="stmt"/>
      <line num="6" count="8" type="stmt"/>
      <line num="7" count="8" type="stmt"/>
      <line num="9" count="8" type="stmt"/>
      <line num="10" count="8" type="stmt"/>
      <line num="16" count="8" type="stmt"/>
      <line num="30" count="0" type="stmt"/>
      <line num="34" count="0" type="stmt"/>
      <line num="39" count="0" type="stmt"/>
      <line num="40" count="0" type="stmt"/>
      <line num="41" count="0" type="stmt"/>
      <line num="43" count="0" type="cond" truecount="0" falsecount="1"/>
      <line num="44" count="0" type="stmt"/>
      <line num="45" count="0" type="stmt"/>
      <line num="46" count="0" type="stmt"/>
      <line num="47" count="0" type="cond" truecount="0" falsecount="1"/>
      <line num="48" count="0" type="stmt"/>
      <line num="61" count="0" type="stmt"/>
      <line num="62" count="0" type="stmt"/>
      <line num="63" count="0" type="cond" truecount="0" falsecount="1"/>
      <line num="64" count="0" type="stmt"/>
      <line num="69" count="0" type="cond" truecount="0" falsecount="1"/>
      <line num="70" count="0" type="stmt"/>
      <line num="80" count="0" type="stmt"/>
      <line num="84" count="0" type="stmt"/>
      <line num="88" count="0" type="stmt"/>
      <line num="91" count="0" type="stmt"/>
      <line num="97" count="8" type="stmt"/>
      <line num="98" count="8" type="stmt"/>
      <line num="99" count="8" type="stmt"/>
      <line num="100" count="8" type="stmt"/>
      <line num="120" count="17" type="cond" truecount="0" falsecount="1"/>
      <line num="124" count="17" type="stmt"/>
      <line num="125" count="18" type="stmt"/>
      <line num="128" count="17" type="stmt"/>
      <line num="129" count="17" type="stmt"/>
      <line num="130" count="18" type="stmt"/>
      <line num="131" count="18" type="cond" truecount="1" falsecount="0"/>
      <line num="134" count="17" type="cond" truecount="1" falsecount="0"/>
      <line num="140" count="14" type="stmt"/>
      <line num="141" count="15" type="stmt"/>
      <line num="151" count="14" type="stmt"/>
      <line num="160" count="14" type="stmt"/>
      <line num="161" count="14" type="stmt"/>
      <line num="162" count="14" type="cond" truecount="1" falsecount="0"/>
      <line num="163" count="1" type="stmt"/>
      <line num="164" count="1" type="cond" truecount="0" falsecount="1"/>
      <line num="165" count="1" type="stmt"/>
      <line num="166" count="1" type="cond" truecount="1" falsecount="0"/>
      <line num="171" count="1" type="stmt"/>
      <line num="174" count="14" type="stmt"/>
      <line num="176" count="1" type="stmt"/>
      <line num="177" count="1" type="stmt"/>
      <line num="178" count="1" type="stmt"/>
      <line num="179" count="1" type="stmt"/>
      <line num="180" count="1" type="cond" truecount="1" falsecount="0"/>
      <line num="181" count="1" type="stmt"/>
      <line num="187" count="0" type="stmt"/>
      <line num="210" count="18" type="stmt"/>
      <line num="235" count="1" type="stmt"/>
      <line num="238" count="8" type="stmt"/>
      <line num="239" count="15" type="stmt"/>
      <line num="240" count="15" type="stmt"/>
      <line num="242" count="14" type="stmt"/>
      <line num="243" count="14" type="stmt"/>
      <line num="244" count="14" type="stmt"/>
      <line num="245" count="13" type="cond" truecount="0" falsecount="1"/>
      <line num="246" count="0" type="stmt"/>
      <line num="250" count="13" type="cond" truecount="2" falsecount="0"/>
      <line num="251" count="13" type="cond" truecount="2" falsecount="0"/>
      <line num="252" count="13" type="cond" truecount="1" falsecount="1"/>
      <line num="258" count="13" type="cond" truecount="0" falsecount="1"/>
      <line num="259" count="0" type="stmt"/>
      <line num="260" count="0" type="stmt"/>
      <line num="261" count="0" type="cond" truecount="0" falsecount="3"/>
      <line num="262" count="0" type="stmt"/>
      <line num="265" count="13" type="cond" truecount="2" falsecount="0"/>
      <line num="266" count="13" type="stmt"/>
      <line num="267" count="13" type="cond" truecount="1" falsecount="0"/>
      <line num="268" count="2" type="stmt"/>
      <line num="269" count="2" type="cond" truecount="0" falsecount="1"/>
      <line num="270" count="0" type="stmt"/>
      <line num="272" count="2" type="cond" truecount="0" falsecount="1"/>
      <line num="273" count="0" type="stmt"/>
      <line num="275" count="2" type="stmt"/>
      <line num="278" count="13" type="stmt"/>
      <line num="280" count="13" type="stmt"/>
      <line num="284" count="13" type="stmt"/>
      <line num="285" count="13" type="cond" truecount="1" falsecount="0"/>
      <line num="286" count="1" type="stmt"/>
      <line num="288" count="12" type="stmt"/>
      <line num="293" count="12" type="cond" truecount="1" falsecount="0"/>
      <line num="294" count="1" type="stmt"/>
      <line num="296" count="11" type="cond" truecount="1" falsecount="0"/>
      <line num="297" count="1" type="stmt"/>
      <line num="300" count="10" type="stmt"/>
      <line num="301" count="10" type="cond" truecount="1" falsecount="0"/>
      <line num="302" count="10" type="stmt"/>
      <line num="309" count="10" type="cond" truecount="3" falsecount="0"/>
      <line num="310" count="2" type="stmt"/>
      <line num="320" count="8" type="stmt"/>
      <line num="323" count="8" type="stmt"/>
      <line num="326" count="8" type="cond" truecount="3" falsecount="0"/>
      <line num="327" count="2" type="stmt"/>
      <line num="333" count="6" type="cond" truecount="2" falsecount="0"/>
      <line num="334" count="6" type="stmt"/>
      <line num="335" count="6" type="cond" truecount="1" falsecount="0"/>
      <line num="341" count="2" type="stmt"/>
      <line num="342" count="2" type="stmt"/>
      <line num="343" count="2" type="stmt"/>
      <line num="345" count="2" type="cond" truecount="4" falsecount="0"/>
      <line num="350" count="2" type="cond" truecount="1" falsecount="0"/>
      <line num="351" count="1" type="stmt"/>
      <line num="362" count="5" type="cond" truecount="1" falsecount="0"/>
      <line num="363" count="2" type="stmt"/>
      <line num="364" count="2" type="stmt"/>
      <line num="367" count="2" type="stmt"/>
      <line num="368" count="2" type="stmt"/>
      <line num="372" count="2" type="cond" truecount="0" falsecount="1"/>
      <line num="373" count="2" type="cond" truecount="0" falsecount="1"/>
      <line num="378" count="0" type="stmt"/>
      <line num="380" count="2" type="stmt"/>
      <line num="382" count="2" type="cond" truecount="1" falsecount="0"/>
      <line num="383" count="1" type="stmt"/>
      <line num="390" count="4" type="stmt"/>
      <line num="406" count="4" type="stmt"/>
      <line num="409" count="8" type="stmt"/>
      <line num="410" count="3" type="stmt"/>
      <line num="411" count="3" type="stmt"/>
      <line num="413" count="3" type="stmt"/>
      <line num="414" count="3" type="stmt"/>
      <line num="416" count="3" type="stmt"/>
      <line num="417" count="3" type="stmt"/>
      <line num="418" count="3" type="cond" truecount="0" falsecount="1"/>
      <line num="420" count="3" type="stmt"/>
      <line num="427" count="3" type="cond" truecount="2" falsecount="1"/>
      <line num="428" count="0" type="stmt"/>
      <line num="431" count="3" type="cond" truecount="1" falsecount="0"/>
      <line num="432" count="1" type="stmt"/>
      <line num="439" count="2" type="stmt"/>
      <line num="440" count="2" type="cond" truecount="3" falsecount="0"/>
      <line num="441" count="1" type="stmt"/>
      <line num="444" count="1" type="cond" truecount="2" falsecount="0"/>
      <line num="445" count="1" type="stmt"/>
      <line num="448" count="1" type="stmt"/>
      <line num="461" count="1" type="stmt"/>
      <line num="467" count="1" type="stmt"/>
      <line num="470" count="1" type="stmt"/>
      <line num="473" count="8" type="stmt"/>
      <line num="474" count="2" type="stmt"/>
      <line num="475" count="2" type="stmt"/>
      <line num="477" count="2" type="stmt"/>
      <line num="478" count="2" type="stmt"/>
      <line num="480" count="2" type="stmt"/>
      <line num="481" count="2" type="stmt"/>
      <line num="482" count="2" type="cond" truecount="0" falsecount="1"/>
      <line num="484" count="2" type="stmt"/>
      <line num="489" count="2" type="cond" truecount="0" falsecount="1"/>
      <line num="490" count="0" type="stmt"/>
      <line num="493" count="2" type="cond" truecount="0" falsecount="1"/>
      <line num="494" count="0" type="stmt"/>
      <line num="500" count="2" type="stmt"/>
      <line num="501" count="2" type="cond" truecount="3" falsecount="0"/>
      <line num="502" count="1" type="stmt"/>
      <line num="506" count="1" type="stmt"/>
      <line num="511" count="1" type="stmt"/>
      <line num="514" count="1" type="stmt"/>
      <line num="517" count="8" type="stmt"/>
      <line num="520" count="4" type="stmt"/>
      <line num="521" count="4" type="stmt"/>
      <line num="528" count="4" type="cond" truecount="0" falsecount="1"/>
      <line num="531" count="4" type="stmt"/>
      <line num="532" count="4" type="cond" truecount="0" falsecount="1"/>
      <line num="533" count="4" type="stmt"/>
      <line num="538" count="4" type="cond" truecount="1" falsecount="1"/>
      <line num="539" count="4" type="stmt"/>
      <line num="540" count="4" type="stmt"/>
      <line num="543" count="4" type="stmt"/>
      <line num="548" count="8" type="stmt"/>
      <line num="549" count="4" type="stmt"/>
      <line num="550" count="4" type="stmt"/>
      <line num="552" count="4" type="cond" truecount="2" falsecount="0"/>
      <line num="553" count="1" type="stmt"/>
      <line num="554" count="3" type="cond" truecount="1" falsecount="1"/>
      <line num="555" count="0" type="stmt"/>
      <line num="557" count="3" type="cond" truecount="1" falsecount="1"/>
      <line num="560" count="4" type="stmt"/>
      <line num="570" count="4" type="stmt"/>
      <line num="571" count="4" type="stmt"/>
      <line num="585" count="8" type="stmt"/>
      <line num="588" count="3" type="stmt"/>
      <line num="593" count="3" type="stmt"/>
      <line num="600" count="3" type="cond" truecount="2" falsecount="1"/>
      <line num="601" count="3" type="cond" truecount="0" falsecount="1"/>
      <line num="603" count="3" type="stmt"/>
      <line num="604" count="3" type="stmt"/>
      <line num="606" count="3" type="stmt"/>
      <line num="608" count="3" type="stmt"/>
      <line num="619" count="3" type="stmt"/>
      <line num="621" count="3" type="cond" truecount="3" falsecount="2"/>
      <line num="623" count="1" type="cond" truecount="1" falsecount="0"/>
      <line num="624" count="1" type="stmt"/>
      <line num="632" count="1" type="stmt"/>
      <line num="634" count="0" type="cond" truecount="0" falsecount="1"/>
      <line num="635" count="0" type="stmt"/>
      <line num="643" count="0" type="stmt"/>
      <line num="645" count="0" type="cond" truecount="0" falsecount="1"/>
      <line num="646" count="0" type="stmt"/>
      <line num="654" count="0" type="stmt"/>
      <line num="656" count="1" type="cond" truecount="1" falsecount="0"/>
      <line num="657" count="1" type="stmt"/>
      <line num="665" count="1" type="cond" truecount="1" falsecount="0"/>
      <line num="666" count="1" type="stmt"/>
      <line num="674" count="1" type="stmt"/>
      <line num="678" count="1" type="stmt"/>
      <line num="679" count="1" type="stmt"/>
      <line num="680" count="1" type="cond" truecount="2" falsecount="1"/>
      <line num="681" count="0" type="stmt"/>
      <line num="689" count="1" type="cond" truecount="3" falsecount="0"/>
      <line num="690" count="1" type="stmt"/>
      <line num="698" count="1" type="stmt"/>
      <line num="702" count="3" type="stmt"/>
      <line num="703" count="4" type="stmt"/>
      <line num="708" count="4" type="stmt"/>
      <line num="709" count="4" type="stmt"/>
      <line num="721" count="8" type="stmt"/>
      <line num="722" count="4" type="stmt"/>
      <line num="723" count="4" type="stmt"/>
      <line num="725" count="4" type="stmt"/>
      <line num="727" count="4" type="cond" truecount="2" falsecount="0"/>
      <line num="730" count="4" type="cond" truecount="0" falsecount="1"/>
      <line num="731" count="0" type="stmt"/>
      <line num="733" count="4" type="stmt"/>
      <line num="738" count="4" type="stmt"/>
      <line num="740" count="4" type="stmt"/>
      <line num="741" count="4" type="stmt"/>
      <line num="742" count="4" type="cond" truecount="0" falsecount="1"/>
      <line num="744" count="4" type="stmt"/>
      <line num="750" count="4" type="cond" truecount="2" falsecount="1"/>
      <line num="751" count="0" type="stmt"/>
      <line num="754" count="4" type="cond" truecount="1" falsecount="0"/>
      <line num="755" count="1" type="stmt"/>
      <line num="761" count="3" type="stmt"/>
      <line num="762" count="3" type="cond" truecount="4" falsecount="0"/>
      <line num="763" count="1" type="stmt"/>
      <line num="766" count="2" type="stmt"/>
      <line num="773" count="2" type="stmt"/>
      <line num="776" count="2" type="stmt"/>
      <line num="779" count="8" type="stmt"/>
      <line num="780" count="3" type="stmt"/>
      <line num="781" count="3" type="stmt"/>
      <line num="783" count="3" type="stmt"/>
      <line num="784" count="3" type="stmt"/>
      <line num="786" count="3" type="stmt"/>
      <line num="787" count="3" type="stmt"/>
      <line num="788" count="3" type="cond" truecount="0" falsecount="1"/>
      <line num="790" count="3" type="stmt"/>
      <line num="795" count="3" type="cond" truecount="0" falsecount="1"/>
      <line num="796" count="0" type="stmt"/>
      <line num="799" count="3" type="cond" truecount="1" falsecount="0"/>
      <line num="800" count="1" type="stmt"/>
      <line num="806" count="2" type="stmt"/>
      <line num="807" count="2" type="cond" truecount="3" falsecount="0"/>
      <line num="808" count="1" type="stmt"/>
      <line num="811" count="1" type="stmt"/>
      <line num="816" count="1" type="stmt"/>
      <line num="819" count="1" type="stmt"/>
      <line num="822" count="8" type="stmt"/>
      <line num="823" count="3" type="stmt"/>
      <line num="824" count="3" type="stmt"/>
      <line num="826" count="3" type="stmt"/>
      <line num="827" count="3" type="stmt"/>
      <line num="829" count="3" type="stmt"/>
      <line num="830" count="3" type="stmt"/>
      <line num="831" count="3" type="cond" truecount="0" falsecount="1"/>
      <line num="833" count="3" type="stmt"/>
      <line num="838" count="3" type="cond" truecount="0" falsecount="1"/>
      <line num="839" count="0" type="stmt"/>
      <line num="842" count="3" type="cond" truecount="1" falsecount="0"/>
      <line num="843" count="1" type="stmt"/>
      <line num="849" count="2" type="stmt"/>
      <line num="850" count="2" type="cond" truecount="3" falsecount="0"/>
      <line num="851" count="1" type="stmt"/>
      <line num="854" count="1" type="stmt"/>
      <line num="859" count="1" type="stmt"/>
      <line num="862" count="1" type="stmt"/>
      <line num="869" count="8" type="stmt"/>
      <line num="870" count="1" type="stmt"/>
      <line num="871" count="1" type="stmt"/>
      <line num="876" count="1" type="stmt"/>
      <line num="881" count="1" type="stmt"/>
      <line num="882" count="2" type="stmt"/>
      <line num="883" count="1" type="stmt"/>
      <line num="884" count="1" type="stmt"/>
      <line num="885" count="1" type="stmt"/>
      <line num="888" count="1" type="stmt"/>
      <line num="889" count="1" type="stmt"/>
      <line num="893" count="1" type="stmt"/>
      <line num="897" count="1" type="stmt"/>
      <line num="899" count="1" type="stmt"/>
      <line num="905" count="8" type="stmt"/>
      <line num="906" count="2" type="stmt"/>
      <line num="907" count="2" type="stmt"/>
      <line num="910" count="1" type="stmt"/>
      <line num="920" count="1" type="stmt"/>
      <line num="921" count="2" type="cond" truecount="2" falsecount="0"/>
      <line num="922" count="1" type="stmt"/>
      <line num="923" count="5" type="stmt"/>
      <line num="925" count="1" type="stmt"/>
      <line num="942" count="8" type="stmt"/>
      <line num="943" count="4" type="stmt"/>
      <line num="944" count="4" type="stmt"/>
      <line num="947" count="3" type="cond" truecount="2" falsecount="0"/>
      <line num="948" count="3" type="stmt"/>
      <line num="949" count="3" type="cond" truecount="1" falsecount="0"/>
      <line num="950" count="1" type="stmt"/>
      <line num="951" count="1" type="cond" truecount="1" falsecount="1"/>
      <line num="953" count="3" type="cond" truecount="3" falsecount="0"/>
      <line num="954" count="1" type="stmt"/>
      <line num="960" count="2" type="stmt"/>
      <line num="967" count="2" type="stmt"/>
      <line num="970" count="8" type="stmt"/>
      <line num="971" count="2" type="stmt"/>
      <line num="972" count="2" type="stmt"/>
      <line num="974" count="2" type="stmt"/>
      <line num="976" count="1" type="stmt"/>
      <line num="977" count="1" type="stmt"/>
      <line num="980" count="1" type="stmt"/>
      <line num="981" count="1" type="cond" truecount="2" falsecount="0"/>
      <line num="982" count="1" type="stmt"/>
      <line num="985" count="1" type="stmt"/>
      <line num="996" count="1" type="stmt"/>
      <line num="1003" count="1" type="stmt"/>
      <line num="1015" count="1" type="cond" truecount="1" falsecount="1"/>
      <line num="1018" count="8" type="stmt"/>
      <line num="1021" count="1" type="stmt"/>
      <line num="1022" count="1" type="stmt"/>
      <line num="1023" count="1" type="stmt"/>
      <line num="1026" count="1" type="stmt"/>
      <line num="1032" count="1" type="stmt"/>
      <line num="1034" count="1" type="stmt"/>
      <line num="1035" count="1" type="stmt"/>
      <line num="1036" count="1" type="stmt"/>
      <line num="1037" count="1" type="cond" truecount="1" falsecount="2"/>
      <line num="1039" count="1" type="stmt"/>
      <line num="1040" count="1" type="stmt"/>
      <line num="1041" count="1" type="stmt"/>
      <line num="1043" count="1" type="stmt"/>
      <line num="1046" count="1" type="cond" truecount="4" falsecount="0"/>
      <line num="1051" count="1" type="cond" truecount="1" falsecount="0"/>
      <line num="1052" count="1" type="stmt"/>
      <line num="1053" count="1" type="stmt"/>
      <line num="1055" count="1" type="stmt"/>
      <line num="1061" count="1" type="stmt"/>
      <line num="1062" count="1" type="stmt"/>
      <line num="1063" count="1" type="stmt"/>
      <line num="1064" count="1" type="cond" truecount="0" falsecount="1"/>
      <line num="1065" count="1" type="stmt"/>
      <line num="1066" count="1" type="stmt"/>
      <line num="1068" count="1" type="cond" truecount="1" falsecount="0"/>
      <line num="1069" count="1" type="stmt"/>
      <line num="1077" count="1" type="stmt"/>
      <line num="1078" count="2" type="stmt"/>
      <line num="1086" count="1" type="stmt"/>
      <line num="1091" count="1" type="cond" truecount="3" falsecount="1"/>
      <line num="1093" count="0" type="stmt"/>
      <line num="1094" count="0" type="stmt"/>
      <line num="1095" count="0" type="stmt"/>
      <line num="1096" count="0" type="cond" truecount="0" falsecount="1"/>
      <line num="1097" count="0" type="stmt"/>
      <line num="1098" count="0" type="stmt"/>
      <line num="1100" count="0" type="cond" truecount="0" falsecount="1"/>
      <line num="1101" count="0" type="stmt"/>
      <line num="1109" count="0" type="stmt"/>
      <line num="1110" count="0" type="stmt"/>
      <line num="1118" count="0" type="stmt"/>
      <line num="1123" count="1" type="stmt"/>
      <line num="1138" count="26" type="stmt"/>
      <line num="1152" count="8" type="stmt"/>
      <line num="1153" count="3" type="stmt"/>
      <line num="1154" count="3" type="stmt"/>
      <line num="1155" count="3" type="stmt"/>
      <line num="1157" count="2" type="stmt"/>
      <line num="1158" count="2" type="stmt"/>
      <line num="1161" count="2" type="stmt"/>
      <line num="1162" count="2" type="cond" truecount="2" falsecount="0"/>
      <line num="1163" count="2" type="stmt"/>
      <line num="1166" count="2" type="stmt"/>
      <line num="1177" count="2" type="stmt"/>
      <line num="1184" count="2" type="stmt"/>
      <line num="1191" count="8" type="stmt"/>
      <line num="1192" count="2" type="stmt"/>
      <line num="1193" count="2" type="stmt"/>
      <line num="1194" count="2" type="stmt"/>
      <line num="1196" count="1" type="stmt"/>
      <line num="1197" count="1" type="stmt"/>
      <line num="1199" count="1" type="stmt"/>
      <line num="1200" count="1" type="cond" truecount="2" falsecount="0"/>
      <line num="1201" count="1" type="stmt"/>
      <line num="1203" count="1" type="stmt"/>
      <line num="1214" count="1" type="stmt"/>
      <line num="1221" count="1" type="stmt"/>
      <line num="1228" count="8" type="stmt"/>
      <line num="1229" count="2" type="stmt"/>
      <line num="1230" count="2" type="stmt"/>
      <line num="1231" count="2" type="stmt"/>
      <line num="1233" count="1" type="stmt"/>
      <line num="1234" count="1" type="stmt"/>
      <line num="1236" count="1" type="stmt"/>
      <line num="1237" count="1" type="cond" truecount="2" falsecount="0"/>
      <line num="1238" count="1" type="stmt"/>
      <line num="1240" count="1" type="stmt"/>
      <line num="1251" count="1" type="stmt"/>
      <line num="1258" count="1" type="stmt"/>
      <line num="1265" count="8" type="stmt"/>
      <line num="1266" count="2" type="stmt"/>
      <line num="1267" count="2" type="stmt"/>
      <line num="1268" count="2" type="stmt"/>
      <line num="1270" count="1" type="stmt"/>
      <line num="1271" count="1" type="cond" truecount="1" falsecount="1"/>
      <line num="1273" count="1" type="stmt"/>
      <line num="1278" count="1" type="stmt"/>
      <line num="1284" count="1" type="stmt"/>
      <line num="1286" count="1" type="stmt"/>
      <line num="1287" count="1" type="stmt"/>
      <line num="1288" count="1" type="cond" truecount="0" falsecount="1"/>
      <line num="1289" count="0" type="stmt"/>
      <line num="1293" count="1" type="stmt"/>
      <line num="1295" count="1" type="stmt"/>
      <line num="1300" count="1" type="stmt"/>
      <line num="1301" count="1" type="cond" truecount="1" falsecount="0"/>
      <line num="1302" count="1" type="stmt"/>
      <line num="1307" count="1" type="stmt"/>
      <line num="1318" count="1" type="cond" truecount="1" falsecount="1"/>
      <line num="1321" count="1" type="stmt"/>
      <line num="1326" count="1" type="stmt"/>
      <line num="1334" count="1" type="stmt"/>
      <line num="1341" count="8" type="stmt"/>
      <line num="1342" count="2" type="stmt"/>
      <line num="1343" count="2" type="stmt"/>
      <line num="1344" count="2" type="stmt"/>
      <line num="1346" count="1" type="stmt"/>
      <line num="1348" count="1" type="stmt"/>
      <line num="1349" count="1" type="stmt"/>
      <line num="1350" count="1" type="cond" truecount="0" falsecount="1"/>
      <line num="1351" count="0" type="stmt"/>
      <line num="1354" count="1" type="stmt"/>
      <line num="1360" count="1" type="stmt"/>
      <line num="1367" count="1" type="stmt"/>
      <line num="1374" count="8" type="stmt"/>
      <line num="1375" count="2" type="stmt"/>
      <line num="1376" count="2" type="stmt"/>
      <line num="1377" count="2" type="stmt"/>
      <line num="1379" count="2" type="stmt"/>
      <line num="1381" count="2" type="stmt"/>
      <line num="1382" count="2" type="stmt"/>
      <line num="1383" count="2" type="cond" truecount="1" falsecount="0"/>
      <line num="1384" count="1" type="stmt"/>
      <line num="1387" count="1" type="stmt"/>
      <line num="1389" count="1" type="stmt"/>
      <line num="1396" count="1" type="stmt"/>
      <line num="1403" count="8" type="stmt"/>
      <line num="1404" count="1" type="stmt"/>
      <line num="1405" count="1" type="stmt"/>
      <line num="1406" count="1" type="stmt"/>
      <line num="1408" count="1" type="stmt"/>
      <line num="1409" count="1" type="stmt"/>
      <line num="1411" count="1" type="stmt"/>
      <line num="1412" count="1" type="stmt"/>
      <line num="1413" count="1" type="cond" truecount="0" falsecount="1"/>
      <line num="1414" count="0" type="stmt"/>
      <line num="1417" count="1" type="stmt"/>
      <line num="1425" count="1" type="stmt"/>
      <line num="1432" count="1" type="stmt"/>
      <line num="1444" count="8" type="stmt"/>
      <line num="1445" count="2" type="stmt"/>
      <line num="1446" count="2" type="stmt"/>
      <line num="1447" count="2" type="stmt"/>
      <line num="1449" count="1" type="stmt"/>
      <line num="1452" count="1" type="stmt"/>
      <line num="1454" count="1" type="stmt"/>
      <line num="1461" count="1" type="stmt"/>
      <line num="1468" count="8" type="stmt"/>
      <line num="1469" count="4" type="stmt"/>
      <line num="1470" count="4" type="stmt"/>
      <line num="1472" count="3" type="stmt"/>
      <line num="1473" count="3" type="cond" truecount="1" falsecount="0"/>
      <line num="1474" count="1" type="stmt"/>
      <line num="1477" count="2" type="cond" truecount="2" falsecount="0"/>
      <line num="1479" count="2" type="cond" truecount="2" falsecount="0"/>
      <line num="1481" count="2" type="cond" truecount="2" falsecount="0"/>
      <line num="1485" count="2" type="cond" truecount="2" falsecount="1"/>
      <line num="1488" count="2" type="cond" truecount="3" falsecount="1"/>
      <line num="1491" count="2" type="stmt"/>
      <line num="1492" count="2" type="stmt"/>
      <line num="1493" count="2" type="stmt"/>
      <line num="1494" count="2" type="stmt"/>
      <line num="1495" count="2" type="stmt"/>
      <line num="1496" count="2" type="stmt"/>
      <line num="1497" count="2" type="stmt"/>
      <line num="1498" count="2" type="stmt"/>
      <line num="1499" count="2" type="cond" truecount="0" falsecount="1"/>
      <line num="1500" count="0" type="stmt"/>
      <line num="1501" count="0" type="stmt"/>
      <line num="1502" count="0" type="stmt"/>
      <line num="1503" count="0" type="stmt"/>
      <line num="1504" count="0" type="stmt"/>
      <line num="1505" count="0" type="stmt"/>
      <line num="1506" count="0" type="stmt"/>
      <line num="1507" count="0" type="stmt"/>
      <line num="1508" count="0" type="stmt"/>
      <line num="1512" count="2" type="cond" truecount="0" falsecount="1"/>
      <line num="1513" count="0" type="stmt"/>
      <line num="1518" count="0" type="cond" truecount="0" falsecount="1"/>
      <line num="1519" count="0" type="stmt"/>
      <line num="1520" count="0" type="stmt"/>
      <line num="1536" count="0" type="stmt"/>
      <line num="1540" count="2" type="stmt"/>
      <line num="1541" count="2" type="stmt"/>
      <line num="1543" count="2" type="stmt"/>
      <line num="1561" count="2" type="stmt"/>
      <line num="1562" count="2" type="stmt"/>
      <line num="1563" count="2" type="stmt"/>
      <line num="1578" count="2" type="stmt"/>
      <line num="1581" count="2" type="stmt"/>
      <line num="1582" count="0" type="stmt"/>
      <line num="1585" count="2" type="stmt"/>
      <line num="1596" count="8" type="stmt"/>
      <line num="1597" count="2" type="stmt"/>
      <line num="1598" count="2" type="stmt"/>
      <line num="1600" count="2" type="stmt"/>
      <line num="1602" count="2" type="stmt"/>
      <line num="1603" count="2" type="stmt"/>
      <line num="1604" count="2" type="cond" truecount="0" falsecount="1"/>
      <line num="1605" count="0" type="stmt"/>
      <line num="1608" count="2" type="stmt"/>
      <line num="1609" count="2" type="cond" truecount="1" falsecount="0"/>
      <line num="1610" count="1" type="stmt"/>
      <line num="1613" count="1" type="stmt"/>
      <line num="1615" count="1" type="stmt"/>
      <line num="1625" count="1" type="stmt"/>
      <line num="1628" count="8" type="stmt"/>
      <line num="1629" count="1" type="stmt"/>
      <line num="1630" count="1" type="stmt"/>
      <line num="1631" count="1" type="stmt"/>
      <line num="1633" count="1" type="stmt"/>
      <line num="1635" count="1" type="stmt"/>
      <line num="1636" count="1" type="stmt"/>
      <line num="1637" count="1" type="cond" truecount="0" falsecount="1"/>
      <line num="1638" count="0" type="stmt"/>
      <line num="1641" count="1" type="stmt"/>
      <line num="1642" count="1" type="cond" truecount="0" falsecount="1"/>
      <line num="1643" count="0" type="stmt"/>
      <line num="1646" count="1" type="stmt"/>
      <line num="1647" count="1" type="stmt"/>
      <line num="1652" count="1" type="stmt"/>
      <line num="1656" count="1" type="stmt"/>
      <line num="1658" count="1" type="stmt"/>
      <line num="1666" count="1" type="stmt"/>
      <line num="1669" count="1" type="cond" truecount="1" falsecount="0"/>
      <line num="1670" count="1" type="cond" truecount="2" falsecount="0"/>
      <line num="1671" count="1" type="stmt"/>
      <line num="1676" count="1" type="stmt"/>
      <line num="1684" count="1" type="stmt"/>
      <line num="1687" count="8" type="stmt"/>
      <line num="1688" count="2" type="stmt"/>
      <line num="1689" count="2" type="stmt"/>
      <line num="1690" count="2" type="stmt"/>
      <line num="1692" count="2" type="stmt"/>
      <line num="1694" count="2" type="stmt"/>
      <line num="1695" count="2" type="stmt"/>
      <line num="1696" count="2" type="cond" truecount="0" falsecount="1"/>
      <line num="1697" count="0" type="stmt"/>
      <line num="1700" count="2" type="stmt"/>
      <line num="1702" count="2" type="cond" truecount="3" falsecount="0"/>
      <line num="1703" count="1" type="stmt"/>
      <line num="1709" count="1" type="stmt"/>
      <line num="1711" count="1" type="stmt"/>
      <line num="1718" count="1" type="stmt"/>
      <line num="1721" count="8" type="stmt"/>
      <line num="1722" count="2" type="stmt"/>
      <line num="1723" count="2" type="stmt"/>
      <line num="1724" count="2" type="stmt"/>
      <line num="1726" count="2" type="stmt"/>
      <line num="1727" count="2" type="cond" truecount="2" falsecount="0"/>
      <line num="1728" count="2" type="cond" truecount="1" falsecount="0"/>
      <line num="1729" count="1" type="stmt"/>
      <line num="1732" count="1" type="stmt"/>
      <line num="1733" count="1" type="stmt"/>
      <line num="1734" count="1" type="cond" truecount="0" falsecount="1"/>
      <line num="1735" count="0" type="stmt"/>
      <line num="1738" count="1" type="stmt"/>
      <line num="1739" count="1" type="cond" truecount="0" falsecount="1"/>
      <line num="1740" count="0" type="stmt"/>
      <line num="1743" count="1" type="stmt"/>
      <line num="1744" count="1" type="stmt"/>
      <line num="1750" count="1" type="stmt"/>
      <line num="1754" count="1" type="stmt"/>
      <line num="1756" count="1" type="stmt"/>
      <line num="1766" count="1" type="stmt"/>
      <line num="1769" count="1" type="cond" truecount="1" falsecount="0"/>
      <line num="1770" count="1" type="cond" truecount="2" falsecount="0"/>
      <line num="1771" count="1" type="stmt"/>
      <line num="1776" count="1" type="stmt"/>
      <line num="1784" count="1" type="stmt"/>
      <line num="1791" count="8" type="stmt"/>
      <line num="1792" count="4" type="stmt"/>
      <line num="1793" count="4" type="stmt"/>
      <line num="1794" count="4" type="stmt"/>
      <line num="1796" count="3" type="stmt"/>
      <line num="1797" count="3" type="stmt"/>
      <line num="1799" count="2" type="stmt"/>
      <line num="1801" count="2" type="stmt"/>
      <line num="1812" count="2" type="stmt"/>
      <line num="1814" count="2" type="stmt"/>
      <line num="1822" count="2" type="stmt"/>
      <line num="1825" count="8" type="stmt"/>
      <line num="1826" count="1" type="stmt"/>
      <line num="1827" count="1" type="stmt"/>
      <line num="1828" count="1" type="stmt"/>
      <line num="1830" count="1" type="stmt"/>
      <line num="1832" count="1" type="stmt"/>
      <line num="1834" count="1" type="stmt"/>
      <line num="1841" count="1" type="stmt"/>
      <line num="1845" count="1" type="stmt"/>
      <line num="1852" count="1" type="stmt"/>
      <line num="1855" count="8" type="stmt"/>
      <line num="1856" count="1" type="stmt"/>
      <line num="1857" count="1" type="stmt"/>
      <line num="1858" count="1" type="stmt"/>
      <line num="1860" count="1" type="stmt"/>
      <line num="1861" count="1" type="stmt"/>
      <line num="1863" count="1" type="stmt"/>
      <line num="1874" count="1" type="stmt"/>
      <line num="1876" count="1" type="stmt"/>
      <line num="1884" count="1" type="stmt"/>
      <line num="1887" count="8" type="stmt"/>
      <line num="1888" count="2" type="stmt"/>
      <line num="1889" count="2" type="stmt"/>
      <line num="1890" count="2" type="stmt"/>
      <line num="1892" count="2" type="stmt"/>
      <line num="1893" count="2" type="stmt"/>
      <line num="1894" count="2" type="stmt"/>
      <line num="1896" count="2" type="stmt"/>
      <line num="1897" count="2" type="cond" truecount="1" falsecount="0"/>
      <line num="1898" count="2" type="stmt"/>
      <line num="1899" count="2" type="cond" truecount="0" falsecount="1"/>
      <line num="1900" count="0" type="stmt"/>
      <line num="1902" count="2" type="cond" truecount="1" falsecount="0"/>
      <line num="1903" count="1" type="stmt"/>
      <line num="1905" count="1" type="stmt"/>
      <line num="1908" count="1" type="stmt"/>
      <line num="1919" count="1" type="stmt"/>
      <line num="1921" count="1" type="stmt"/>
      <line num="1929" count="1" type="stmt"/>
      <line num="1936" count="8" type="stmt"/>
      <line num="1937" count="1" type="stmt"/>
      <line num="1938" count="1" type="stmt"/>
      <line num="1939" count="1" type="stmt"/>
      <line num="1941" count="1" type="stmt"/>
      <line num="1942" count="1" type="stmt"/>
      <line num="1943" count="1" type="stmt"/>
      <line num="1944" count="1" type="cond" truecount="0" falsecount="1"/>
      <line num="1945" count="0" type="stmt"/>
      <line num="1948" count="1" type="stmt"/>
      <line num="1950" count="1" type="stmt"/>
      <line num="1957" count="1" type="stmt"/>
      <line num="1960" count="8" type="stmt"/>
      <line num="1961" count="1" type="stmt"/>
      <line num="1962" count="1" type="stmt"/>
      <line num="1963" count="1" type="stmt"/>
      <line num="1965" count="1" type="stmt"/>
      <line num="1966" count="1" type="stmt"/>
      <line num="1967" count="1" type="stmt"/>
      <line num="1968" count="1" type="cond" truecount="0" falsecount="1"/>
      <line num="1969" count="0" type="stmt"/>
      <line num="1972" count="1" type="stmt"/>
      <line num="1974" count="1" type="stmt"/>
      <line num="1981" count="1" type="stmt"/>
      <line num="1984" count="8" type="stmt"/>
      <line num="1985" count="2" type="stmt"/>
      <line num="1986" count="2" type="stmt"/>
      <line num="1987" count="2" type="stmt"/>
      <line num="1989" count="1" type="stmt"/>
      <line num="1990" count="1" type="stmt"/>
      <line num="1991" count="1" type="stmt"/>
      <line num="1992" count="1" type="cond" truecount="0" falsecount="1"/>
      <line num="1993" count="0" type="stmt"/>
      <line num="1996" count="1" type="stmt"/>
      <line num="1998" count="1" type="stmt"/>
      <line num="2005" count="1" type="stmt"/>
      <line num="2012" count="8" type="stmt"/>
      <line num="2013" count="3" type="stmt"/>
      <line num="2014" count="3" type="stmt"/>
      <line num="2015" count="3" type="stmt"/>
      <line num="2017" count="3" type="stmt"/>
      <line num="2018" count="3" type="stmt"/>
      <line num="2019" count="3" type="cond" truecount="3" falsecount="0"/>
      <line num="2020" count="1" type="stmt"/>
      <line num="2022" count="2" type="cond" truecount="1" falsecount="1"/>
      <line num="2024" count="2" type="stmt"/>
      <line num="2025" count="2" type="stmt"/>
      <line num="2026" count="2" type="cond" truecount="0" falsecount="1"/>
      <line num="2027" count="0" type="stmt"/>
      <line num="2030" count="2" type="stmt"/>
      <line num="2031" count="2" type="cond" truecount="1" falsecount="0"/>
      <line num="2032" count="1" type="cond" truecount="1" falsecount="1"/>
      <line num="2035" count="1" type="stmt"/>
      <line num="2042" count="1" type="stmt"/>
      <line num="2050" count="1" type="stmt"/>
      <line num="2067" count="2" type="cond" truecount="2" falsecount="1"/>
      <line num="2073" count="0" type="stmt"/>
      <line num="2076" count="0" type="stmt"/>
      <line num="2084" count="0" type="stmt"/>
      <line num="2085" count="0" type="stmt"/>
      <line num="2087" count="0" type="cond" truecount="0" falsecount="2"/>
      <line num="2090" count="0" type="cond" truecount="0" falsecount="1"/>
      <line num="2092" count="0" type="stmt"/>
      <line num="2095" count="0" type="cond" truecount="0" falsecount="1"/>
      <line num="2103" count="0" type="stmt"/>
      <line num="2109" count="0" type="stmt"/>
      <line num="2110" count="0" type="stmt"/>
      <line num="2112" count="0" type="cond" truecount="0" falsecount="3"/>
      <line num="2113" count="0" type="stmt"/>
      <line num="2122" count="0" type="stmt"/>
      <line num="2124" count="0" type="stmt"/>
      <line num="2125" count="0" type="stmt"/>
      <line num="2127" count="0" type="cond" truecount="0" falsecount="1"/>
      <line num="2128" count="0" type="stmt"/>
      <line num="2136" count="0" type="stmt"/>
      <line num="2137" count="0" type="stmt"/>
      <line num="2155" count="0" type="cond" truecount="0" falsecount="1"/>
      <line num="2156" count="0" type="stmt"/>
      <line num="2164" count="2" type="stmt"/>
      <line num="2165" count="2" type="stmt"/>
      <line num="2166" count="2" type="stmt"/>
      <line num="2168" count="2" type="stmt"/>
      <line num="2173" count="2" type="stmt"/>
      <line num="2180" count="8" type="stmt"/>
      <line num="2181" count="5" type="stmt"/>
      <line num="2182" count="5" type="stmt"/>
      <line num="2183" count="4" type="stmt"/>
      <line num="2185" count="3" type="stmt"/>
      <line num="2186" count="3" type="cond" truecount="2" falsecount="0"/>
      <line num="2188" count="3" type="stmt"/>
      <line num="2189" count="3" type="stmt"/>
      <line num="2190" count="3" type="cond" truecount="1" falsecount="0"/>
      <line num="2191" count="1" type="stmt"/>
      <line num="2194" count="2" type="stmt"/>
      <line num="2195" count="2" type="cond" truecount="1" falsecount="0"/>
      <line num="2196" count="1" type="cond" truecount="1" falsecount="1"/>
      <line num="2199" count="1" type="stmt"/>
      <line num="2206" count="1" type="stmt"/>
      <line num="2214" count="1" type="stmt"/>
      <line num="2221" count="8" type="stmt"/>
      <line num="2222" count="4" type="stmt"/>
      <line num="2223" count="4" type="stmt"/>
      <line num="2224" count="4" type="stmt"/>
      <line num="2226" count="3" type="stmt"/>
      <line num="2227" count="3" type="cond" truecount="2" falsecount="0"/>
      <line num="2229" count="3" type="stmt"/>
      <line num="2235" count="3" type="cond" truecount="1" falsecount="0"/>
      <line num="2236" count="1" type="stmt"/>
      <line num="2239" count="2" type="stmt"/>
      <line num="2249" count="2" type="stmt"/>
      <line num="2257" count="2" type="stmt"/>
      <line num="2260" count="8" type="stmt"/>
      <line num="2261" count="1" type="stmt"/>
      <line num="2262" count="1" type="stmt"/>
      <line num="2263" count="1" type="stmt"/>
      <line num="2265" count="1" type="stmt"/>
      <line num="2267" count="1" type="stmt"/>
      <line num="2268" count="1" type="stmt"/>
      <line num="2269" count="1" type="cond" truecount="0" falsecount="1"/>
      <line num="2270" count="0" type="stmt"/>
      <line num="2273" count="1" type="stmt"/>
      <line num="2279" count="1" type="cond" truecount="1" falsecount="1"/>
      <line num="2281" count="1" type="stmt"/>
      <line num="2288" count="1" type="stmt"/>
      <line num="2295" count="8" type="stmt"/>
      <line num="2298" count="2" type="stmt"/>
      <line num="2299" count="2" type="stmt"/>
      <line num="2300" count="2" type="stmt"/>
      <line num="2302" count="2" type="stmt"/>
      <line num="2308" count="2" type="cond" truecount="1" falsecount="0"/>
      <line num="2309" count="1" type="stmt"/>
      <line num="2310" count="1" type="stmt"/>
      <line num="2313" count="1" type="stmt"/>
      <line num="2314" count="1" type="stmt"/>
      <line num="2315" count="1" type="stmt"/>
      <line num="2317" count="1" type="stmt"/>
      <line num="2319" count="1" type="stmt"/>
      <line num="2327" count="8" type="stmt"/>
      <line num="2330" count="2" type="stmt"/>
      <line num="2331" count="2" type="stmt"/>
      <line num="2332" count="2" type="stmt"/>
      <line num="2334" count="2" type="stmt"/>
      <line num="2340" count="2" type="cond" truecount="1" falsecount="0"/>
      <line num="2341" count="1" type="stmt"/>
      <line num="2342" count="1" type="stmt"/>
      <line num="2345" count="1" type="stmt"/>
      <line num="2346" count="1" type="stmt"/>
      <line num="2347" count="1" type="stmt"/>
      <line num="2349" count="1" type="stmt"/>
      <line num="2351" count="1" type="stmt"/>
      <line num="2368" count="8" type="stmt"/>
      <line num="2376" count="22" type="stmt"/>
      <line num="2377" count="22" type="stmt"/>
      <line num="2378" count="22" type="stmt"/>
      <line num="2379" count="22" type="cond" truecount="1" falsecount="0"/>
      <line num="2380" count="17" type="stmt"/>
      <line num="2384" count="17" type="stmt"/>
      <line num="2388" count="8" type="stmt"/>
      <line num="2389" count="5" type="stmt"/>
      <line num="2394" count="8" type="stmt"/>
      <line num="2395" count="3" type="stmt"/>
      <line num="2400" count="8" type="stmt"/>
      <line num="2401" count="2" type="stmt"/>
      <line num="2409" count="2" type="stmt"/>
      <line num="2410" count="2" type="stmt"/>
      <line num="2411" count="2" type="cond" truecount="1" falsecount="0"/>
      <line num="2412" count="2" type="stmt"/>
      <line num="2413" count="2" type="stmt"/>
      <line num="2414" count="2" type="cond" truecount="1" falsecount="0"/>
      <line num="2415" count="1" type="stmt"/>
      <line num="2428" count="8" type="stmt"/>
      <line num="2429" count="3" type="stmt"/>
      <line num="2439" count="3" type="stmt"/>
      <line num="2440" count="3" type="stmt"/>
      <line num="2441" count="3" type="cond" truecount="1" falsecount="0"/>
      <line num="2442" count="3" type="stmt"/>
      <line num="2443" count="3" type="stmt"/>
      <line num="2444" count="3" type="stmt"/>
      <line num="2445" count="3" type="stmt"/>
      <line num="2450" count="3" type="stmt"/>
      <line num="2460" count="8" type="stmt"/>
      <line num="2461" count="2" type="stmt"/>
      <line num="2466" count="2" type="stmt"/>
      <line num="2467" count="2" type="cond" truecount="0" falsecount="1"/>
      <line num="2473" count="2" type="cond" truecount="2" falsecount="0"/>
      <line num="2474" count="2" type="stmt"/>
      <line num="2475" count="2" type="stmt"/>
      <line num="2476" count="2" type="stmt"/>
      <line num="2484" count="2" type="stmt"/>
      <line num="2493" count="8" type="stmt"/>
      <line num="2494" count="5" type="stmt"/>
      <line num="2495" count="5" type="stmt"/>
      <line num="2496" count="5" type="cond" truecount="4" falsecount="0"/>
      <line num="2498" count="4" type="cond" truecount="3" falsecount="0"/>
      <line num="2499" count="3" type="stmt"/>
      <line num="2505" count="8" type="stmt"/>
      <line num="2506" count="3" type="stmt"/>
      <line num="2512" count="8" type="stmt"/>
      <line num="2513" count="5" type="stmt"/>
      <line num="2514" count="5" type="stmt"/>
      <line num="2515" count="5" type="cond" truecount="4" falsecount="0"/>
      <line num="2517" count="4" type="cond" truecount="3" falsecount="0"/>
      <line num="2518" count="3" type="stmt"/>
      <line num="2528" count="8" type="stmt"/>
      <line num="2531" count="0" type="stmt"/>
      <line num="2532" count="0" type="stmt"/>
      <line num="2533" count="0" type="cond" truecount="0" falsecount="1"/>
      <line num="2535" count="0" type="cond" truecount="0" falsecount="2"/>
      <line num="2537" count="0" type="stmt"/>
      <line num="2543" count="0" type="stmt"/>
      <line num="2549" count="0" type="stmt"/>
      <line num="2550" count="0" type="stmt"/>
      <line num="2551" count="0" type="stmt"/>
      <line num="2554" count="0" type="stmt"/>
      <line num="2556" count="0" type="cond" truecount="0" falsecount="1"/>
      <line num="2557" count="0" type="stmt"/>
      <line num="2563" count="0" type="stmt"/>
      <line num="2572" count="0" type="stmt"/>
      <line num="2580" count="8" type="stmt"/>
      <line num="2582" count="8" type="stmt"/>
      <line num="2583" count="2" type="stmt"/>
      <line num="2589" count="8" type="stmt"/>
      <line num="2590" count="1" type="stmt"/>
      <line num="2596" count="8" type="stmt"/>
      <line num="2597" count="2" type="stmt"/>
      <line num="2603" count="8" type="stmt"/>
      <line num="2604" count="1" type="stmt"/>
      <line num="2610" count="8" type="stmt"/>
      <line num="2611" count="4" type="stmt"/>
      <line num="2612" count="4" type="stmt"/>
      <line num="2613" count="3" type="stmt"/>
      <line num="2615" count="2" type="stmt"/>
      <line num="2616" count="2" type="cond" truecount="1" falsecount="0"/>
      <line num="2617" count="1" type="stmt"/>
      <line num="2620" count="1" type="stmt"/>
      <line num="2626" count="1" type="stmt"/>
    </file>
  </project>
</coverage>
