<?xml version="1.0" encoding="UTF-8"?>
<coverage generated="1782896856785" clover="3.2.0">
  <project timestamp="1782896856785" name="All files">
    <metrics statements="47" coveredstatements="44" conditionals="20" coveredconditionals="18" methods="5" coveredmethods="5" elements="72" coveredelements="67" complexity="0" loc="47" ncloc="47" packages="1" files="1" classes="1"/>
    <file name="public_profiles.ts" path="/Users/amathba/WORKSPACE/outalma/app/functions/src/public_profiles.ts">
      <metrics statements="47" coveredstatements="44" conditionals="20" coveredconditionals="18" methods="5" coveredmethods="5"/>
      <line num="19" count="9" type="stmt"/>
      <line num="20" count="9" type="stmt"/>
      <line num="21" count="9" type="stmt"/>
      <line num="22" count="9" type="stmt"/>
      <line num="23" count="9" type="stmt"/>
      <line num="25" count="12" type="stmt"/>
      <line num="37" count="9" type="stmt"/>
      <line num="40" count="23" type="cond" truecount="1" falsecount="0"/>
      <line num="42" count="17" type="cond" truecount="2" falsecount="0"/>
      <line num="43" count="17" type="stmt"/>
      <line num="44" count="17" type="cond" truecount="3" falsecount="0"/>
      <line num="45" count="5" type="stmt"/>
      <line num="47" count="17" type="stmt"/>
      <line num="52" count="9" type="stmt"/>
      <line num="56" count="12" type="cond" truecount="3" falsecount="0"/>
      <line num="57" count="6" type="stmt"/>
      <line num="67" count="9" type="stmt"/>
      <line num="70" count="8" type="stmt"/>
      <line num="71" count="8" type="stmt"/>
      <line num="73" count="8" type="stmt"/>
      <line num="76" count="8" type="cond" truecount="1" falsecount="0"/>
      <line num="77" count="1" type="stmt"/>
      <line num="78" count="1" type="stmt"/>
      <line num="81" count="7" type="stmt"/>
      <line num="82" count="7" type="cond" truecount="1" falsecount="0"/>
      <line num="86" count="6" type="stmt"/>
      <line num="87" count="6" type="stmt"/>
      <line num="95" count="9" type="stmt"/>
      <line num="96" count="3" type="stmt"/>
      <line num="97" count="2" type="stmt"/>
      <line num="99" count="1" type="stmt"/>
      <line num="100" count="1" type="stmt"/>
      <line num="101" count="1" type="stmt"/>
      <line num="102" count="1" type="stmt"/>
      <line num="104" count="1" type="stmt"/>
      <line num="105" count="2" type="stmt"/>
      <line num="106" count="2" type="cond" truecount="0" falsecount="1"/>
      <line num="107" count="2" type="stmt"/>
      <line num="108" count="2" type="stmt"/>
      <line num="109" count="2" type="stmt"/>
      <line num="111" count="2" type="cond" truecount="0" falsecount="1"/>
      <line num="112" count="0" type="stmt"/>
      <line num="113" count="0" type="stmt"/>
      <line num="114" count="0" type="stmt"/>
      <line num="117" count="1" type="cond" truecount="1" falsecount="0"/>
      <line num="119" count="1" type="stmt"/>
      <line num="120" count="1" type="stmt"/>
    </file>
  </project>
</coverage>
