{"/Users/amathba/WORKSPACE/outalma/.worktrees/app-pricing/functions/src/auth_phone.ts": {"path":"/Users/amathba/WORKSPACE/outalma/.worktrees/app-pricing/functions/src/auth_phone.ts","statementMap":{"0":{"start":{"line":23,"column":0},"end":{"line":23,"column":40}},"1":{"start":{"line":24,"column":0},"end":{"line":24,"column":65}},"2":{"start":{"line":25,"column":0},"end":{"line":25,"column":57}},"3":{"start":{"line":26,"column":0},"end":{"line":26,"column":52}},"4":{"start":{"line":28,"column":27},"end":{"line":28,"column":61}},"5":{"start":{"line":29,"column":26},"end":{"line":29,"column":59}},"6":{"start":{"line":30,"column":34},"end":{"line":30,"column":75}},"7":{"start":{"line":32,"column":11},"end":{"line":32,"column":34}},"8":{"start":{"line":32,"column":17},"end":{"line":32,"column":34}},"9":{"start":{"line":38,"column":19},"end":{"line":38,"column":38}},"10":{"start":{"line":41,"column":2},"end":{"line":43,"column":3}},"11":{"start":{"line":42,"column":4},"end":{"line":42,"column":71}},"12":{"start":{"line":44,"column":18},"end":{"line":44,"column":30}},"13":{"start":{"line":45,"column":2},"end":{"line":47,"column":3}},"14":{"start":{"line":46,"column":4},"end":{"line":46,"column":78}},"15":{"start":{"line":48,"column":2},"end":{"line":48,"column":17}},"16":{"start":{"line":52,"column":2},"end":{"line":54,"column":3}},"17":{"start":{"line":53,"column":4},"end":{"line":53,"column":70}},"18":{"start":{"line":55,"column":18},"end":{"line":55,"column":30}},"19":{"start":{"line":58,"column":2},"end":{"line":60,"column":3}},"20":{"start":{"line":59,"column":4},"end":{"line":59,"column":70}},"21":{"start":{"line":61,"column":2},"end":{"line":61,"column":17}},"22":{"start":{"line":66,"column":22},"end":{"line":66,"column":40}},"23":{"start":{"line":69,"column":2},"end":{"line":71,"column":3}},"24":{"start":{"line":70,"column":4},"end":{"line":70,"column":77}},"25":{"start":{"line":72,"column":18},"end":{"line":72,"column":74}},"26":{"start":{"line":73,"column":2},"end":{"line":75,"column":3}},"27":{"start":{"line":74,"column":4},"end":{"line":74,"column":90}},"28":{"start":{"line":76,"column":2},"end":{"line":78,"column":3}},"29":{"start":{"line":77,"column":4},"end":{"line":77,"column":69}},"30":{"start":{"line":79,"column":2},"end":{"line":81,"column":3}},"31":{"start":{"line":80,"column":4},"end":{"line":80,"column":82}},"32":{"start":{"line":82,"column":2},"end":{"line":82,"column":17}},"33":{"start":{"line":86,"column":2},"end":{"line":88,"column":3}},"34":{"start":{"line":87,"column":4},"end":{"line":87,"column":73}},"35":{"start":{"line":89,"column":12},"end":{"line":89,"column":38}},"36":{"start":{"line":91,"column":2},"end":{"line":93,"column":3}},"37":{"start":{"line":92,"column":4},"end":{"line":92,"column":73}},"38":{"start":{"line":94,"column":2},"end":{"line":94,"column":11}},"39":{"start":{"line":102,"column":2},"end":{"line":102,"column":70}},"40":{"start":{"line":110,"column":14},"end":{"line":117,"column":4}},"41":{"start":{"line":118,"column":22},"end":{"line":118,"column":26}},"42":{"start":{"line":119,"column":2},"end":{"line":123,"column":3}},"43":{"start":{"line":120,"column":4},"end":{"line":120,"column":28}},"44":{"start":{"line":124,"column":2},"end":{"line":124,"column":38}},"45":{"start":{"line":131,"column":14},"end":{"line":131,"column":104}},"46":{"start":{"line":132,"column":15},"end":{"line":134,"column":null}},"47":{"start":{"line":136,"column":27},"end":{"line":139,"column":4}},"48":{"start":{"line":140,"column":2},"end":{"line":143,"column":3}},"49":{"start":{"line":141,"column":4},"end":{"line":141,"column":66}},"50":{"start":{"line":142,"column":4},"end":{"line":142,"column":62}},"51":{"start":{"line":150,"column":14},"end":{"line":150,"column":108}},"52":{"start":{"line":151,"column":15},"end":{"line":153,"column":null}},"53":{"start":{"line":155,"column":27},"end":{"line":158,"column":4}},"54":{"start":{"line":159,"column":2},"end":{"line":162,"column":3}},"55":{"start":{"line":160,"column":4},"end":{"line":160,"column":70}},"56":{"start":{"line":161,"column":4},"end":{"line":161,"column":67}},"57":{"start":{"line":163,"column":12},"end":{"line":163,"column":56}},"58":{"start":{"line":164,"column":2},"end":{"line":169,"column":3}},"59":{"start":{"line":165,"column":4},"end":{"line":168,"column":6}},"60":{"start":{"line":184,"column":2},"end":{"line":191,"column":3}},"61":{"start":{"line":185,"column":17},"end":{"line":185,"column":63}},"62":{"start":{"line":186,"column":4},"end":{"line":186,"column":20}},"63":{"start":{"line":188,"column":16},"end":{"line":188,"column":34}},"64":{"start":{"line":189,"column":4},"end":{"line":189,"column":56}},"65":{"start":{"line":189,"column":44},"end":{"line":189,"column":56}},"66":{"start":{"line":190,"column":4},"end":{"line":190,"column":12}},"67":{"start":{"line":198,"column":13},"end":{"line":212,"column":2}},"68":{"start":{"line":204,"column":18},"end":{"line":204,"column":50}},"69":{"start":{"line":205,"column":23},"end":{"line":205,"column":44}},"70":{"start":{"line":207,"column":6},"end":{"line":207,"column":44}},"71":{"start":{"line":209,"column":4},"end":{"line":209,"column":50}},"72":{"start":{"line":210,"column":4},"end":{"line":210,"column":57}},"73":{"start":{"line":218,"column":13},"end":{"line":245,"column":2}},"74":{"start":{"line":224,"column":18},"end":{"line":224,"column":50}},"75":{"start":{"line":225,"column":17},"end":{"line":225,"column":47}},"76":{"start":{"line":227,"column":4},"end":{"line":227,"column":47}},"77":{"start":{"line":231,"column":16},"end":{"line":231,"column":47}},"78":{"start":{"line":232,"column":4},"end":{"line":237,"column":5}},"79":{"start":{"line":235,"column":6},"end":{"line":235,"column":50}},"80":{"start":{"line":235,"column":31},"end":{"line":235,"column":48}},"81":{"start":{"line":236,"column":6},"end":{"line":236,"column":49}},"82":{"start":{"line":239,"column":24},"end":{"line":241,"column":6}},"83":{"start":{"line":243,"column":4},"end":{"line":243,"column":48}},"84":{"start":{"line":251,"column":13},"end":{"line":317,"column":2}},"85":{"start":{"line":257,"column":18},"end":{"line":257,"column":50}},"86":{"start":{"line":258,"column":17},"end":{"line":258,"column":47}},"87":{"start":{"line":259,"column":24},"end":{"line":259,"column":68}},"88":{"start":{"line":260,"column":20},"end":{"line":260,"column":56}},"89":{"start":{"line":262,"column":4},"end":{"line":262,"column":47}},"90":{"start":{"line":265,"column":4},"end":{"line":270,"column":5}},"91":{"start":{"line":266,"column":6},"end":{"line":269,"column":8}},"92":{"start":{"line":272,"column":17},"end":{"line":272,"column":29}},"93":{"start":{"line":280,"column":4},"end":{"line":295,"column":5}},"94":{"start":{"line":281,"column":6},"end":{"line":285,"column":9}},"95":{"start":{"line":287,"column":18},"end":{"line":287,"column":36}},"96":{"start":{"line":288,"column":6},"end":{"line":293,"column":7}},"97":{"start":{"line":289,"column":8},"end":{"line":292,"column":10}},"98":{"start":{"line":294,"column":6},"end":{"line":294,"column":14}},"99":{"start":{"line":297,"column":16},"end":{"line":297,"column":27}},"100":{"start":{"line":299,"column":4},"end":{"line":309,"column":7}},"101":{"start":{"line":311,"column":24},"end":{"line":313,"column":6}},"102":{"start":{"line":315,"column":4},"end":{"line":315,"column":32}}},"fnMap":{"0":{"name":"(anonymous_9)","decl":{"start":{"line":32,"column":11},"end":{"line":32,"column":14}},"loc":{"start":{"line":32,"column":17},"end":{"line":32,"column":34}}},"1":{"name":"assertPhone","decl":{"start":{"line":40,"column":9},"end":{"line":40,"column":20}},"loc":{"start":{"line":40,"column":35},"end":{"line":49,"column":1}}},"2":{"name":"assertCode","decl":{"start":{"line":51,"column":9},"end":{"line":51,"column":19}},"loc":{"start":{"line":51,"column":34},"end":{"line":62,"column":1}}},"3":{"name":"assertDisplayName","decl":{"start":{"line":68,"column":9},"end":{"line":68,"column":26}},"loc":{"start":{"line":68,"column":60},"end":{"line":83,"column":1}}},"4":{"name":"assertCountry","decl":{"start":{"line":85,"column":9},"end":{"line":85,"column":22}},"loc":{"start":{"line":85,"column":37},"end":{"line":95,"column":1}}},"5":{"name":"basicAuthHeader","decl":{"start":{"line":101,"column":9},"end":{"line":101,"column":24}},"loc":{"start":{"line":101,"column":51},"end":{"line":103,"column":1}}},"6":{"name":"postForm","decl":{"start":{"line":105,"column":15},"end":{"line":105,"column":23}},"loc":{"start":{"line":108,"column":30},"end":{"line":125,"column":1}}},"7":{"name":"twilioStartVerification","decl":{"start":{"line":127,"column":15},"end":{"line":127,"column":38}},"loc":{"start":{"line":129,"column":25},"end":{"line":144,"column":1}}},"8":{"name":"twilioCheckVerification","decl":{"start":{"line":146,"column":15},"end":{"line":146,"column":38}},"loc":{"start":{"line":148,"column":14},"end":{"line":170,"column":1}}},"9":{"name":"findUserUidByPhone","decl":{"start":{"line":183,"column":15},"end":{"line":183,"column":33}},"loc":{"start":{"line":183,"column":47},"end":{"line":192,"column":1}}},"10":{"name":"(anonymous_19)","decl":{"start":{"line":203,"column":2},"end":{"line":203,"column":7}},"loc":{"start":{"line":203,"column":20},"end":{"line":211,"column":3}}},"11":{"name":"(anonymous_20)","decl":{"start":{"line":223,"column":2},"end":{"line":223,"column":7}},"loc":{"start":{"line":223,"column":20},"end":{"line":244,"column":3}}},"12":{"name":"(anonymous_21)","decl":{"start":{"line":235,"column":24},"end":{"line":235,"column":25}},"loc":{"start":{"line":235,"column":31},"end":{"line":235,"column":48}}},"13":{"name":"(anonymous_22)","decl":{"start":{"line":256,"column":2},"end":{"line":256,"column":7}},"loc":{"start":{"line":256,"column":20},"end":{"line":316,"column":3}}}},"branchMap":{"0":{"loc":{"start":{"line":41,"column":2},"end":{"line":43,"column":3}},"type":"if","locations":[{"start":{"line":41,"column":2},"end":{"line":43,"column":3}}]},"1":{"loc":{"start":{"line":45,"column":2},"end":{"line":47,"column":3}},"type":"if","locations":[{"start":{"line":45,"column":2},"end":{"line":47,"column":3}}]},"2":{"loc":{"start":{"line":52,"column":2},"end":{"line":54,"column":3}},"type":"if","locations":[{"start":{"line":52,"column":2},"end":{"line":54,"column":3}}]},"3":{"loc":{"start":{"line":58,"column":2},"end":{"line":60,"column":3}},"type":"if","locations":[{"start":{"line":58,"column":2},"end":{"line":60,"column":3}}]},"4":{"loc":{"start":{"line":68,"column":43},"end":{"line":68,"column":51}},"type":"default-arg","locations":[{"start":{"line":68,"column":49},"end":{"line":68,"column":51}}]},"5":{"loc":{"start":{"line":68,"column":53},"end":{"line":68,"column":60}},"type":"default-arg","locations":[{"start":{"line":68,"column":59},"end":{"line":68,"column":60}}]},"6":{"loc":{"start":{"line":69,"column":2},"end":{"line":71,"column":3}},"type":"if","locations":[{"start":{"line":69,"column":2},"end":{"line":71,"column":3}}]},"7":{"loc":{"start":{"line":73,"column":2},"end":{"line":75,"column":3}},"type":"if","locations":[{"start":{"line":73,"column":2},"end":{"line":75,"column":3}}]},"8":{"loc":{"start":{"line":76,"column":2},"end":{"line":78,"column":3}},"type":"if","locations":[{"start":{"line":76,"column":2},"end":{"line":78,"column":3}}]},"9":{"loc":{"start":{"line":79,"column":2},"end":{"line":81,"column":3}},"type":"if","locations":[{"start":{"line":79,"column":2},"end":{"line":81,"column":3}}]},"10":{"loc":{"start":{"line":86,"column":2},"end":{"line":88,"column":3}},"type":"if","locations":[{"start":{"line":86,"column":2},"end":{"line":88,"column":3}}]},"11":{"loc":{"start":{"line":91,"column":2},"end":{"line":93,"column":3}},"type":"if","locations":[{"start":{"line":91,"column":2},"end":{"line":93,"column":3}}]},"12":{"loc":{"start":{"line":91,"column":6},"end":{"line":91,"column":30}},"type":"binary-expr","locations":[{"start":{"line":91,"column":6},"end":{"line":91,"column":16}},{"start":{"line":91,"column":20},"end":{"line":91,"column":30}}]},"13":{"loc":{"start":{"line":140,"column":2},"end":{"line":143,"column":3}},"type":"if","locations":[{"start":{"line":140,"column":2},"end":{"line":143,"column":3}}]},"14":{"loc":{"start":{"line":159,"column":2},"end":{"line":162,"column":3}},"type":"if","locations":[{"start":{"line":159,"column":2},"end":{"line":162,"column":3}}]},"15":{"loc":{"start":{"line":164,"column":2},"end":{"line":169,"column":3}},"type":"if","locations":[{"start":{"line":164,"column":2},"end":{"line":169,"column":3}}]},"16":{"loc":{"start":{"line":164,"column":6},"end":{"line":164,"column":49}},"type":"binary-expr","locations":[{"start":{"line":164,"column":6},"end":{"line":164,"column":29}},{"start":{"line":164,"column":33},"end":{"line":164,"column":49}}]},"17":{"loc":{"start":{"line":189,"column":4},"end":{"line":189,"column":56}},"type":"if","locations":[{"start":{"line":189,"column":4},"end":{"line":189,"column":56}}]},"18":{"loc":{"start":{"line":207,"column":6},"end":{"line":207,"column":44}},"type":"cond-expr","locations":[{"start":{"line":207,"column":30},"end":{"line":207,"column":36}},{"start":{"line":207,"column":39},"end":{"line":207,"column":44}}]},"19":{"loc":{"start":{"line":232,"column":4},"end":{"line":237,"column":5}},"type":"if","locations":[{"start":{"line":232,"column":4},"end":{"line":237,"column":5}}]},"20":{"loc":{"start":{"line":265,"column":4},"end":{"line":270,"column":5}},"type":"if","locations":[{"start":{"line":265,"column":4},"end":{"line":270,"column":5}}]},"21":{"loc":{"start":{"line":288,"column":6},"end":{"line":293,"column":7}},"type":"if","locations":[{"start":{"line":288,"column":6},"end":{"line":293,"column":7}}]}},"s":{"0":8,"1":8,"2":8,"3":8,"4":8,"5":8,"6":8,"7":8,"8":0,"9":8,"10":0,"11":0,"12":0,"13":0,"14":0,"15":0,"16":0,"17":0,"18":0,"19":0,"20":0,"21":0,"22":8,"23":0,"24":0,"25":0,"26":0,"27":0,"28":0,"29":0,"30":0,"31":0,"32":0,"33":0,"34":0,"35":0,"36":0,"37":0,"38":0,"39":0,"40":0,"41":0,"42":0,"43":0,"44":0,"45":0,"46":0,"47":0,"48":0,"49":0,"50":0,"51":0,"52":0,"53":0,"54":0,"55":0,"56":0,"57":0,"58":0,"59":0,"60":0,"61":0,"62":0,"63":0,"64":0,"65":0,"66":0,"67":8,"68":0,"69":0,"70":0,"71":0,"72":0,"73":8,"74":0,"75":0,"76":0,"77":0,"78":0,"79":0,"80":0,"81":0,"82":0,"83":0,"84":8,"85":0,"86":0,"87":0,"88":0,"89":0,"90":0,"91":0,"92":0,"93":0,"94":0,"95":0,"96":0,"97":0,"98":0,"99":0,"100":0,"101":0,"102":0},"f":{"0":0,"1":0,"2":0,"3":0,"4":0,"5":0,"6":0,"7":0,"8":0,"9":0,"10":0,"11":0,"12":0,"13":0},"b":{"0":[0],"1":[0],"2":[0],"3":[0],"4":[0],"5":[0],"6":[0],"7":[0],"8":[0],"9":[0],"10":[0],"11":[0],"12":[0,0],"13":[0],"14":[0],"15":[0],"16":[0,0],"17":[0],"18":[0,0],"19":[0],"20":[0],"21":[0]}}
,"/Users/amathba/WORKSPACE/outalma/.worktrees/app-pricing/functions/src/common.ts": {"path":"/Users/amathba/WORKSPACE/outalma/.worktrees/app-pricing/functions/src/common.ts","statementMap":{"0":{"start":{"line":3,"column":0},"end":{"line":3,"column":16}},"1":{"start":{"line":9,"column":0},"end":{"line":9,"column":16}},"2":{"start":{"line":16,"column":0},"end":{"line":16,"column":16}},"3":{"start":{"line":23,"column":0},"end":{"line":23,"column":16}},"4":{"start":{"line":29,"column":0},"end":{"line":29,"column":16}},"5":{"start":{"line":35,"column":0},"end":{"line":35,"column":16}},"6":{"start":{"line":1,"column":0},"end":{"line":1,"column":57}},"7":{"start":{"line":4,"column":2},"end":{"line":6,"column":3}},"8":{"start":{"line":5,"column":4},"end":{"line":5,"column":72}},"9":{"start":{"line":10,"column":2},"end":{"line":12,"column":3}},"10":{"start":{"line":11,"column":4},"end":{"line":11,"column":93}},"11":{"start":{"line":13,"column":2},"end":{"line":13,"column":22}},"12":{"start":{"line":17,"column":2},"end":{"line":19,"column":3}},"13":{"start":{"line":18,"column":4},"end":{"line":18,"column":84}},"14":{"start":{"line":20,"column":2},"end":{"line":20,"column":15}},"15":{"start":{"line":24,"column":2},"end":{"line":26,"column":3}},"16":{"start":{"line":25,"column":4},"end":{"line":25,"column":76}},"17":{"start":{"line":30,"column":2},"end":{"line":32,"column":3}},"18":{"start":{"line":31,"column":4},"end":{"line":31,"column":89}},"19":{"start":{"line":36,"column":2},"end":{"line":38,"column":3}},"20":{"start":{"line":37,"column":4},"end":{"line":37,"column":98}}},"fnMap":{"0":{"name":"assertAuthenticated","decl":{"start":{"line":3,"column":16},"end":{"line":3,"column":35}},"loc":{"start":{"line":3,"column":59},"end":{"line":7,"column":1}}},"1":{"name":"requireString","decl":{"start":{"line":9,"column":16},"end":{"line":9,"column":29}},"loc":{"start":{"line":9,"column":59},"end":{"line":14,"column":1}}},"2":{"name":"requireBoolean","decl":{"start":{"line":16,"column":16},"end":{"line":16,"column":30}},"loc":{"start":{"line":16,"column":60},"end":{"line":21,"column":1}}},"3":{"name":"assertAdminClaim","decl":{"start":{"line":23,"column":16},"end":{"line":23,"column":32}},"loc":{"start":{"line":23,"column":52},"end":{"line":27,"column":1}}},"4":{"name":"assertAdminOrModeratorClaim","decl":{"start":{"line":29,"column":16},"end":{"line":29,"column":43}},"loc":{"start":{"line":29,"column":86},"end":{"line":33,"column":1}}},"5":{"name":"assertMinSupportClaim","decl":{"start":{"line":35,"column":16},"end":{"line":35,"column":37}},"loc":{"start":{"line":35,"column":80},"end":{"line":39,"column":1}}}},"branchMap":{"0":{"loc":{"start":{"line":4,"column":2},"end":{"line":6,"column":3}},"type":"if","locations":[{"start":{"line":4,"column":2},"end":{"line":6,"column":3}}]},"1":{"loc":{"start":{"line":10,"column":2},"end":{"line":12,"column":3}},"type":"if","locations":[{"start":{"line":10,"column":2},"end":{"line":12,"column":3}}]},"2":{"loc":{"start":{"line":10,"column":6},"end":{"line":10,"column":60}},"type":"binary-expr","locations":[{"start":{"line":10,"column":6},"end":{"line":10,"column":31}},{"start":{"line":10,"column":35},"end":{"line":10,"column":60}}]},"3":{"loc":{"start":{"line":17,"column":2},"end":{"line":19,"column":3}},"type":"if","locations":[{"start":{"line":17,"column":2},"end":{"line":19,"column":3}}]},"4":{"loc":{"start":{"line":24,"column":2},"end":{"line":26,"column":3}},"type":"if","locations":[{"start":{"line":24,"column":2},"end":{"line":26,"column":3}}]},"5":{"loc":{"start":{"line":30,"column":2},"end":{"line":32,"column":3}},"type":"if","locations":[{"start":{"line":30,"column":2},"end":{"line":32,"column":3}}]},"6":{"loc":{"start":{"line":30,"column":6},"end":{"line":30,"column":56}},"type":"binary-expr","locations":[{"start":{"line":30,"column":6},"end":{"line":30,"column":27}},{"start":{"line":30,"column":31},"end":{"line":30,"column":56}}]},"7":{"loc":{"start":{"line":36,"column":2},"end":{"line":38,"column":3}},"type":"if","locations":[{"start":{"line":36,"column":2},"end":{"line":38,"column":3}}]},"8":{"loc":{"start":{"line":36,"column":6},"end":{"line":36,"column":83}},"type":"binary-expr","locations":[{"start":{"line":36,"column":6},"end":{"line":36,"column":27}},{"start":{"line":36,"column":31},"end":{"line":36,"column":56}},{"start":{"line":36,"column":60},"end":{"line":36,"column":83}}]}},"s":{"0":9,"1":9,"2":9,"3":9,"4":9,"5":9,"6":9,"7":97,"8":7,"9":114,"10":7,"11":107,"12":12,"13":5,"14":7,"15":36,"16":14,"17":14,"18":3,"19":13,"20":2},"f":{"0":97,"1":114,"2":12,"3":36,"4":14,"5":13},"b":{"0":[7],"1":[7],"2":[114,109],"3":[5],"4":[14],"5":[3],"6":[14,13],"7":[2],"8":[13,12,11]}}
,"/Users/amathba/WORKSPACE/outalma/.worktrees/app-pricing/functions/src/index.ts": {"path":"/Users/amathba/WORKSPACE/outalma/.worktrees/app-pricing/functions/src/index.ts","statementMap":{"0":{"start":{"line":1,"column":0},"end":{"line":1,"column":40}},"1":{"start":{"line":2,"column":0},"end":{"line":2,"column":36}},"2":{"start":{"line":3,"column":0},"end":{"line":3,"column":65}},"3":{"start":{"line":4,"column":0},"end":{"line":4,"column":106}},"4":{"start":{"line":5,"column":0},"end":{"line":5,"column":61}},"5":{"start":{"line":6,"column":0},"end":{"line":6,"column":52}},"6":{"start":{"line":7,"column":0},"end":{"line":7,"column":148}},"7":{"start":{"line":9,"column":0},"end":{"line":9,"column":22}},"8":{"start":{"line":10,"column":11},"end":{"line":10,"column":28}},"9":{"start":{"line":16,"column":30},"end":{"line":16,"column":31}},"10":{"start":{"line":30,"column":2},"end":{"line":30,"column":72}},"11":{"start":{"line":34,"column":25},"end":{"line":37,"column":4}},"12":{"start":{"line":39,"column":15},"end":{"line":39,"column":25}},"13":{"start":{"line":40,"column":19},"end":{"line":40,"column":58}},"14":{"start":{"line":41,"column":17},"end":{"line":41,"column":37}},"15":{"start":{"line":43,"column":2},"end":{"line":59,"column":3}},"16":{"start":{"line":44,"column":17},"end":{"line":44,"column":31}},"17":{"start":{"line":45,"column":21},"end":{"line":45,"column":63}},"18":{"start":{"line":46,"column":18},"end":{"line":46,"column":50}},"19":{"start":{"line":47,"column":4},"end":{"line":58,"column":5}},"20":{"start":{"line":48,"column":6},"end":{"line":57,"column":8}},"21":{"start":{"line":61,"column":2},"end":{"line":89,"column":3}},"22":{"start":{"line":62,"column":20},"end":{"line":62,"column":63}},"23":{"start":{"line":63,"column":4},"end":{"line":86,"column":5}},"24":{"start":{"line":64,"column":19},"end":{"line":64,"column":39}},"25":{"start":{"line":69,"column":6},"end":{"line":85,"column":7}},"26":{"start":{"line":70,"column":32},"end":{"line":79,"column":10}},"27":{"start":{"line":80,"column":8},"end":{"line":83,"column":11}},"28":{"start":{"line":84,"column":8},"end":{"line":84,"column":22}},"29":{"start":{"line":88,"column":4},"end":{"line":88,"column":67}},"30":{"start":{"line":91,"column":2},"end":{"line":91,"column":15}},"31":{"start":{"line":97,"column":0},"end":{"line":97,"column":null}},"32":{"start":{"line":98,"column":2},"end":{"line":98,"column":null}},"33":{"start":{"line":99,"column":2},"end":{"line":99,"column":null}},"34":{"start":{"line":100,"column":2},"end":{"line":100,"column":null}},"35":{"start":{"line":120,"column":2},"end":{"line":120,"column":32}},"36":{"start":{"line":120,"column":25},"end":{"line":120,"column":32}},"37":{"start":{"line":124,"column":20},"end":{"line":125,"column":null}},"38":{"start":{"line":125,"column":20},"end":{"line":125,"column":57}},"39":{"start":{"line":128,"column":52},"end":{"line":128,"column":54}},"40":{"start":{"line":129,"column":2},"end":{"line":132,"column":3}},"41":{"start":{"line":130,"column":18},"end":{"line":130,"column":62}},"42":{"start":{"line":131,"column":4},"end":{"line":131,"column":53}},"43":{"start":{"line":131,"column":15},"end":{"line":131,"column":53}},"44":{"start":{"line":134,"column":2},"end":{"line":134,"column":35}},"45":{"start":{"line":134,"column":28},"end":{"line":134,"column":35}},"46":{"start":{"line":140,"column":17},"end":{"line":149,"column":4}},"47":{"start":{"line":141,"column":29},"end":{"line":141,"column":36}},"48":{"start":{"line":151,"column":2},"end":{"line":154,"column":5}},"49":{"start":{"line":160,"column":50},"end":{"line":160,"column":52}},"50":{"start":{"line":161,"column":2},"end":{"line":173,"column":5}},"51":{"start":{"line":162,"column":4},"end":{"line":162,"column":29}},"52":{"start":{"line":162,"column":22},"end":{"line":162,"column":29}},"53":{"start":{"line":163,"column":18},"end":{"line":163,"column":28}},"54":{"start":{"line":164,"column":4},"end":{"line":164,"column":23}},"55":{"start":{"line":164,"column":16},"end":{"line":164,"column":23}},"56":{"start":{"line":165,"column":17},"end":{"line":165,"column":33}},"57":{"start":{"line":166,"column":4},"end":{"line":172,"column":5}},"58":{"start":{"line":171,"column":6},"end":{"line":171,"column":24}},"59":{"start":{"line":174,"column":2},"end":{"line":190,"column":4}},"60":{"start":{"line":176,"column":6},"end":{"line":188,"column":7}},"61":{"start":{"line":177,"column":20},"end":{"line":177,"column":51}},"62":{"start":{"line":178,"column":8},"end":{"line":185,"column":11}},"63":{"start":{"line":179,"column":22},"end":{"line":179,"column":39}},"64":{"start":{"line":180,"column":10},"end":{"line":184,"column":11}},"65":{"start":{"line":181,"column":12},"end":{"line":183,"column":15}},"66":{"start":{"line":187,"column":8},"end":{"line":187,"column":60}},"67":{"start":{"line":210,"column":2},"end":{"line":223,"column":7}},"68":{"start":{"line":235,"column":2},"end":{"line":235,"column":29}},"69":{"start":{"line":238,"column":13},"end":{"line":407,"column":3}},"70":{"start":{"line":239,"column":14},"end":{"line":239,"column":31}},"71":{"start":{"line":240,"column":2},"end":{"line":240,"column":27}},"72":{"start":{"line":242,"column":21},"end":{"line":242,"column":74}},"73":{"start":{"line":243,"column":20},"end":{"line":243,"column":71}},"74":{"start":{"line":244,"column":25},"end":{"line":244,"column":86}},"75":{"start":{"line":245,"column":2},"end":{"line":247,"column":3}},"76":{"start":{"line":246,"column":4},"end":{"line":246,"column":93}},"77":{"start":{"line":250,"column":19},"end":{"line":250,"column":49}},"78":{"start":{"line":251,"column":26},"end":{"line":251,"column":63}},"79":{"start":{"line":252,"column":26},"end":{"line":254,"column":10}},"80":{"start":{"line":258,"column":2},"end":{"line":264,"column":3}},"81":{"start":{"line":259,"column":19},"end":{"line":259,"column":88}},"82":{"start":{"line":260,"column":20},"end":{"line":260,"column":49}},"83":{"start":{"line":261,"column":4},"end":{"line":263,"column":5}},"84":{"start":{"line":262,"column":6},"end":{"line":262,"column":100}},"85":{"start":{"line":265,"column":25},"end":{"line":265,"column":58}},"86":{"start":{"line":266,"column":54},"end":{"line":266,"column":58}},"87":{"start":{"line":267,"column":2},"end":{"line":276,"column":3}},"88":{"start":{"line":268,"column":19},"end":{"line":268,"column":43}},"89":{"start":{"line":269,"column":4},"end":{"line":271,"column":5}},"90":{"start":{"line":270,"column":6},"end":{"line":270,"column":83}},"91":{"start":{"line":272,"column":4},"end":{"line":274,"column":5}},"92":{"start":{"line":273,"column":6},"end":{"line":273,"column":85}},"93":{"start":{"line":275,"column":4},"end":{"line":275,"column":61}},"94":{"start":{"line":278,"column":21},"end":{"line":278,"column":52}},"95":{"start":{"line":280,"column":2},"end":{"line":404,"column":5}},"96":{"start":{"line":284,"column":24},"end":{"line":284,"column":78}},"97":{"start":{"line":285,"column":4},"end":{"line":287,"column":5}},"98":{"start":{"line":286,"column":6},"end":{"line":286,"column":62}},"99":{"start":{"line":288,"column":20},"end":{"line":288,"column":null}},"100":{"start":{"line":293,"column":4},"end":{"line":295,"column":5}},"101":{"start":{"line":294,"column":6},"end":{"line":294,"column":95}},"102":{"start":{"line":296,"column":4},"end":{"line":298,"column":5}},"103":{"start":{"line":297,"column":6},"end":{"line":297,"column":79}},"104":{"start":{"line":300,"column":25},"end":{"line":300,"column":81}},"105":{"start":{"line":301,"column":4},"end":{"line":315,"column":5}},"106":{"start":{"line":302,"column":27},"end":{"line":302,"column":null}},"107":{"start":{"line":309,"column":6},"end":{"line":314,"column":7}},"108":{"start":{"line":310,"column":8},"end":{"line":313,"column":10}},"109":{"start":{"line":320,"column":34},"end":{"line":321,"column":null}},"110":{"start":{"line":323,"column":34},"end":{"line":324,"column":null}},"111":{"start":{"line":326,"column":4},"end":{"line":328,"column":5}},"112":{"start":{"line":327,"column":6},"end":{"line":327,"column":99}},"113":{"start":{"line":333,"column":18},"end":{"line":333,"column":44}},"114":{"start":{"line":334,"column":17},"end":{"line":334,"column":75}},"115":{"start":{"line":335,"column":4},"end":{"line":356,"column":5}},"116":{"start":{"line":341,"column":19},"end":{"line":341,"column":27}},"117":{"start":{"line":342,"column":19},"end":{"line":342,"column":27}},"118":{"start":{"line":343,"column":21},"end":{"line":348,"column":null}},"119":{"start":{"line":345,"column":10},"end":{"line":348,"column":61}},"120":{"start":{"line":350,"column":6},"end":{"line":355,"column":7}},"121":{"start":{"line":351,"column":8},"end":{"line":354,"column":10}},"122":{"start":{"line":362,"column":4},"end":{"line":388,"column":5}},"123":{"start":{"line":363,"column":23},"end":{"line":363,"column":37}},"124":{"start":{"line":364,"column":23},"end":{"line":365,"column":null}},"125":{"start":{"line":367,"column":23},"end":{"line":381,"column":8}},"126":{"start":{"line":368,"column":18},"end":{"line":368,"column":null}},"127":{"start":{"line":372,"column":8},"end":{"line":372,"column":41}},"128":{"start":{"line":372,"column":28},"end":{"line":372,"column":41}},"129":{"start":{"line":373,"column":8},"end":{"line":379,"column":9}},"130":{"start":{"line":378,"column":10},"end":{"line":378,"column":23}},"131":{"start":{"line":380,"column":8},"end":{"line":380,"column":86}},"132":{"start":{"line":382,"column":6},"end":{"line":387,"column":7}},"133":{"start":{"line":383,"column":8},"end":{"line":386,"column":10}},"134":{"start":{"line":390,"column":4},"end":{"line":403,"column":7}},"135":{"start":{"line":406,"column":2},"end":{"line":406,"column":38}},"136":{"start":{"line":409,"column":13},"end":{"line":471,"column":3}},"137":{"start":{"line":410,"column":14},"end":{"line":410,"column":31}},"138":{"start":{"line":411,"column":2},"end":{"line":411,"column":27}},"139":{"start":{"line":413,"column":20},"end":{"line":413,"column":71}},"140":{"start":{"line":414,"column":21},"end":{"line":414,"column":61}},"141":{"start":{"line":416,"column":17},"end":{"line":468,"column":4}},"142":{"start":{"line":417,"column":17},"end":{"line":417,"column":41}},"143":{"start":{"line":418,"column":4},"end":{"line":418,"column":78}},"144":{"start":{"line":418,"column":22},"end":{"line":418,"column":78}},"145":{"start":{"line":420,"column":20},"end":{"line":420,"column":null}},"146":{"start":{"line":427,"column":4},"end":{"line":429,"column":5}},"147":{"start":{"line":428,"column":6},"end":{"line":428,"column":89}},"148":{"start":{"line":431,"column":4},"end":{"line":436,"column":5}},"149":{"start":{"line":432,"column":6},"end":{"line":435,"column":8}},"150":{"start":{"line":439,"column":20},"end":{"line":439,"column":55}},"151":{"start":{"line":440,"column":4},"end":{"line":442,"column":5}},"152":{"start":{"line":441,"column":6},"end":{"line":441,"column":94}},"153":{"start":{"line":444,"column":19},"end":{"line":444,"column":64}},"154":{"start":{"line":445,"column":20},"end":{"line":445,"column":54}},"155":{"start":{"line":448,"column":4},"end":{"line":459,"column":6}},"156":{"start":{"line":461,"column":4},"end":{"line":465,"column":7}},"157":{"start":{"line":467,"column":4},"end":{"line":467,"column":33}},"158":{"start":{"line":470,"column":2},"end":{"line":470,"column":16}},"159":{"start":{"line":473,"column":13},"end":{"line":515,"column":3}},"160":{"start":{"line":474,"column":14},"end":{"line":474,"column":31}},"161":{"start":{"line":475,"column":2},"end":{"line":475,"column":27}},"162":{"start":{"line":477,"column":20},"end":{"line":477,"column":71}},"163":{"start":{"line":478,"column":21},"end":{"line":478,"column":61}},"164":{"start":{"line":480,"column":17},"end":{"line":512,"column":4}},"165":{"start":{"line":481,"column":17},"end":{"line":481,"column":41}},"166":{"start":{"line":482,"column":4},"end":{"line":482,"column":78}},"167":{"start":{"line":482,"column":22},"end":{"line":482,"column":78}},"168":{"start":{"line":484,"column":20},"end":{"line":484,"column":null}},"169":{"start":{"line":489,"column":4},"end":{"line":491,"column":5}},"170":{"start":{"line":490,"column":6},"end":{"line":490,"column":84}},"171":{"start":{"line":493,"column":4},"end":{"line":498,"column":5}},"172":{"start":{"line":494,"column":6},"end":{"line":497,"column":8}},"173":{"start":{"line":500,"column":20},"end":{"line":500,"column":55}},"174":{"start":{"line":501,"column":4},"end":{"line":503,"column":5}},"175":{"start":{"line":502,"column":6},"end":{"line":502,"column":94}},"176":{"start":{"line":506,"column":4},"end":{"line":509,"column":7}},"177":{"start":{"line":511,"column":4},"end":{"line":511,"column":25}},"178":{"start":{"line":514,"column":2},"end":{"line":514,"column":16}},"179":{"start":{"line":517,"column":13},"end":{"line":583,"column":2}},"180":{"start":{"line":520,"column":23},"end":{"line":520,"column":35}},"181":{"start":{"line":521,"column":20},"end":{"line":521,"column":null}},"182":{"start":{"line":528,"column":4},"end":{"line":528,"column":25}},"183":{"start":{"line":528,"column":18},"end":{"line":528,"column":25}},"184":{"start":{"line":531,"column":21},"end":{"line":531,"column":67}},"185":{"start":{"line":532,"column":4},"end":{"line":532,"column":33}},"186":{"start":{"line":532,"column":26},"end":{"line":532,"column":33}},"187":{"start":{"line":533,"column":17},"end":{"line":533,"column":null}},"188":{"start":{"line":538,"column":25},"end":{"line":538,"column":50}},"189":{"start":{"line":539,"column":22},"end":{"line":539,"column":36}},"190":{"start":{"line":540,"column":27},"end":{"line":540,"column":42}},"191":{"start":{"line":543,"column":4},"end":{"line":545,"column":7}},"192":{"start":{"line":548,"column":23},"end":{"line":548,"column":75}},"193":{"start":{"line":548,"column":50},"end":{"line":548,"column":74}},"194":{"start":{"line":549,"column":23},"end":{"line":549,"column":40}},"195":{"start":{"line":550,"column":20},"end":{"line":550,"column":54}},"196":{"start":{"line":552,"column":4},"end":{"line":558,"column":5}},"197":{"start":{"line":553,"column":6},"end":{"line":553,"column":57}},"198":{"start":{"line":554,"column":11},"end":{"line":558,"column":5}},"199":{"start":{"line":555,"column":6},"end":{"line":555,"column":64}},"200":{"start":{"line":557,"column":6},"end":{"line":557,"column":78}},"201":{"start":{"line":560,"column":4},"end":{"line":568,"column":6}},"202":{"start":{"line":570,"column":4},"end":{"line":581,"column":5}},"203":{"start":{"line":571,"column":6},"end":{"line":580,"column":9}},"204":{"start":{"line":585,"column":13},"end":{"line":719,"column":2}},"205":{"start":{"line":588,"column":19},"end":{"line":588,"column":null}},"206":{"start":{"line":593,"column":18},"end":{"line":593,"column":null}},"207":{"start":{"line":600,"column":4},"end":{"line":600,"column":34}},"208":{"start":{"line":600,"column":27},"end":{"line":600,"column":34}},"209":{"start":{"line":601,"column":4},"end":{"line":601,"column":47}},"210":{"start":{"line":601,"column":40},"end":{"line":601,"column":47}},"211":{"start":{"line":603,"column":39},"end":{"line":603,"column":44}},"212":{"start":{"line":604,"column":19},"end":{"line":604,"column":31}},"213":{"start":{"line":606,"column":4},"end":{"line":606,"column":79}},"214":{"start":{"line":608,"column":22},"end":{"line":608,"column":44}},"215":{"start":{"line":619,"column":40},"end":{"line":619,"column":42}},"216":{"start":{"line":621,"column":4},"end":{"line":700,"column":5}},"217":{"start":{"line":623,"column":8},"end":{"line":631,"column":9}},"218":{"start":{"line":624,"column":10},"end":{"line":630,"column":13}},"219":{"start":{"line":632,"column":8},"end":{"line":632,"column":14}},"220":{"start":{"line":634,"column":8},"end":{"line":642,"column":9}},"221":{"start":{"line":635,"column":10},"end":{"line":641,"column":13}},"222":{"start":{"line":643,"column":8},"end":{"line":643,"column":14}},"223":{"start":{"line":645,"column":8},"end":{"line":653,"column":9}},"224":{"start":{"line":646,"column":10},"end":{"line":652,"column":13}},"225":{"start":{"line":654,"column":8},"end":{"line":654,"column":14}},"226":{"start":{"line":656,"column":8},"end":{"line":664,"column":9}},"227":{"start":{"line":657,"column":10},"end":{"line":663,"column":13}},"228":{"start":{"line":665,"column":8},"end":{"line":673,"column":9}},"229":{"start":{"line":666,"column":10},"end":{"line":672,"column":13}},"230":{"start":{"line":674,"column":8},"end":{"line":674,"column":14}},"231":{"start":{"line":678,"column":26},"end":{"line":678,"column":43}},"232":{"start":{"line":679,"column":21},"end":{"line":679,"column":53}},"233":{"start":{"line":680,"column":8},"end":{"line":688,"column":9}},"234":{"start":{"line":681,"column":10},"end":{"line":687,"column":13}},"235":{"start":{"line":689,"column":8},"end":{"line":697,"column":9}},"236":{"start":{"line":690,"column":10},"end":{"line":696,"column":13}},"237":{"start":{"line":698,"column":8},"end":{"line":698,"column":14}},"238":{"start":{"line":702,"column":4},"end":{"line":717,"column":5}},"239":{"start":{"line":703,"column":6},"end":{"line":707,"column":8}},"240":{"start":{"line":708,"column":6},"end":{"line":716,"column":7}},"241":{"start":{"line":709,"column":8},"end":{"line":715,"column":11}},"242":{"start":{"line":721,"column":13},"end":{"line":777,"column":3}},"243":{"start":{"line":722,"column":14},"end":{"line":722,"column":31}},"244":{"start":{"line":723,"column":2},"end":{"line":723,"column":27}},"245":{"start":{"line":725,"column":20},"end":{"line":725,"column":71}},"246":{"start":{"line":727,"column":20},"end":{"line":729,"column":8}},"247":{"start":{"line":730,"column":2},"end":{"line":732,"column":3}},"248":{"start":{"line":731,"column":4},"end":{"line":731,"column":84}},"249":{"start":{"line":733,"column":21},"end":{"line":733,"column":61}},"250":{"start":{"line":738,"column":39},"end":{"line":738,"column":79}},"251":{"start":{"line":740,"column":17},"end":{"line":774,"column":4}},"252":{"start":{"line":741,"column":17},"end":{"line":741,"column":41}},"253":{"start":{"line":742,"column":4},"end":{"line":742,"column":78}},"254":{"start":{"line":742,"column":22},"end":{"line":742,"column":78}},"255":{"start":{"line":744,"column":20},"end":{"line":744,"column":null}},"256":{"start":{"line":750,"column":4},"end":{"line":752,"column":5}},"257":{"start":{"line":751,"column":6},"end":{"line":751,"column":89}},"258":{"start":{"line":754,"column":4},"end":{"line":759,"column":5}},"259":{"start":{"line":755,"column":6},"end":{"line":758,"column":8}},"260":{"start":{"line":761,"column":20},"end":{"line":761,"column":55}},"261":{"start":{"line":762,"column":4},"end":{"line":764,"column":5}},"262":{"start":{"line":763,"column":6},"end":{"line":763,"column":90}},"263":{"start":{"line":766,"column":4},"end":{"line":771,"column":7}},"264":{"start":{"line":773,"column":4},"end":{"line":773,"column":25}},"265":{"start":{"line":776,"column":2},"end":{"line":776,"column":16}},"266":{"start":{"line":779,"column":13},"end":{"line":820,"column":3}},"267":{"start":{"line":780,"column":14},"end":{"line":780,"column":31}},"268":{"start":{"line":781,"column":2},"end":{"line":781,"column":27}},"269":{"start":{"line":783,"column":20},"end":{"line":783,"column":71}},"270":{"start":{"line":784,"column":21},"end":{"line":784,"column":61}},"271":{"start":{"line":786,"column":17},"end":{"line":817,"column":4}},"272":{"start":{"line":787,"column":17},"end":{"line":787,"column":41}},"273":{"start":{"line":788,"column":4},"end":{"line":788,"column":78}},"274":{"start":{"line":788,"column":22},"end":{"line":788,"column":78}},"275":{"start":{"line":790,"column":20},"end":{"line":790,"column":null}},"276":{"start":{"line":795,"column":4},"end":{"line":797,"column":5}},"277":{"start":{"line":796,"column":6},"end":{"line":796,"column":84}},"278":{"start":{"line":799,"column":4},"end":{"line":804,"column":5}},"279":{"start":{"line":800,"column":6},"end":{"line":803,"column":8}},"280":{"start":{"line":806,"column":20},"end":{"line":806,"column":55}},"281":{"start":{"line":807,"column":4},"end":{"line":809,"column":5}},"282":{"start":{"line":808,"column":6},"end":{"line":808,"column":101}},"283":{"start":{"line":811,"column":4},"end":{"line":814,"column":7}},"284":{"start":{"line":816,"column":4},"end":{"line":816,"column":25}},"285":{"start":{"line":819,"column":2},"end":{"line":819,"column":16}},"286":{"start":{"line":822,"column":13},"end":{"line":863,"column":3}},"287":{"start":{"line":823,"column":14},"end":{"line":823,"column":31}},"288":{"start":{"line":824,"column":2},"end":{"line":824,"column":27}},"289":{"start":{"line":826,"column":20},"end":{"line":826,"column":71}},"290":{"start":{"line":827,"column":21},"end":{"line":827,"column":61}},"291":{"start":{"line":829,"column":17},"end":{"line":860,"column":4}},"292":{"start":{"line":830,"column":17},"end":{"line":830,"column":41}},"293":{"start":{"line":831,"column":4},"end":{"line":831,"column":78}},"294":{"start":{"line":831,"column":22},"end":{"line":831,"column":78}},"295":{"start":{"line":833,"column":20},"end":{"line":833,"column":null}},"296":{"start":{"line":838,"column":4},"end":{"line":840,"column":5}},"297":{"start":{"line":839,"column":6},"end":{"line":839,"column":84}},"298":{"start":{"line":842,"column":4},"end":{"line":847,"column":5}},"299":{"start":{"line":843,"column":6},"end":{"line":846,"column":8}},"300":{"start":{"line":849,"column":20},"end":{"line":849,"column":55}},"301":{"start":{"line":850,"column":4},"end":{"line":852,"column":5}},"302":{"start":{"line":851,"column":6},"end":{"line":851,"column":100}},"303":{"start":{"line":854,"column":4},"end":{"line":857,"column":7}},"304":{"start":{"line":859,"column":4},"end":{"line":859,"column":25}},"305":{"start":{"line":862,"column":2},"end":{"line":862,"column":16}},"306":{"start":{"line":869,"column":13},"end":{"line":900,"column":3}},"307":{"start":{"line":870,"column":14},"end":{"line":870,"column":31}},"308":{"start":{"line":871,"column":2},"end":{"line":871,"column":27}},"309":{"start":{"line":876,"column":19},"end":{"line":879,"column":10}},"310":{"start":{"line":881,"column":16},"end":{"line":881,"column":26}},"311":{"start":{"line":882,"column":2},"end":{"line":882,"column":47}},"312":{"start":{"line":882,"column":26},"end":{"line":882,"column":45}},"313":{"start":{"line":883,"column":2},"end":{"line":883,"column":52}},"314":{"start":{"line":884,"column":2},"end":{"line":884,"column":48}},"315":{"start":{"line":885,"column":2},"end":{"line":885,"column":23}},"316":{"start":{"line":888,"column":2},"end":{"line":894,"column":3}},"317":{"start":{"line":889,"column":4},"end":{"line":891,"column":7}},"318":{"start":{"line":893,"column":4},"end":{"line":893,"column":76}},"319":{"start":{"line":897,"column":2},"end":{"line":897,"column":37}},"320":{"start":{"line":899,"column":2},"end":{"line":899,"column":27}},"321":{"start":{"line":905,"column":13},"end":{"line":935,"column":3}},"322":{"start":{"line":906,"column":14},"end":{"line":906,"column":31}},"323":{"start":{"line":907,"column":2},"end":{"line":907,"column":27}},"324":{"start":{"line":910,"column":4},"end":{"line":918,"column":6}},"325":{"start":{"line":920,"column":14},"end":{"line":921,"column":47}},"326":{"start":{"line":921,"column":4},"end":{"line":921,"column":47}},"327":{"start":{"line":922,"column":15},"end":{"line":923,"column":50}},"328":{"start":{"line":923,"column":4},"end":{"line":923,"column":50}},"329":{"start":{"line":923,"column":23},"end":{"line":923,"column":48}},"330":{"start":{"line":925,"column":2},"end":{"line":934,"column":4}},"331":{"start":{"line":942,"column":13},"end":{"line":968,"column":3}},"332":{"start":{"line":943,"column":14},"end":{"line":943,"column":31}},"333":{"start":{"line":944,"column":2},"end":{"line":944,"column":27}},"334":{"start":{"line":947,"column":4},"end":{"line":947,"column":76}},"335":{"start":{"line":948,"column":14},"end":{"line":948,"column":22}},"336":{"start":{"line":949,"column":2},"end":{"line":952,"column":3}},"337":{"start":{"line":950,"column":21},"end":{"line":950,"column":80}},"338":{"start":{"line":950,"column":75},"end":{"line":950,"column":79}},"339":{"start":{"line":951,"column":4},"end":{"line":951,"column":34}},"340":{"start":{"line":953,"column":2},"end":{"line":958,"column":3}},"341":{"start":{"line":954,"column":4},"end":{"line":957,"column":6}},"342":{"start":{"line":960,"column":14},"end":{"line":965,"column":4}},"343":{"start":{"line":967,"column":2},"end":{"line":967,"column":50}},"344":{"start":{"line":970,"column":13},"end":{"line":1004,"column":3}},"345":{"start":{"line":971,"column":20},"end":{"line":971,"column":37}},"346":{"start":{"line":972,"column":2},"end":{"line":972,"column":33}},"347":{"start":{"line":974,"column":2},"end":{"line":974,"column":47}},"348":{"start":{"line":976,"column":20},"end":{"line":976,"column":59}},"349":{"start":{"line":977,"column":18},"end":{"line":977,"column":62}},"350":{"start":{"line":980,"column":15},"end":{"line":980,"column":52}},"351":{"start":{"line":981,"column":19},"end":{"line":981,"column":42}},"352":{"start":{"line":982,"column":2},"end":{"line":982,"column":84}},"353":{"start":{"line":985,"column":2},"end":{"line":994,"column":22}},"354":{"start":{"line":996,"column":2},"end":{"line":1001,"column":5}},"355":{"start":{"line":1003,"column":2},"end":{"line":1003,"column":44}},"356":{"start":{"line":1015,"column":2},"end":{"line":1015,"column":60}},"357":{"start":{"line":1018,"column":13},"end":{"line":1125,"column":2}},"358":{"start":{"line":1021,"column":16},"end":{"line":1021,"column":26}},"359":{"start":{"line":1022,"column":18},"end":{"line":1022,"column":63}},"360":{"start":{"line":1023,"column":20},"end":{"line":1023,"column":62}},"361":{"start":{"line":1026,"column":17},"end":{"line":1030,"column":12}},"362":{"start":{"line":1032,"column":15},"end":{"line":1032,"column":16}},"363":{"start":{"line":1034,"column":4},"end":{"line":1121,"column":5}},"364":{"start":{"line":1035,"column":19},"end":{"line":1035,"column":29}},"365":{"start":{"line":1036,"column":21},"end":{"line":1036,"column":49}},"366":{"start":{"line":1037,"column":6},"end":{"line":1037,"column":70}},"367":{"start":{"line":1037,"column":61},"end":{"line":1037,"column":70}},"368":{"start":{"line":1039,"column":27},"end":{"line":1039,"column":82}},"369":{"start":{"line":1040,"column":21},"end":{"line":1040,"column":58}},"370":{"start":{"line":1041,"column":24},"end":{"line":1041,"column":49}},"371":{"start":{"line":1043,"column":27},"end":{"line":1043,"column":77}},"372":{"start":{"line":1046,"column":6},"end":{"line":1088,"column":7}},"373":{"start":{"line":1051,"column":8},"end":{"line":1054,"column":9}},"374":{"start":{"line":1052,"column":21},"end":{"line":1052,"column":76}},"375":{"start":{"line":1053,"column":10},"end":{"line":1053,"column":61}},"376":{"start":{"line":1055,"column":24},"end":{"line":1059,"column":10}},"377":{"start":{"line":1061,"column":28},"end":{"line":1061,"column":33}},"378":{"start":{"line":1062,"column":8},"end":{"line":1067,"column":11}},"379":{"start":{"line":1063,"column":23},"end":{"line":1063,"column":44}},"380":{"start":{"line":1064,"column":10},"end":{"line":1064,"column":47}},"381":{"start":{"line":1064,"column":40},"end":{"line":1064,"column":47}},"382":{"start":{"line":1065,"column":10},"end":{"line":1065,"column":52}},"383":{"start":{"line":1066,"column":10},"end":{"line":1066,"column":31}},"384":{"start":{"line":1068,"column":8},"end":{"line":1087,"column":9}},"385":{"start":{"line":1069,"column":10},"end":{"line":1076,"column":12}},"386":{"start":{"line":1077,"column":10},"end":{"line":1085,"column":11}},"387":{"start":{"line":1078,"column":12},"end":{"line":1084,"column":15}},"388":{"start":{"line":1086,"column":10},"end":{"line":1086,"column":17}},"389":{"start":{"line":1091,"column":6},"end":{"line":1120,"column":7}},"390":{"start":{"line":1093,"column":27},"end":{"line":1093,"column":32}},"391":{"start":{"line":1094,"column":8},"end":{"line":1099,"column":11}},"392":{"start":{"line":1095,"column":23},"end":{"line":1095,"column":44}},"393":{"start":{"line":1096,"column":10},"end":{"line":1096,"column":46}},"394":{"start":{"line":1096,"column":39},"end":{"line":1096,"column":46}},"395":{"start":{"line":1097,"column":10},"end":{"line":1097,"column":51}},"396":{"start":{"line":1098,"column":10},"end":{"line":1098,"column":30}},"397":{"start":{"line":1100,"column":8},"end":{"line":1119,"column":9}},"398":{"start":{"line":1101,"column":10},"end":{"line":1108,"column":12}},"399":{"start":{"line":1109,"column":10},"end":{"line":1117,"column":11}},"400":{"start":{"line":1110,"column":12},"end":{"line":1116,"column":15}},"401":{"start":{"line":1118,"column":10},"end":{"line":1118,"column":17}},"402":{"start":{"line":1123,"column":4},"end":{"line":1123,"column":73}},"403":{"start":{"line":1138,"column":2},"end":{"line":1145,"column":5}},"404":{"start":{"line":1152,"column":13},"end":{"line":1185,"column":3}},"405":{"start":{"line":1153,"column":20},"end":{"line":1153,"column":37}},"406":{"start":{"line":1154,"column":2},"end":{"line":1154,"column":33}},"407":{"start":{"line":1155,"column":2},"end":{"line":1155,"column":47}},"408":{"start":{"line":1157,"column":20},"end":{"line":1157,"column":59}},"409":{"start":{"line":1158,"column":22},"end":{"line":1158,"column":74}},"410":{"start":{"line":1161,"column":15},"end":{"line":1161,"column":52}},"411":{"start":{"line":1162,"column":25},"end":{"line":1162,"column":48}},"412":{"start":{"line":1163,"column":2},"end":{"line":1163,"column":98}},"413":{"start":{"line":1166,"column":2},"end":{"line":1175,"column":22}},"414":{"start":{"line":1177,"column":2},"end":{"line":1182,"column":5}},"415":{"start":{"line":1184,"column":2},"end":{"line":1184,"column":52}},"416":{"start":{"line":1191,"column":13},"end":{"line":1222,"column":3}},"417":{"start":{"line":1192,"column":20},"end":{"line":1192,"column":37}},"418":{"start":{"line":1193,"column":2},"end":{"line":1193,"column":33}},"419":{"start":{"line":1194,"column":2},"end":{"line":1194,"column":47}},"420":{"start":{"line":1196,"column":20},"end":{"line":1196,"column":59}},"421":{"start":{"line":1197,"column":20},"end":{"line":1197,"column":68}},"422":{"start":{"line":1199,"column":15},"end":{"line":1199,"column":52}},"423":{"start":{"line":1200,"column":25},"end":{"line":1200,"column":48}},"424":{"start":{"line":1201,"column":2},"end":{"line":1201,"column":94}},"425":{"start":{"line":1203,"column":2},"end":{"line":1212,"column":22}},"426":{"start":{"line":1214,"column":2},"end":{"line":1219,"column":5}},"427":{"start":{"line":1221,"column":2},"end":{"line":1221,"column":48}},"428":{"start":{"line":1228,"column":13},"end":{"line":1259,"column":3}},"429":{"start":{"line":1229,"column":20},"end":{"line":1229,"column":37}},"430":{"start":{"line":1230,"column":2},"end":{"line":1230,"column":33}},"431":{"start":{"line":1231,"column":2},"end":{"line":1231,"column":47}},"432":{"start":{"line":1233,"column":20},"end":{"line":1233,"column":59}},"433":{"start":{"line":1234,"column":21},"end":{"line":1234,"column":71}},"434":{"start":{"line":1236,"column":15},"end":{"line":1236,"column":52}},"435":{"start":{"line":1237,"column":25},"end":{"line":1237,"column":48}},"436":{"start":{"line":1238,"column":2},"end":{"line":1238,"column":96}},"437":{"start":{"line":1240,"column":2},"end":{"line":1249,"column":22}},"438":{"start":{"line":1251,"column":2},"end":{"line":1256,"column":5}},"439":{"start":{"line":1258,"column":2},"end":{"line":1258,"column":50}},"440":{"start":{"line":1265,"column":13},"end":{"line":1335,"column":3}},"441":{"start":{"line":1266,"column":20},"end":{"line":1266,"column":37}},"442":{"start":{"line":1267,"column":2},"end":{"line":1267,"column":33}},"443":{"start":{"line":1268,"column":2},"end":{"line":1268,"column":90}},"444":{"start":{"line":1270,"column":20},"end":{"line":1270,"column":59}},"445":{"start":{"line":1271,"column":17},"end":{"line":1271,"column":93}},"446":{"start":{"line":1273,"column":22},"end":{"line":1273,"column":63}},"447":{"start":{"line":1278,"column":23},"end":{"line":1282,"column":10}},"448":{"start":{"line":1284,"column":22},"end":{"line":1284,"column":55}},"449":{"start":{"line":1284,"column":49},"end":{"line":1284,"column":54}},"450":{"start":{"line":1286,"column":2},"end":{"line":1305,"column":5}},"451":{"start":{"line":1287,"column":25},"end":{"line":1287,"column":50}},"452":{"start":{"line":1288,"column":4},"end":{"line":1290,"column":5}},"453":{"start":{"line":1289,"column":6},"end":{"line":1289,"column":63}},"454":{"start":{"line":1293,"column":25},"end":{"line":1293,"column":79}},"455":{"start":{"line":1293,"column":66},"end":{"line":1293,"column":77}},"456":{"start":{"line":1295,"column":4},"end":{"line":1299,"column":7}},"457":{"start":{"line":1300,"column":4},"end":{"line":1304,"column":5}},"458":{"start":{"line":1301,"column":6},"end":{"line":1303,"column":7}},"459":{"start":{"line":1302,"column":8},"end":{"line":1302,"column":50}},"460":{"start":{"line":1307,"column":2},"end":{"line":1313,"column":5}},"461":{"start":{"line":1318,"column":17},"end":{"line":1320,"column":86}},"462":{"start":{"line":1321,"column":4},"end":{"line":1325,"column":6}},"463":{"start":{"line":1326,"column":4},"end":{"line":1331,"column":7}},"464":{"start":{"line":1334,"column":2},"end":{"line":1334,"column":85}},"465":{"start":{"line":1341,"column":13},"end":{"line":1368,"column":3}},"466":{"start":{"line":1342,"column":20},"end":{"line":1342,"column":37}},"467":{"start":{"line":1343,"column":2},"end":{"line":1343,"column":33}},"468":{"start":{"line":1344,"column":2},"end":{"line":1344,"column":47}},"469":{"start":{"line":1346,"column":20},"end":{"line":1346,"column":59}},"470":{"start":{"line":1348,"column":22},"end":{"line":1348,"column":63}},"471":{"start":{"line":1349,"column":23},"end":{"line":1349,"column":46}},"472":{"start":{"line":1350,"column":2},"end":{"line":1352,"column":3}},"473":{"start":{"line":1351,"column":4},"end":{"line":1351,"column":61}},"474":{"start":{"line":1354,"column":2},"end":{"line":1358,"column":5}},"475":{"start":{"line":1360,"column":2},"end":{"line":1365,"column":5}},"476":{"start":{"line":1367,"column":2},"end":{"line":1367,"column":46}},"477":{"start":{"line":1374,"column":13},"end":{"line":1397,"column":3}},"478":{"start":{"line":1375,"column":20},"end":{"line":1375,"column":37}},"479":{"start":{"line":1376,"column":2},"end":{"line":1376,"column":33}},"480":{"start":{"line":1377,"column":2},"end":{"line":1377,"column":90}},"481":{"start":{"line":1379,"column":20},"end":{"line":1379,"column":71}},"482":{"start":{"line":1381,"column":21},"end":{"line":1381,"column":61}},"483":{"start":{"line":1382,"column":22},"end":{"line":1382,"column":44}},"484":{"start":{"line":1383,"column":2},"end":{"line":1385,"column":3}},"485":{"start":{"line":1384,"column":4},"end":{"line":1384,"column":60}},"486":{"start":{"line":1387,"column":2},"end":{"line":1387,"column":48}},"487":{"start":{"line":1389,"column":2},"end":{"line":1394,"column":5}},"488":{"start":{"line":1396,"column":2},"end":{"line":1396,"column":41}},"489":{"start":{"line":1403,"column":13},"end":{"line":1433,"column":3}},"490":{"start":{"line":1404,"column":20},"end":{"line":1404,"column":37}},"491":{"start":{"line":1405,"column":2},"end":{"line":1405,"column":33}},"492":{"start":{"line":1406,"column":2},"end":{"line":1406,"column":90}},"493":{"start":{"line":1408,"column":17},"end":{"line":1408,"column":62}},"494":{"start":{"line":1409,"column":20},"end":{"line":1409,"column":71}},"495":{"start":{"line":1411,"column":21},"end":{"line":1411,"column":93}},"496":{"start":{"line":1412,"column":22},"end":{"line":1412,"column":44}},"497":{"start":{"line":1413,"column":2},"end":{"line":1415,"column":3}},"498":{"start":{"line":1414,"column":4},"end":{"line":1414,"column":60}},"499":{"start":{"line":1417,"column":2},"end":{"line":1423,"column":5}},"500":{"start":{"line":1425,"column":2},"end":{"line":1430,"column":5}},"501":{"start":{"line":1432,"column":2},"end":{"line":1432,"column":46}},"502":{"start":{"line":1444,"column":13},"end":{"line":1462,"column":3}},"503":{"start":{"line":1445,"column":20},"end":{"line":1445,"column":37}},"504":{"start":{"line":1446,"column":2},"end":{"line":1446,"column":33}},"505":{"start":{"line":1447,"column":2},"end":{"line":1447,"column":47}},"506":{"start":{"line":1449,"column":20},"end":{"line":1449,"column":59}},"507":{"start":{"line":1452,"column":2},"end":{"line":1452,"column":52}},"508":{"start":{"line":1454,"column":2},"end":{"line":1459,"column":5}},"509":{"start":{"line":1461,"column":2},"end":{"line":1461,"column":43}},"510":{"start":{"line":1468,"column":13},"end":{"line":1586,"column":3}},"511":{"start":{"line":1469,"column":14},"end":{"line":1469,"column":31}},"512":{"start":{"line":1470,"column":2},"end":{"line":1470,"column":27}},"513":{"start":{"line":1472,"column":19},"end":{"line":1472,"column":68}},"514":{"start":{"line":1473,"column":2},"end":{"line":1475,"column":3}},"515":{"start":{"line":1474,"column":4},"end":{"line":1474,"column":93}},"516":{"start":{"line":1477,"column":4},"end":{"line":1477,"column":90}},"517":{"start":{"line":1479,"column":4},"end":{"line":1479,"column":88}},"518":{"start":{"line":1481,"column":4},"end":{"line":1481,"column":86}},"519":{"start":{"line":1485,"column":5},"end":{"line":1487,"column":66}},"520":{"start":{"line":1488,"column":13},"end":{"line":1488,"column":68}},"521":{"start":{"line":1491,"column":31},"end":{"line":1491,"column":35}},"522":{"start":{"line":1492,"column":35},"end":{"line":1492,"column":39}},"523":{"start":{"line":1493,"column":28},"end":{"line":1493,"column":32}},"524":{"start":{"line":1494,"column":30},"end":{"line":1494,"column":34}},"525":{"start":{"line":1495,"column":27},"end":{"line":1495,"column":31}},"526":{"start":{"line":1496,"column":27},"end":{"line":1496,"column":31}},"527":{"start":{"line":1497,"column":32},"end":{"line":1497,"column":36}},"528":{"start":{"line":1498,"column":33},"end":{"line":1498,"column":37}},"529":{"start":{"line":1499,"column":2},"end":{"line":1509,"column":3}},"530":{"start":{"line":1500,"column":16},"end":{"line":1500,"column":37}},"531":{"start":{"line":1501,"column":4},"end":{"line":1501,"column":26}},"532":{"start":{"line":1502,"column":4},"end":{"line":1502,"column":34}},"533":{"start":{"line":1503,"column":4},"end":{"line":1503,"column":20}},"534":{"start":{"line":1504,"column":4},"end":{"line":1504,"column":24}},"535":{"start":{"line":1505,"column":4},"end":{"line":1505,"column":18}},"536":{"start":{"line":1506,"column":4},"end":{"line":1506,"column":18}},"537":{"start":{"line":1507,"column":4},"end":{"line":1507,"column":28}},"538":{"start":{"line":1508,"column":4},"end":{"line":1508,"column":30}},"539":{"start":{"line":1512,"column":2},"end":{"line":1538,"column":3}},"540":{"start":{"line":1513,"column":22},"end":{"line":1517,"column":12}},"541":{"start":{"line":1518,"column":4},"end":{"line":1537,"column":5}},"542":{"start":{"line":1519,"column":6},"end":{"line":1519,"column":59}},"543":{"start":{"line":1520,"column":6},"end":{"line":1535,"column":9}},"544":{"start":{"line":1536,"column":6},"end":{"line":1536,"column":66}},"545":{"start":{"line":1540,"column":21},"end":{"line":1540,"column":60}},"546":{"start":{"line":1541,"column":19},"end":{"line":1541,"column":56}},"547":{"start":{"line":1543,"column":20},"end":{"line":1559,"column":4}},"548":{"start":{"line":1561,"column":16},"end":{"line":1561,"column":26}},"549":{"start":{"line":1562,"column":2},"end":{"line":1562,"column":33}},"550":{"start":{"line":1563,"column":2},"end":{"line":1577,"column":4}},"551":{"start":{"line":1578,"column":2},"end":{"line":1578,"column":23}},"552":{"start":{"line":1581,"column":2},"end":{"line":1583,"column":4}},"553":{"start":{"line":1582,"column":4},"end":{"line":1582,"column":70}},"554":{"start":{"line":1585,"column":2},"end":{"line":1585,"column":26}},"555":{"start":{"line":1596,"column":13},"end":{"line":1626,"column":3}},"556":{"start":{"line":1597,"column":14},"end":{"line":1597,"column":31}},"557":{"start":{"line":1598,"column":2},"end":{"line":1598,"column":27}},"558":{"start":{"line":1600,"column":20},"end":{"line":1600,"column":71}},"559":{"start":{"line":1602,"column":21},"end":{"line":1602,"column":61}},"560":{"start":{"line":1603,"column":22},"end":{"line":1603,"column":44}},"561":{"start":{"line":1604,"column":2},"end":{"line":1606,"column":3}},"562":{"start":{"line":1605,"column":4},"end":{"line":1605,"column":60}},"563":{"start":{"line":1608,"column":18},"end":{"line":1608,"column":63}},"564":{"start":{"line":1609,"column":2},"end":{"line":1611,"column":3}},"565":{"start":{"line":1610,"column":4},"end":{"line":1610,"column":95}},"566":{"start":{"line":1613,"column":2},"end":{"line":1613,"column":74}},"567":{"start":{"line":1615,"column":2},"end":{"line":1623,"column":5}},"568":{"start":{"line":1625,"column":2},"end":{"line":1625,"column":49}},"569":{"start":{"line":1628,"column":13},"end":{"line":1685,"column":3}},"570":{"start":{"line":1629,"column":20},"end":{"line":1629,"column":37}},"571":{"start":{"line":1630,"column":2},"end":{"line":1630,"column":33}},"572":{"start":{"line":1631,"column":2},"end":{"line":1631,"column":84}},"573":{"start":{"line":1633,"column":22},"end":{"line":1633,"column":77}},"574":{"start":{"line":1635,"column":19},"end":{"line":1635,"column":69}},"575":{"start":{"line":1636,"column":20},"end":{"line":1636,"column":40}},"576":{"start":{"line":1637,"column":2},"end":{"line":1639,"column":3}},"577":{"start":{"line":1638,"column":4},"end":{"line":1638,"column":63}},"578":{"start":{"line":1641,"column":15},"end":{"line":1641,"column":72}},"579":{"start":{"line":1642,"column":2},"end":{"line":1644,"column":3}},"580":{"start":{"line":1643,"column":4},"end":{"line":1643,"column":83}},"581":{"start":{"line":1646,"column":16},"end":{"line":1646,"column":26}},"582":{"start":{"line":1647,"column":2},"end":{"line":1651,"column":5}},"583":{"start":{"line":1652,"column":2},"end":{"line":1655,"column":5}},"584":{"start":{"line":1656,"column":2},"end":{"line":1656,"column":23}},"585":{"start":{"line":1658,"column":2},"end":{"line":1663,"column":5}},"586":{"start":{"line":1666,"column":19},"end":{"line":1668,"column":65}},"587":{"start":{"line":1669,"column":2},"end":{"line":1682,"column":3}},"588":{"start":{"line":1670,"column":17},"end":{"line":1670,"column":84}},"589":{"start":{"line":1671,"column":4},"end":{"line":1675,"column":6}},"590":{"start":{"line":1676,"column":4},"end":{"line":1681,"column":7}},"591":{"start":{"line":1684,"column":2},"end":{"line":1684,"column":72}},"592":{"start":{"line":1687,"column":13},"end":{"line":1719,"column":3}},"593":{"start":{"line":1688,"column":20},"end":{"line":1688,"column":37}},"594":{"start":{"line":1689,"column":2},"end":{"line":1689,"column":33}},"595":{"start":{"line":1690,"column":2},"end":{"line":1690,"column":90}},"596":{"start":{"line":1692,"column":20},"end":{"line":1692,"column":71}},"597":{"start":{"line":1694,"column":21},"end":{"line":1694,"column":61}},"598":{"start":{"line":1695,"column":22},"end":{"line":1695,"column":44}},"599":{"start":{"line":1696,"column":2},"end":{"line":1698,"column":3}},"600":{"start":{"line":1697,"column":4},"end":{"line":1697,"column":60}},"601":{"start":{"line":1700,"column":18},"end":{"line":1700,"column":80}},"602":{"start":{"line":1702,"column":2},"end":{"line":1707,"column":3}},"603":{"start":{"line":1703,"column":4},"end":{"line":1706,"column":6}},"604":{"start":{"line":1709,"column":2},"end":{"line":1709,"column":47}},"605":{"start":{"line":1711,"column":2},"end":{"line":1716,"column":5}},"606":{"start":{"line":1718,"column":2},"end":{"line":1718,"column":40}},"607":{"start":{"line":1721,"column":13},"end":{"line":1785,"column":3}},"608":{"start":{"line":1722,"column":20},"end":{"line":1722,"column":37}},"609":{"start":{"line":1723,"column":2},"end":{"line":1723,"column":33}},"610":{"start":{"line":1724,"column":2},"end":{"line":1724,"column":84}},"611":{"start":{"line":1726,"column":22},"end":{"line":1726,"column":77}},"612":{"start":{"line":1727,"column":17},"end":{"line":1727,"column":91}},"613":{"start":{"line":1728,"column":2},"end":{"line":1730,"column":3}},"614":{"start":{"line":1729,"column":4},"end":{"line":1729,"column":80}},"615":{"start":{"line":1732,"column":19},"end":{"line":1732,"column":69}},"616":{"start":{"line":1733,"column":20},"end":{"line":1733,"column":40}},"617":{"start":{"line":1734,"column":2},"end":{"line":1736,"column":3}},"618":{"start":{"line":1735,"column":4},"end":{"line":1735,"column":63}},"619":{"start":{"line":1738,"column":15},"end":{"line":1738,"column":72}},"620":{"start":{"line":1739,"column":2},"end":{"line":1741,"column":3}},"621":{"start":{"line":1740,"column":4},"end":{"line":1740,"column":83}},"622":{"start":{"line":1743,"column":16},"end":{"line":1743,"column":26}},"623":{"start":{"line":1744,"column":2},"end":{"line":1749,"column":5}},"624":{"start":{"line":1750,"column":2},"end":{"line":1753,"column":5}},"625":{"start":{"line":1754,"column":2},"end":{"line":1754,"column":23}},"626":{"start":{"line":1756,"column":2},"end":{"line":1762,"column":5}},"627":{"start":{"line":1766,"column":19},"end":{"line":1768,"column":65}},"628":{"start":{"line":1769,"column":2},"end":{"line":1782,"column":3}},"629":{"start":{"line":1770,"column":17},"end":{"line":1770,"column":84}},"630":{"start":{"line":1771,"column":4},"end":{"line":1775,"column":6}},"631":{"start":{"line":1776,"column":4},"end":{"line":1781,"column":7}},"632":{"start":{"line":1784,"column":2},"end":{"line":1784,"column":72}},"633":{"start":{"line":1791,"column":13},"end":{"line":1823,"column":3}},"634":{"start":{"line":1792,"column":20},"end":{"line":1792,"column":37}},"635":{"start":{"line":1793,"column":2},"end":{"line":1793,"column":33}},"636":{"start":{"line":1794,"column":2},"end":{"line":1794,"column":47}},"637":{"start":{"line":1796,"column":20},"end":{"line":1796,"column":59}},"638":{"start":{"line":1797,"column":17},"end":{"line":1797,"column":62}},"639":{"start":{"line":1799,"column":2},"end":{"line":1799,"column":63}},"640":{"start":{"line":1801,"column":2},"end":{"line":1810,"column":5}},"641":{"start":{"line":1812,"column":2},"end":{"line":1812,"column":73}},"642":{"start":{"line":1814,"column":2},"end":{"line":1820,"column":5}},"643":{"start":{"line":1822,"column":2},"end":{"line":1822,"column":44}},"644":{"start":{"line":1825,"column":13},"end":{"line":1853,"column":3}},"645":{"start":{"line":1826,"column":20},"end":{"line":1826,"column":37}},"646":{"start":{"line":1827,"column":2},"end":{"line":1827,"column":33}},"647":{"start":{"line":1828,"column":2},"end":{"line":1828,"column":47}},"648":{"start":{"line":1830,"column":20},"end":{"line":1830,"column":59}},"649":{"start":{"line":1832,"column":2},"end":{"line":1832,"column":64}},"650":{"start":{"line":1834,"column":2},"end":{"line":1837,"column":5}},"651":{"start":{"line":1841,"column":2},"end":{"line":1843,"column":5}},"652":{"start":{"line":1845,"column":2},"end":{"line":1850,"column":5}},"653":{"start":{"line":1852,"column":2},"end":{"line":1852,"column":44}},"654":{"start":{"line":1855,"column":13},"end":{"line":1885,"column":3}},"655":{"start":{"line":1856,"column":20},"end":{"line":1856,"column":37}},"656":{"start":{"line":1857,"column":2},"end":{"line":1857,"column":33}},"657":{"start":{"line":1858,"column":2},"end":{"line":1858,"column":90}},"658":{"start":{"line":1860,"column":20},"end":{"line":1860,"column":59}},"659":{"start":{"line":1861,"column":17},"end":{"line":1861,"column":62}},"660":{"start":{"line":1863,"column":2},"end":{"line":1872,"column":5}},"661":{"start":{"line":1874,"column":2},"end":{"line":1874,"column":79}},"662":{"start":{"line":1876,"column":2},"end":{"line":1882,"column":5}},"663":{"start":{"line":1884,"column":2},"end":{"line":1884,"column":51}},"664":{"start":{"line":1887,"column":13},"end":{"line":1930,"column":3}},"665":{"start":{"line":1888,"column":20},"end":{"line":1888,"column":37}},"666":{"start":{"line":1889,"column":2},"end":{"line":1889,"column":33}},"667":{"start":{"line":1890,"column":2},"end":{"line":1890,"column":84}},"668":{"start":{"line":1892,"column":20},"end":{"line":1892,"column":59}},"669":{"start":{"line":1893,"column":17},"end":{"line":1893,"column":62}},"670":{"start":{"line":1894,"column":23},"end":{"line":1894,"column":46}},"671":{"start":{"line":1896,"column":52},"end":{"line":1896,"column":56}},"672":{"start":{"line":1897,"column":2},"end":{"line":1906,"column":3}},"673":{"start":{"line":1898,"column":19},"end":{"line":1898,"column":41}},"674":{"start":{"line":1899,"column":4},"end":{"line":1901,"column":5}},"675":{"start":{"line":1900,"column":6},"end":{"line":1900,"column":81}},"676":{"start":{"line":1902,"column":4},"end":{"line":1904,"column":5}},"677":{"start":{"line":1903,"column":6},"end":{"line":1903,"column":83}},"678":{"start":{"line":1905,"column":4},"end":{"line":1905,"column":59}},"679":{"start":{"line":1908,"column":2},"end":{"line":1917,"column":5}},"680":{"start":{"line":1919,"column":2},"end":{"line":1919,"column":76}},"681":{"start":{"line":1921,"column":2},"end":{"line":1927,"column":5}},"682":{"start":{"line":1929,"column":2},"end":{"line":1929,"column":47}},"683":{"start":{"line":1936,"column":13},"end":{"line":1958,"column":3}},"684":{"start":{"line":1937,"column":20},"end":{"line":1937,"column":37}},"685":{"start":{"line":1938,"column":2},"end":{"line":1938,"column":33}},"686":{"start":{"line":1939,"column":2},"end":{"line":1939,"column":90}},"687":{"start":{"line":1941,"column":19},"end":{"line":1941,"column":68}},"688":{"start":{"line":1942,"column":20},"end":{"line":1942,"column":58}},"689":{"start":{"line":1943,"column":21},"end":{"line":1943,"column":42}},"690":{"start":{"line":1944,"column":2},"end":{"line":1946,"column":3}},"691":{"start":{"line":1945,"column":4},"end":{"line":1945,"column":59}},"692":{"start":{"line":1948,"column":2},"end":{"line":1948,"column":43}},"693":{"start":{"line":1950,"column":2},"end":{"line":1955,"column":5}},"694":{"start":{"line":1957,"column":2},"end":{"line":1957,"column":36}},"695":{"start":{"line":1960,"column":13},"end":{"line":1982,"column":3}},"696":{"start":{"line":1961,"column":20},"end":{"line":1961,"column":37}},"697":{"start":{"line":1962,"column":2},"end":{"line":1962,"column":33}},"698":{"start":{"line":1963,"column":2},"end":{"line":1963,"column":90}},"699":{"start":{"line":1965,"column":19},"end":{"line":1965,"column":68}},"700":{"start":{"line":1966,"column":20},"end":{"line":1966,"column":58}},"701":{"start":{"line":1967,"column":21},"end":{"line":1967,"column":42}},"702":{"start":{"line":1968,"column":2},"end":{"line":1970,"column":3}},"703":{"start":{"line":1969,"column":4},"end":{"line":1969,"column":59}},"704":{"start":{"line":1972,"column":2},"end":{"line":1972,"column":44}},"705":{"start":{"line":1974,"column":2},"end":{"line":1979,"column":5}},"706":{"start":{"line":1981,"column":2},"end":{"line":1981,"column":37}},"707":{"start":{"line":1984,"column":13},"end":{"line":2006,"column":3}},"708":{"start":{"line":1985,"column":20},"end":{"line":1985,"column":37}},"709":{"start":{"line":1986,"column":2},"end":{"line":1986,"column":33}},"710":{"start":{"line":1987,"column":2},"end":{"line":1987,"column":47}},"711":{"start":{"line":1989,"column":19},"end":{"line":1989,"column":68}},"712":{"start":{"line":1990,"column":20},"end":{"line":1990,"column":58}},"713":{"start":{"line":1991,"column":21},"end":{"line":1991,"column":42}},"714":{"start":{"line":1992,"column":2},"end":{"line":1994,"column":3}},"715":{"start":{"line":1993,"column":4},"end":{"line":1993,"column":59}},"716":{"start":{"line":1996,"column":2},"end":{"line":1996,"column":27}},"717":{"start":{"line":1998,"column":2},"end":{"line":2003,"column":5}},"718":{"start":{"line":2005,"column":2},"end":{"line":2005,"column":37}},"719":{"start":{"line":2012,"column":13},"end":{"line":2051,"column":3}},"720":{"start":{"line":2013,"column":20},"end":{"line":2013,"column":37}},"721":{"start":{"line":2014,"column":2},"end":{"line":2014,"column":33}},"722":{"start":{"line":2015,"column":2},"end":{"line":2015,"column":84}},"723":{"start":{"line":2017,"column":19},"end":{"line":2017,"column":68}},"724":{"start":{"line":2018,"column":17},"end":{"line":2018,"column":62}},"725":{"start":{"line":2019,"column":2},"end":{"line":2021,"column":3}},"726":{"start":{"line":2020,"column":4},"end":{"line":2020,"column":89}},"727":{"start":{"line":2022,"column":16},"end":{"line":2022,"column":90}},"728":{"start":{"line":2024,"column":20},"end":{"line":2024,"column":58}},"729":{"start":{"line":2025,"column":21},"end":{"line":2025,"column":42}},"730":{"start":{"line":2026,"column":2},"end":{"line":2028,"column":3}},"731":{"start":{"line":2027,"column":4},"end":{"line":2027,"column":59}},"732":{"start":{"line":2030,"column":17},"end":{"line":2030,"column":57}},"733":{"start":{"line":2031,"column":2},"end":{"line":2033,"column":3}},"734":{"start":{"line":2032,"column":4},"end":{"line":2032,"column":99}},"735":{"start":{"line":2035,"column":2},"end":{"line":2040,"column":5}},"736":{"start":{"line":2042,"column":2},"end":{"line":2048,"column":5}},"737":{"start":{"line":2050,"column":2},"end":{"line":2050,"column":38}},"738":{"start":{"line":2067,"column":2},"end":{"line":2067,"column":60}},"739":{"start":{"line":2067,"column":53},"end":{"line":2067,"column":60}},"740":{"start":{"line":2073,"column":7},"end":{"line":2073,"column":9}},"741":{"start":{"line":2076,"column":21},"end":{"line":2082,"column":10}},"742":{"start":{"line":2084,"column":23},"end":{"line":2087,"column":null}},"743":{"start":{"line":2085,"column":16},"end":{"line":2085,"column":24}},"744":{"start":{"line":2087,"column":6},"end":{"line":2087,"column":76}},"745":{"start":{"line":2090,"column":2},"end":{"line":2090,"column":40}},"746":{"start":{"line":2090,"column":33},"end":{"line":2090,"column":40}},"747":{"start":{"line":2092,"column":20},"end":{"line":2092,"column":35}},"748":{"start":{"line":2095,"column":2},"end":{"line":2119,"column":3}},"749":{"start":{"line":2103,"column":19},"end":{"line":2107,"column":null}},"750":{"start":{"line":2109,"column":22},"end":{"line":2109,"column":79}},"751":{"start":{"line":2110,"column":26},"end":{"line":2110,"column":78}},"752":{"start":{"line":2112,"column":4},"end":{"line":2118,"column":5}},"753":{"start":{"line":2113,"column":6},"end":{"line":2117,"column":9}},"754":{"start":{"line":2122,"column":25},"end":{"line":2125,"column":null}},"755":{"start":{"line":2124,"column":43},"end":{"line":2124,"column":73}},"756":{"start":{"line":2125,"column":34},"end":{"line":2125,"column":43}},"757":{"start":{"line":2127,"column":2},"end":{"line":2133,"column":3}},"758":{"start":{"line":2128,"column":4},"end":{"line":2132,"column":7}},"759":{"start":{"line":2136,"column":2},"end":{"line":2153,"column":3}},"760":{"start":{"line":2137,"column":4},"end":{"line":2152,"column":7}},"761":{"start":{"line":2155,"column":2},"end":{"line":2157,"column":3}},"762":{"start":{"line":2156,"column":4},"end":{"line":2156,"column":78}},"763":{"start":{"line":2164,"column":12},"end":{"line":2164,"column":16}},"764":{"start":{"line":2165,"column":15},"end":{"line":2165,"column":46}},"765":{"start":{"line":2166,"column":15},"end":{"line":2166,"column":46}},"766":{"start":{"line":2168,"column":4},"end":{"line":2172,"column":24}},"767":{"start":{"line":2173,"column":2},"end":{"line":2173,"column":60}},"768":{"start":{"line":2180,"column":13},"end":{"line":2215,"column":3}},"769":{"start":{"line":2181,"column":20},"end":{"line":2181,"column":37}},"770":{"start":{"line":2182,"column":2},"end":{"line":2182,"column":33}},"771":{"start":{"line":2183,"column":2},"end":{"line":2183,"column":47}},"772":{"start":{"line":2185,"column":18},"end":{"line":2185,"column":65}},"773":{"start":{"line":2186,"column":16},"end":{"line":2186,"column":90}},"774":{"start":{"line":2188,"column":19},"end":{"line":2188,"column":64}},"775":{"start":{"line":2189,"column":20},"end":{"line":2189,"column":40}},"776":{"start":{"line":2190,"column":2},"end":{"line":2192,"column":3}},"777":{"start":{"line":2191,"column":4},"end":{"line":2191,"column":58}},"778":{"start":{"line":2194,"column":16},"end":{"line":2194,"column":55}},"779":{"start":{"line":2195,"column":2},"end":{"line":2197,"column":3}},"780":{"start":{"line":2196,"column":4},"end":{"line":2196,"column":97}},"781":{"start":{"line":2199,"column":2},"end":{"line":2204,"column":5}},"782":{"start":{"line":2206,"column":2},"end":{"line":2212,"column":5}},"783":{"start":{"line":2214,"column":2},"end":{"line":2214,"column":41}},"784":{"start":{"line":2221,"column":13},"end":{"line":2258,"column":3}},"785":{"start":{"line":2222,"column":20},"end":{"line":2222,"column":37}},"786":{"start":{"line":2223,"column":2},"end":{"line":2223,"column":33}},"787":{"start":{"line":2224,"column":2},"end":{"line":2224,"column":47}},"788":{"start":{"line":2226,"column":13},"end":{"line":2226,"column":50}},"789":{"start":{"line":2227,"column":17},"end":{"line":2227,"column":93}},"790":{"start":{"line":2229,"column":19},"end":{"line":2233,"column":10}},"791":{"start":{"line":2235,"column":2},"end":{"line":2237,"column":3}},"792":{"start":{"line":2236,"column":4},"end":{"line":2236,"column":75}},"793":{"start":{"line":2239,"column":14},"end":{"line":2247,"column":4}},"794":{"start":{"line":2249,"column":2},"end":{"line":2255,"column":5}},"795":{"start":{"line":2257,"column":2},"end":{"line":2257,"column":43}},"796":{"start":{"line":2260,"column":13},"end":{"line":2289,"column":3}},"797":{"start":{"line":2261,"column":20},"end":{"line":2261,"column":37}},"798":{"start":{"line":2262,"column":2},"end":{"line":2262,"column":33}},"799":{"start":{"line":2263,"column":2},"end":{"line":2263,"column":47}},"800":{"start":{"line":2265,"column":18},"end":{"line":2265,"column":65}},"801":{"start":{"line":2267,"column":19},"end":{"line":2267,"column":61}},"802":{"start":{"line":2268,"column":20},"end":{"line":2268,"column":40}},"803":{"start":{"line":2269,"column":2},"end":{"line":2271,"column":3}},"804":{"start":{"line":2270,"column":4},"end":{"line":2270,"column":68}},"805":{"start":{"line":2273,"column":2},"end":{"line":2277,"column":5}},"806":{"start":{"line":2279,"column":14},"end":{"line":2279,"column":64}},"807":{"start":{"line":2281,"column":2},"end":{"line":2286,"column":5}},"808":{"start":{"line":2288,"column":2},"end":{"line":2288,"column":37}},"809":{"start":{"line":2295,"column":13},"end":{"line":2321,"column":2}},"810":{"start":{"line":2298,"column":26},"end":{"line":2298,"column":28}},"811":{"start":{"line":2299,"column":19},"end":{"line":2299,"column":77}},"812":{"start":{"line":2300,"column":21},"end":{"line":2300,"column":63}},"813":{"start":{"line":2302,"column":24},"end":{"line":2306,"column":12}},"814":{"start":{"line":2308,"column":4},"end":{"line":2311,"column":5}},"815":{"start":{"line":2309,"column":6},"end":{"line":2309,"column":55}},"816":{"start":{"line":2310,"column":6},"end":{"line":2310,"column":13}},"817":{"start":{"line":2313,"column":18},"end":{"line":2313,"column":28}},"818":{"start":{"line":2314,"column":4},"end":{"line":2316,"column":5}},"819":{"start":{"line":2315,"column":6},"end":{"line":2315,"column":28}},"820":{"start":{"line":2317,"column":4},"end":{"line":2317,"column":25}},"821":{"start":{"line":2319,"column":4},"end":{"line":2319,"column":103}},"822":{"start":{"line":2327,"column":13},"end":{"line":2353,"column":2}},"823":{"start":{"line":2330,"column":23},"end":{"line":2330,"column":25}},"824":{"start":{"line":2331,"column":19},"end":{"line":2331,"column":74}},"825":{"start":{"line":2332,"column":21},"end":{"line":2332,"column":63}},"826":{"start":{"line":2334,"column":23},"end":{"line":2338,"column":12}},"827":{"start":{"line":2340,"column":4},"end":{"line":2343,"column":5}},"828":{"start":{"line":2341,"column":6},"end":{"line":2341,"column":60}},"829":{"start":{"line":2342,"column":6},"end":{"line":2342,"column":13}},"830":{"start":{"line":2345,"column":18},"end":{"line":2345,"column":28}},"831":{"start":{"line":2346,"column":4},"end":{"line":2348,"column":5}},"832":{"start":{"line":2347,"column":6},"end":{"line":2347,"column":28}},"833":{"start":{"line":2349,"column":4},"end":{"line":2349,"column":25}},"834":{"start":{"line":2351,"column":4},"end":{"line":2351,"column":105}},"835":{"start":{"line":2368,"column":18},"end":{"line":2368,"column":63}},"836":{"start":{"line":2376,"column":19},"end":{"line":2376,"column":56}},"837":{"start":{"line":2377,"column":2},
[...]
column":60}}]},"215":{"loc":{"start":{"line":2067,"column":6},"end":{"line":2067,"column":51}},"type":"binary-expr","locations":[{"start":{"line":2067,"column":6},"end":{"line":2067,"column":22}},{"start":{"line":2067,"column":26},"end":{"line":2067,"column":51}}]},"216":{"loc":{"start":{"line":2087,"column":6},"end":{"line":2087,"column":76}},"type":"binary-expr","locations":[{"start":{"line":2087,"column":6},"end":{"line":2087,"column":30}},{"start":{"line":2087,"column":34},"end":{"line":2087,"column":76}}]},"217":{"loc":{"start":{"line":2090,"column":2},"end":{"line":2090,"column":40}},"type":"if","locations":[{"start":{"line":2090,"column":2},"end":{"line":2090,"column":40}}]},"218":{"loc":{"start":{"line":2095,"column":2},"end":{"line":2119,"column":3}},"type":"if","locations":[{"start":{"line":2095,"column":2},"end":{"line":2119,"column":3}}]},"219":{"loc":{"start":{"line":2096,"column":4},"end":{"line":2101,"column":22}},"type":"binary-expr","locations":[{"start":{"line":2096,"column":4},"end":{"line":2096,"column":13}},{"start":{"line":2097,"column":4},"end":{"line":2097,"column":33}},{"start":{"line":2098,"column":4},"end":{"line":2098,"column":34}},{"start":{"line":2099,"column":4},"end":{"line":2099,"column":30}},{"start":{"line":2100,"column":4},"end":{"line":2100,"column":31}},{"start":{"line":2101,"column":4},"end":{"line":2101,"column":22}}]},"220":{"loc":{"start":{"line":2112,"column":4},"end":{"line":2118,"column":5}},"type":"if","locations":[{"start":{"line":2112,"column":4},"end":{"line":2118,"column":5}}]},"221":{"loc":{"start":{"line":2112,"column":8},"end":{"line":2112,"column":57}},"type":"binary-expr","locations":[{"start":{"line":2112,"column":8},"end":{"line":2112,"column":25}},{"start":{"line":2112,"column":29},"end":{"line":2112,"column":57}}]},"222":{"loc":{"start":{"line":2116,"column":82},"end":{"line":2116,"column":121}},"type":"binary-expr","locations":[{"start":{"line":2116,"column":82},"end":{"line":2116,"column":96}},{"start":{"line":2116,"column":100},"end":{"line":2116,"column":121}}]},"223":{"loc":{"start":{"line":2116,"column":127},"end":{"line":2116,"column":172}},"type":"binary-expr","locations":[{"start":{"line":2116,"column":127},"end":{"line":2116,"column":144}},{"start":{"line":2116,"column":148},"end":{"line":2116,"column":172}}]},"224":{"loc":{"start":{"line":2127,"column":2},"end":{"line":2133,"column":3}},"type":"if","locations":[{"start":{"line":2127,"column":2},"end":{"line":2133,"column":3}}]},"225":{"loc":{"start":{"line":2155,"column":2},"end":{"line":2157,"column":3}},"type":"if","locations":[{"start":{"line":2155,"column":2},"end":{"line":2157,"column":3}}]},"226":{"loc":{"start":{"line":2186,"column":16},"end":{"line":2186,"column":90}},"type":"cond-expr","locations":[{"start":{"line":2186,"column":58},"end":{"line":2186,"column":83}},{"start":{"line":2186,"column":86},"end":{"line":2186,"column":90}}]},"227":{"loc":{"start":{"line":2190,"column":2},"end":{"line":2192,"column":3}},"type":"if","locations":[{"start":{"line":2190,"column":2},"end":{"line":2192,"column":3}}]},"228":{"loc":{"start":{"line":2195,"column":2},"end":{"line":2197,"column":3}},"type":"if","locations":[{"start":{"line":2195,"column":2},"end":{"line":2197,"column":3}}]},"229":{"loc":{"start":{"line":2196,"column":68},"end":{"line":2196,"column":92}},"type":"binary-expr","locations":[{"start":{"line":2196,"column":68},"end":{"line":2196,"column":80}},{"start":{"line":2196,"column":84},"end":{"line":2196,"column":92}}]},"230":{"loc":{"start":{"line":2211,"column":11},"end":{"line":2211,"column":29}},"type":"binary-expr","locations":[{"start":{"line":2211,"column":11},"end":{"line":2211,"column":16}},{"start":{"line":2211,"column":20},"end":{"line":2211,"column":29}}]},"231":{"loc":{"start":{"line":2227,"column":17},"end":{"line":2227,"column":93}},"type":"cond-expr","locations":[{"start":{"line":2227,"column":60},"end":{"line":2227,"column":86}},{"start":{"line":2227,"column":89},"end":{"line":2227,"column":93}}]},"232":{"loc":{"start":{"line":2235,"column":2},"end":{"line":2237,"column":3}},"type":"if","locations":[{"start":{"line":2235,"column":2},"end":{"line":2237,"column":3}}]},"233":{"loc":{"start":{"line":2254,"column":11},"end":{"line":2254,"column":30}},"type":"binary-expr","locations":[{"start":{"line":2254,"column":11},"end":{"line":2254,"column":17}},{"start":{"line":2254,"column":21},"end":{"line":2254,"column":30}}]},"234":{"loc":{"start":{"line":2269,"column":2},"end":{"line":2271,"column":3}},"type":"if","locations":[{"start":{"line":2269,"column":2},"end":{"line":2271,"column":3}}]},"235":{"loc":{"start":{"line":2279,"column":14},"end":{"line":2279,"column":64}},"type":"binary-expr","locations":[{"start":{"line":2279,"column":14},"end":{"line":2279,"column":53}},{"start":{"line":2279,"column":57},"end":{"line":2279,"column":64}}]},"236":{"loc":{"start":{"line":2308,"column":4},"end":{"line":2311,"column":5}},"type":"if","locations":[{"start":{"line":2308,"column":4},"end":{"line":2311,"column":5}}]},"237":{"loc":{"start":{"line":2340,"column":4},"end":{"line":2343,"column":5}},"type":"if","locations":[{"start":{"line":2340,"column":4},"end":{"line":2343,"column":5}}]},"238":{"loc":{"start":{"line":2379,"column":4},"end":{"line":2379,"column":29}},"type":"if","locations":[{"start":{"line":2379,"column":4},"end":{"line":2379,"column":29}}]},"239":{"loc":{"start":{"line":2411,"column":2},"end":{"line":2425,"column":3}},"type":"if","locations":[{"start":{"line":2411,"column":2},"end":{"line":2425,"column":3}}]},"240":{"loc":{"start":{"line":2414,"column":4},"end":{"line":2424,"column":5}},"type":"if","locations":[{"start":{"line":2414,"column":4},"end":{"line":2424,"column":5}}]},"241":{"loc":{"start":{"line":2441,"column":2},"end":{"line":2457,"column":3}},"type":"if","locations":[{"start":{"line":2441,"column":2},"end":{"line":2457,"column":3}}]},"242":{"loc":{"start":{"line":2467,"column":2},"end":{"line":2467,"column":26}},"type":"if","locations":[{"start":{"line":2467,"column":2},"end":{"line":2467,"column":26}}]},"243":{"loc":{"start":{"line":2473,"column":4},"end":{"line":2473,"column":61}},"type":"cond-expr","locations":[{"start":{"line":2473,"column":40},"end":{"line":2473,"column":50}},{"start":{"line":2473,"column":53},"end":{"line":2473,"column":61}}]},"244":{"loc":{"start":{"line":2481,"column":10},"end":{"line":2481,"column":66}},"type":"cond-expr","locations":[{"start":{"line":2481,"column":30},"end":{"line":2481,"column":61}},{"start":{"line":2481,"column":64},"end":{"line":2481,"column":66}}]},"245":{"loc":{"start":{"line":2496,"column":2},"end":{"line":2496,"column":66}},"type":"if","locations":[{"start":{"line":2496,"column":2},"end":{"line":2496,"column":66}}]},"246":{"loc":{"start":{"line":2496,"column":6},"end":{"line":2496,"column":57}},"type":"binary-expr","locations":[{"start":{"line":2496,"column":6},"end":{"line":2496,"column":13}},{"start":{"line":2496,"column":17},"end":{"line":2496,"column":23}},{"start":{"line":2496,"column":27},"end":{"line":2496,"column":57}}]},"247":{"loc":{"start":{"line":2498,"column":2},"end":{"line":2502,"column":3}},"type":"if","locations":[{"start":{"line":2498,"column":2},"end":{"line":2502,"column":3}}]},"248":{"loc":{"start":{"line":2498,"column":6},"end":{"line":2498,"column":57}},"type":"binary-expr","locations":[{"start":{"line":2498,"column":6},"end":{"line":2498,"column":29}},{"start":{"line":2498,"column":33},"end":{"line":2498,"column":57}}]},"249":{"loc":{"start":{"line":2515,"column":2},"end":{"line":2515,"column":66}},"type":"if","locations":[{"start":{"line":2515,"column":2},"end":{"line":2515,"column":66}}]},"250":{"loc":{"start":{"line":2515,"column":6},"end":{"line":2515,"column":57}},"type":"binary-expr","locations":[{"start":{"line":2515,"column":6},"end":{"line":2515,"column":13}},{"start":{"line":2515,"column":17},"end":{"line":2515,"column":23}},{"start":{"line":2515,"column":27},"end":{"line":2515,"column":57}}]},"251":{"loc":{"start":{"line":2517,"column":2},"end":{"line":2521,"column":3}},"type":"if","locations":[{"start":{"line":2517,"column":2},"end":{"line":2521,"column":3}}]},"252":{"loc":{"start":{"line":2517,"column":6},"end":{"line":2517,"column":57}},"type":"binary-expr","locations":[{"start":{"line":2517,"column":6},"end":{"line":2517,"column":30}},{"start":{"line":2517,"column":34},"end":{"line":2517,"column":57}}]},"253":{"loc":{"start":{"line":2533,"column":4},"end":{"line":2533,"column":24}},"type":"if","locations":[{"start":{"line":2533,"column":4},"end":{"line":2533,"column":24}}]},"254":{"loc":{"start":{"line":2535,"column":20},"end":{"line":2535,"column":77}},"type":"binary-expr","locations":[{"start":{"line":2535,"column":20},"end":{"line":2535,"column":56}},{"start":{"line":2535,"column":60},"end":{"line":2535,"column":77}}]},"255":{"loc":{"start":{"line":2556,"column":4},"end":{"line":2561,"column":5}},"type":"if","locations":[{"start":{"line":2556,"column":4},"end":{"line":2561,"column":5}}]},"256":{"loc":{"start":{"line":2616,"column":2},"end":{"line":2618,"column":3}},"type":"if","locations":[{"start":{"line":2616,"column":2},"end":{"line":2618,"column":3}}]}},"s":{"0":8,"1":8,"2":8,"3":8,"4":8,"5":8,"6":8,"7":8,"8":8,"9":8,"10":0,"11":0,"12":0,"13":0,"14":0,"15":0,"16":0,"17":0,"18":0,"19":0,"20":0,"21":0,"22":0,"23":0,"24":0,"25":0,"26":0,"27":0,"28":0,"29":0,"30":0,"31":8,"32":8,"33":8,"34":8,"35":17,"36":0,"37":17,"38":18,"39":17,"40":17,"41":18,"42":18,"43":15,"44":17,"45":3,"46":14,"47":15,"48":14,"49":14,"50":14,"51":14,"52":13,"53":1,"54":1,"55":0,"56":1,"57":1,"58":1,"59":14,"60":1,"61":1,"62":1,"63":1,"64":1,"65":1,"66":0,"67":18,"68":1,"69":8,"70":15,"71":15,"72":14,"73":14,"74":14,"75":13,"76":0,"77":13,"78":13,"79":13,"80":13,"81":0,"82":0,"83":0,"84":0,"85":13,"86":13,"87":13,"88":2,"89":2,"90":0,"91":2,"92":0,"93":2,"94":13,"95":13,"96":13,"97":13,"98":1,"99":12,"100":12,"101":1,"102":11,"103":1,"104":10,"105":10,"106":10,"107":10,"108":2,"109":8,"110":8,"111":8,"112":2,"113":6,"114":6,"115":6,"116":2,"117":2,"118":2,"119":2,"120":2,"121":1,"122":5,"123":2,"124":2,"125":2,"126":2,"127":2,"128":0,"129":2,"130":0,"131":2,"132":2,"133":1,"134":4,"135":4,"136":8,"137":3,"138":3,"139":3,"140":3,"141":3,"142":3,"143":3,"144":0,"145":3,"146":3,"147":0,"148":3,"149":1,"150":2,"151":2,"152":1,"153":1,"154":1,"155":1,"156":1,"157":1,"158":1,"159":8,"160":2,"161":2,"162":2,"163":2,"164":2,"165":2,"166":2,"167":0,"168":2,"169":2,"170":0,"171":2,"172":0,"173":2,"174":2,"175":1,"176":1,"177":1,"178":1,"179":8,"180":4,"181":4,"182":4,"183":0,"184":4,"185":4,"186":0,"187":4,"188":4,"189":4,"190":4,"191":4,"192":4,"193":8,"194":4,"195":4,"196":4,"197":1,"198":3,"199":0,"200":3,"201":4,"202":4,"203":4,"204":8,"205":3,"206":3,"207":3,"208":0,"209":3,"210":0,"211":3,"212":3,"213":3,"214":3,"215":3,"216":3,"217":1,"218":1,"219":1,"220":0,"221":0,"222":0,"223":0,"224":0,"225":0,"226":1,"227":1,"228":1,"229":1,"230":1,"231":1,"232":1,"233":1,"234":0,"235":1,"236":1,"237":1,"238":3,"239":4,"240":4,"241":4,"242":8,"243":4,"244":4,"245":4,"246":4,"247":4,"248":0,"249":4,"250":4,"251":4,"252":4,"253":4,"254":0,"255":4,"256":4,"257":0,"258":4,"259":1,"260":3,"261":3,"262":1,"263":2,"264":2,"265":2,"266":8,"267":3,"268":3,"269":3,"270":3,"271":3,"272":3,"273":3,"274":0,"275":3,"276":3,"277":0,"278":3,"279":1,"280":2,"281":2,"282":1,"283":1,"284":1,"285":1,"286":8,"287":3,"288":3,"289":3,"290":3,"291":3,"292":3,"293":3,"294":0,"295":3,"296":3,"297":0,"298":3,"299":1,"300":2,"301":2,"302":1,"303":1,"304":1,"305":1,"306":8,"307":1,"308":1,"309":1,"310":1,"311":1,"312":2,"313":1,"314":1,"315":1,"316":1,"317":1,"318":1,"319":1,"320":1,"321":8,"322":2,"323":2,"324":1,"325":1,"326":2,"327":1,"328":5,"329":2,"330":1,"331":8,"332":4,"333":4,"334":3,"335":3,"336":3,"337":1,"338":0,"339":1,"340":3,"341":1,"342":2,"343":2,"344":8,"345":2,"346":2,"347":2,"348":1,"349":1,"350":1,"351":1,"352":1,"353":1,"354":1,"355":1,"356":1,"357":8,"358":1,"359":1,"360":1,"361":1,"362":1,"363":1,"364":1,"365":1,"366":1,"367":0,"368":1,"369":1,"370":1,"371":1,"372":1,"373":1,"374":1,"375":1,"376":1,"377":1,"378":1,"379":1,"380":1,"381":0,"382":1,"383":1,"384":1,"385":1,"386":1,"387":2,"388":1,"389":1,"390":0,"391":0,"392":0,"393":0,"394":0,"395":0,"396":0,"397":0,"398":0,"399":0,"400":0,"401":0,"402":1,"403":26,"404":8,"405":3,"406":3,"407":3,"408":2,"409":2,"410":2,"411":2,"412":2,"413":2,"414":2,"415":2,"416":8,"417":2,"418":2,"419":2,"420":1,"421":1,"422":1,"423":1,"424":1,"425":1,"426":1,"427":1,"428":8,"429":2,"430":2,"431":2,"432":1,"433":1,"434":1,"435":1,"436":1,"437":1,"438":1,"439":1,"440":8,"441":2,"442":2,"443":2,"444":1,"445":1,"446":1,"447":1,"448":1,"449":1,"450":1,"451":1,"452":1,"453":0,"454":1,"455":1,"456":1,"457":1,"458":1,"459":1,"460":1,"461":1,"462":1,"463":1,"464":1,"465":8,"466":2,"467":2,"468":2,"469":1,"470":1,"471":1,"472":1,"473":0,"474":1,"475":1,"476":1,"477":8,"478":2,"479":2,"480":2,"481":2,"482":2,"483":2,"484":2,"485":1,"486":1,"487":1,"488":1,"489":8,"490":1,"491":1,"492":1,"493":1,"494":1,"495":1,"496":1,"497":1,"498":0,"499":1,"500":1,"501":1,"502":8,"503":2,"504":2,"505":2,"506":1,"507":1,"508":1,"509":1,"510":8,"511":4,"512":4,"513":3,"514":3,"515":1,"516":2,"517":2,"518":2,"519":2,"520":2,"521":2,"522":2,"523":2,"524":2,"525":2,"526":2,"527":2,"528":2,"529":2,"530":0,"531":0,"532":0,"533":0,"534":0,"535":0,"536":0,"537":0,"538":0,"539":2,"540":0,"541":0,"542":0,"543":0,"544":0,"545":2,"546":2,"547":2,"548":2,"549":2,"550":2,"551":2,"552":2,"553":0,"554":2,"555":8,"556":2,"557":2,"558":2,"559":2,"560":2,"561":2,"562":0,"563":2,"564":2,"565":1,"566":1,"567":1,"568":1,"569":8,"570":1,"571":1,"572":1,"573":1,"574":1,"575":1,"576":1,"577":0,"578":1,"579":1,"580":0,"581":1,"582":1,"583":1,"584":1,"585":1,"586":1,"587":1,"588":1,"589":1,"590":1,"591":1,"592":8,"593":2,"594":2,"595":2,"596":2,"597":2,"598":2,"599":2,"600":0,"601":2,"602":2,"603":1,"604":1,"605":1,"606":1,"607":8,"608":2,"609":2,"610":2,"611":2,"612":2,"613":2,"614":1,"615":1,"616":1,"617":1,"618":0,"619":1,"620":1,"621":0,"622":1,"623":1,"624":1,"625":1,"626":1,"627":1,"628":1,"629":1,"630":1,"631":1,"632":1,"633":8,"634":4,"635":4,"636":4,"637":3,"638":3,"639":2,"640":2,"641":2,"642":2,"643":2,"644":8,"645":1,"646":1,"647":1,"648":1,"649":1,"650":1,"651":1,"652":1,"653":1,"654":8,"655":1,"656":1,"657":1,"658":1,"659":1,"660":1,"661":1,"662":1,"663":1,"664":8,"665":2,"666":2,"667":2,"668":2,"669":2,"670":2,"671":2,"672":2,"673":2,"674":2,"675":0,"676":2,"677":1,"678":1,"679":1,"680":1,"681":1,"682":1,"683":8,"684":1,"685":1,"686":1,"687":1,"688":1,"689":1,"690":1,"691":0,"692":1,"693":1,"694":1,"695":8,"696":1,"697":1,"698":1,"699":1,"700":1,"701":1,"702":1,"703":0,"704":1,"705":1,"706":1,"707":8,"708":2,"709":2,"710":2,"711":1,"712":1,"713":1,"714":1,"715":0,"716":1,"717":1,"718":1,"719":8,"720":3,"721":3,"722":3,"723":3,"724":3,"725":3,"726":1,"727":2,"728":2,"729":2,"730":2,"731":0,"732":2,"733":2,"734":1,"735":1,"736":1,"737":1,"738":2,"739":2,"740":0,"741":0,"742":0,"743":0,"744":0,"745":0,"746":0,"747":0,"748":0,"749":0,"750":0,"751":0,"752":0,"753":0,"754":0,"755":0,"756":0,"757":0,"758":0,"759":0,"760":0,"761":0,"762":0,"763":2,"764":2,"765":2,"766":2,"767":2,"768":8,"769":5,"770":5,"771":4,"772":3,"773":3,"774":3,"775":3,"776":3,"777":1,"778":2,"779":2,"780":1,"781":1,"782":1,"783":1,"784":8,"785":4,"786":4,"787":4,"788":3,"789":3,"790":3,"791":3,"792":1,"793":2,"794":2,"795":2,"796":8,"797":1,"798":1,"799":1,"800":1,"801":1,"802":1,"803":1,"804":0,"805":1,"806":1,"807":1,"808":1,"809":8,"810":2,"811":2,"812":2,"813":2,"814":2,"815":1,"816":1,"817":1,"818":1,"819":1,"820":1,"821":1,"822":8,"823":2,"824":2,"825":2,"826":2,"827":2,"828":1,"829":1,"830":1,"831":1,"832":1,"833":1,"834":1,"835":8,"836":22,"837":22,"838":22,"839":22,"840":5,"841":17,"842":17,"843":8,"844":5,"845":8,"846":3,"847":8,"848":2,"849":2,"850":2,"851":2,"852":2,"853":2,"854":2,"855":1,"856":8,"857":3,"858":3,"859":3,"860":3,"861":3,"862":3,"863":3,"864":3,"865":3,"866":8,"867":2,"868":2,"869":2,"870":0,"871":2,"872":2,"873":2,"874":2,"875":2,"876":8,"877":5,"878":5,"879":5,"880":1,"881":4,"882":3,"883":8,"884":3,"885":8,"886":5,"887":5,"888":5,"889":1,"890":4,"891":3,"892":8,"893":0,"894":0,"895":0,"896":0,"897":0,"898":0,"899":0,"900":0,"901":0,"902":0,"903":0,"904":0,"905":0,"906":0,"907":0,"908":8,"909":8,"910":2,"911":8,"912":1,"913":8,"914":2,"915":8,"916":1,"917":8,"918":4,"919":4,"920":3,"921":2,"922":2,"923":1,"924":1,"925":1},"f":{"0":0,"1":0,"2":0,"3":0,"4":0,"5":17,"6":18,"7":15,"8":14,"9":1,"10":1,"11":18,"12":1,"13":15,"14":13,"15":2,"16":2,"17":3,"18":3,"19":2,"20":2,"21":4,"22":8,"23":3,"24":4,"25":4,"26":3,"27":3,"28":3,"29":3,"30":1,"31":2,"32":2,"33":2,"34":5,"35":2,"36":4,"37":0,"38":2,"39":1,"40":1,"41":1,"42":0,"43":26,"44":3,"45":2,"46":2,"47":2,"48":1,"49":1,"50":1,"51":2,"52":2,"53":1,"54":2,"55":4,"56":0,"57":2,"58":1,"59":2,"60":2,"61":4,"62":1,"63":1,"64":2,"65":1,"66":1,"67":2,"68":3,"69":2,"70":0,"71":0,"72":0,"73":0,"74":2,"75":5,"76":4,"77":1,"78":2,"79":2,"80":22,"81":22,"82":5,"83":3,"84":2,"85":3,"86":2,"87":5,"88":3,"89":5,"90":0,"91":2,"92":1,"93":2,"94":1,"95":4},"b":{"0":[0],"1":[0],"2":[0,0],"3":[0,0],"4":[0,0],"5":[0,0],"6":[0,0],"7":[0,0],"8":[0,0],"9":[0,0],"10":[0],"11":[0],"12":[0,0],"13":[0,0],"14":[0,0],"15":[0,0],"16":[0,0],"17":[0,0],"18":[0,0],"19":[0,0],"20":[0],"21":[15],"22":[3],"23":[14,0],"24":[13],"25":[0],"26":[1],"27":[1,0,0],"28":[1],"29":[18,6],"30":[18,14],"31":[18,0],"32":[0],"33":[13,13],"34":[13,10],"35":[0,13],"36":[0],"37":[0],"38":[0,0],"39":[13,11],"40":[2],"41":[0],"42":[0],"43":[1],"44":[1],"45":[1],"46":[10],"47":[2],"48":[10,9],"49":[2],"50":[8,7],"51":[6,3],"52":[2],"53":[6,3,2,2],"54":[2,2,2,2],"55":[1],"56":[2],"57":[0],"58":[0],"59":[2,2,0],"60":[1],"61":[0,4],"62":[0],"63":[0],"64":[3,3],"65":[1],"66":[1,0],"67":[1],"68":[2,2],"69":[1,1],"70":[0],"71":[0],"72":[0],"73":[0,0],"74":[1],"75":[2,2],"76":[0],"77":[0],"78":[4,0],"79":[1,3],"80":[0,3],"81":[3,0],"82":[1,3],"83":[1,3],"84":[0],"85":[3,3],"86":[0],"87":[1,0,0,1,1],"88":[1],"89":[0],"90":[0],"91":[1],"92":[1],"93":[0],"94":[1,1],"95":[1],"96":[1,1],"97":[1,3],"98":[0],"99":[0],"100":[0],"101":[4,4],"102":[1],"103":[1,0],"104":[1],"105":[3,3,2],"106":[1,1],"107":[0],"108":[0],"109":[1],"110":[1,0],"111":[1],"112":[2,2],"113":[0],"114":[0],"115":[1],"116":[1,0],"117":[1],"118":[2,2],"119":[1,1],"120":[2,1],"121":[1],"122":[1,0],"123":[1],"124":[3,3],"125":[1,1],"126":[1,0],"127":[1,1],"128":[1,1],"129":[1,1],"130":[1,1],"131":[1,0],"132":[0,1],"133":[0],"134":[1,0],"135":[1],"136":[1,1,1],"137":[1],"138":[0],"139":[1],"140":[1,1],"141":[0],"142":[1,1,1],"143":[0],"144":[0],"145":[0,0],"146":[26,18],"147":[2,1],"148":[2,0],"149":[2,2],"150":[2,1],"151":[2,2],"152":[2,2],"153":[2,0],"154":[1,1],"155":[1,0],"156":[1,1],"157":[1,1],"158":[1,1],"159":[1,1],"160":[1,0],"161":[1,1],"162":[1,0],"163":[1,1],"164":[1,1],"165":[1,1],"166":[1,1],"167":[1,0],"168":[1,0],"169":[0],"170":[1],"171":[1,0],"172":[1,0],"173":[0],"174":[1],"175":[0],"176":[1],"177":[1,1],"178":[1,1],"179":[1,1],"180":[2,2,0],"181":[2,0],"182":[2,2],"183":[0],"184":[0],"185":[0],"186":[0],"187":[1],"188":[0],"189":[0],"190":[1],"191":[1,1],"192":[0],"193":[1],"194":[2,1],"195":[1,1],"196":[1],"197":[0],"198":[0],"199":[1],"200":[1,1],"201":[2],"202":[0],"203":[1],"204":[0],"205":[0],"206":[0],"207":[1],"208":[3,1],"209":[0,2],"210":[0],"211":[1],"212":[1,0],"213":[1,1],"214":[2],"215":[2,0],"216":[0,0],"217":[0],"218":[0],"219":[0,0,0,0,0,0],"220":[0],"221":[0,0],"222":[0,0],"223":[0,0],"224":[0],"225":[0],"226":[1,2],"227":[1],"228":[1],"229":[1,0],"230":[1,0],"231":[1,2],"232":[1],"233":[2,1],"234":[0],"235":[1,0],"236":[1],"237":[1],"238":[5],"239":[2],"240":[1],"241":[3],"242":[0],"243":[1,1],"244":[2,0],"245":[1],"246":[5,5,5],"247":[3],"248":[4,3],"249":[1],"250":[5,5,5],"251":[3],"252":[4,3],"253":[0],"254":[0,0],"255":[0],"256":[1]}}
}
