{"/Users/amathba/WORKSPACE/outalma/app/functions/src/public_profiles.ts": {"path":"/Users/amathba/WORKSPACE/outalma/app/functions/src/public_profiles.ts","statementMap":{"0":{"start":{"line":37,"column":0},"end":{"line":37,"column":16}},"1":{"start":{"line":52,"column":0},"end":{"line":52,"column":16}},"2":{"start":{"line":19,"column":0},"end":{"line":19,"column":40}},"3":{"start":{"line":20,"column":0},"end":{"line":20,"column":68}},"4":{"start":{"line":21,"column":0},"end":{"line":21,"column":53}},"5":{"start":{"line":22,"column":0},"end":{"line":22,"column":52}},"6":{"start":{"line":23,"column":0},"end":{"line":23,"column":65}},"7":{"start":{"line":25,"column":11},"end":{"line":25,"column":34}},"8":{"start":{"line":25,"column":17},"end":{"line":25,"column":34}},"9":{"start":{"line":40,"column":2},"end":{"line":40,"column":25}},"10":{"start":{"line":40,"column":13},"end":{"line":40,"column":25}},"11":{"start":{"line":42,"column":4},"end":{"line":42,"column":64}},"12":{"start":{"line":43,"column":33},"end":{"line":43,"column":48}},"13":{"start":{"line":44,"column":2},"end":{"line":46,"column":3}},"14":{"start":{"line":45,"column":4},"end":{"line":45,"column":39}},"15":{"start":{"line":47,"column":2},"end":{"line":47,"column":17}},"16":{"start":{"line":56,"column":2},"end":{"line":56,"column":47}},"17":{"start":{"line":56,"column":32},"end":{"line":56,"column":47}},"18":{"start":{"line":57,"column":2},"end":{"line":60,"column":4}},"19":{"start":{"line":67,"column":13},"end":{"line":89,"column":2}},"20":{"start":{"line":70,"column":16},"end":{"line":70,"column":32}},"21":{"start":{"line":71,"column":16},"end":{"line":71,"column":59}},"22":{"start":{"line":73,"column":18},"end":{"line":73,"column":64}},"23":{"start":{"line":76,"column":4},"end":{"line":79,"column":5}},"24":{"start":{"line":77,"column":6},"end":{"line":77,"column":25}},"25":{"start":{"line":78,"column":6},"end":{"line":78,"column":13}},"26":{"start":{"line":81,"column":19},"end":{"line":81,"column":66}},"27":{"start":{"line":82,"column":4},"end":{"line":82,"column":48}},"28":{"start":{"line":82,"column":41},"end":{"line":82,"column":48}},"29":{"start":{"line":86,"column":4},"end":{"line":86,"column":25}},"30":{"start":{"line":87,"column":4},"end":{"line":87,"column":52}},"31":{"start":{"line":95,"column":13},"end":{"line":121,"column":3}},"32":{"start":{"line":96,"column":2},"end":{"line":96,"column":41}},"33":{"start":{"line":97,"column":2},"end":{"line":97,"column":47}},"34":{"start":{"line":99,"column":15},"end":{"line":99,"column":51}},"35":{"start":{"line":100,"column":14},"end":{"line":100,"column":26}},"36":{"start":{"line":101,"column":16},"end":{"line":101,"column":17}},"37":{"start":{"line":102,"column":16},"end":{"line":102,"column":17}},"38":{"start":{"line":104,"column":2},"end":{"line":116,"column":3}},"39":{"start":{"line":105,"column":17},"end":{"line":105,"column":49}},"40":{"start":{"line":106,"column":4},"end":{"line":106,"column":32}},"41":{"start":{"line":106,"column":23},"end":{"line":106,"column":32}},"42":{"start":{"line":107,"column":4},"end":{"line":107,"column":68}},"43":{"start":{"line":108,"column":4},"end":{"line":108,"column":14}},"44":{"start":{"line":109,"column":4},"end":{"line":109,"column":14}},"45":{"start":{"line":111,"column":4},"end":{"line":115,"column":5}},"46":{"start":{"line":112,"column":6},"end":{"line":112,"column":27}},"47":{"start":{"line":113,"column":6},"end":{"line":113,"column":27}},"48":{"start":{"line":114,"column":6},"end":{"line":114,"column":18}},"49":{"start":{"line":117,"column":2},"end":{"line":117,"column":40}},"50":{"start":{"line":117,"column":19},"end":{"line":117,"column":40}},"51":{"start":{"line":119,"column":2},"end":{"line":119,"column":57}},"52":{"start":{"line":120,"column":2},"end":{"line":120,"column":21}}},"fnMap":{"0":{"name":"(anonymous_9)","decl":{"start":{"line":25,"column":11},"end":{"line":25,"column":14}},"loc":{"start":{"line":25,"column":17},"end":{"line":25,"column":34}}},"1":{"name":"projectPublicProfile","decl":{"start":{"line":37,"column":16},"end":{"line":37,"column":36}},"loc":{"start":{"line":38,"column":43},"end":{"line":48,"column":1}}},"2":{"name":"projectionsEqual","decl":{"start":{"line":52,"column":16},"end":{"line":52,"column":32}},"loc":{"start":{"line":54,"column":25},"end":{"line":61,"column":1}}},"3":{"name":"(anonymous_12)","decl":{"start":{"line":69,"column":2},"end":{"line":69,"column":7}},"loc":{"start":{"line":69,"column":18},"end":{"line":88,"column":3}}},"4":{"name":"(anonymous_13)","decl":{"start":{"line":95,"column":45},"end":{"line":95,"column":50}},"loc":{"start":{"line":95,"column":63},"end":{"line":121,"column":1}}}},"branchMap":{"0":{"loc":{"start":{"line":40,"column":2},"end":{"line":40,"column":25}},"type":"if","locations":[{"start":{"line":40,"column":2},"end":{"line":40,"column":25}}]},"1":{"loc":{"start":{"line":42,"column":4},"end":{"line":42,"column":64}},"type":"cond-expr","locations":[{"start":{"line":42,"column":43},"end":{"line":42,"column":59}},{"start":{"line":42,"column":62},"end":{"line":42,"column":64}}]},"2":{"loc":{"start":{"line":44,"column":2},"end":{"line":46,"column":3}},"type":"if","locations":[{"start":{"line":44,"column":2},"end":{"line":46,"column":3}}]},"3":{"loc":{"start":{"line":44,"column":6},"end":{"line":44,"column":69}},"type":"binary-expr","locations":[{"start":{"line":44,"column":6},"end":{"line":44,"column":40}},{"start":{"line":44,"column":44},"end":{"line":44,"column":69}}]},"4":{"loc":{"start":{"line":56,"column":2},"end":{"line":56,"column":47}},"type":"if","locations":[{"start":{"line":56,"column":2},"end":{"line":56,"column":47}}]},"5":{"loc":{"start":{"line":56,"column":6},"end":{"line":56,"column":30}},"type":"binary-expr","locations":[{"start":{"line":56,"column":6},"end":{"line":56,"column":16}},{"start":{"line":56,"column":20},"end":{"line":56,"column":30}}]},"6":{"loc":{"start":{"line":58,"column":4},"end":{"line":59,"column":51}},"type":"binary-expr","locations":[{"start":{"line":58,"column":4},"end":{"line":58,"column":35}},{"start":{"line":59,"column":4},"end":{"line":59,"column":51}}]},"7":{"loc":{"start":{"line":59,"column":5},"end":{"line":59,"column":24}},"type":"binary-expr","locations":[{"start":{"line":59,"column":5},"end":{"line":59,"column":16}},{"start":{"line":59,"column":20},"end":{"line":59,"column":24}}]},"8":{"loc":{"start":{"line":59,"column":31},"end":{"line":59,"column":50}},"type":"binary-expr","locations":[{"start":{"line":59,"column":31},"end":{"line":59,"column":42}},{"start":{"line":59,"column":46},"end":{"line":59,"column":50}}]},"9":{"loc":{"start":{"line":76,"column":4},"end":{"line":79,"column":5}},"type":"if","locations":[{"start":{"line":76,"column":4},"end":{"line":79,"column":5}}]},"10":{"loc":{"start":{"line":82,"column":4},"end":{"line":82,"column":48}},"type":"if","locations":[{"start":{"line":82,"column":4},"end":{"line":82,"column":48}}]},"11":{"loc":{"start":{"line":106,"column":4},"end":{"line":106,"column":32}},"type":"if","locations":[{"start":{"line":106,"column":4},"end":{"line":106,"column":32}}]},"12":{"loc":{"start":{"line":111,"column":4},"end":{"line":115,"column":5}},"type":"if","locations":[{"start":{"line":111,"column":4},"end":{"line":115,"column":5}}]},"13":{"loc":{"start":{"line":117,"column":2},"end":{"line":117,"column":40}},"type":"if","locations":[{"start":{"line":117,"column":2},"end":{"line":117,"column":40}}]}},"s":{"0":9,"1":9,"2":9,"3":9,"4":9,"5":9,"6":9,"7":9,"8":12,"9":23,"10":6,"11":17,"12":17,"13":17,"14":5,"15":17,"16":12,"17":6,"18":6,"19":9,"20":8,"21":8,"22":8,"23":8,"24":1,"25":1,"26":7,"27":7,"28":1,"29":6,"30":6,"31":9,"32":3,"33":2,"34":1,"35":1,"36":1,"37":1,"38":1,"39":2,"40":2,"41":0,"42":2,"43":2,"44":2,"45":2,"46":0,"47":0,"48":0,"49":1,"50":1,"51":1,"52":1},"f":{"0":12,"1":23,"2":12,"3":8,"4":3},"b":{"0":[6],"1":[15,2],"2":[5],"3":[17,6],"4":[6],"5":[12,6],"6":[6,4],"7":[4,2],"8":[4,2],"9":[1],"10":[1],"11":[0],"12":[0],"13":[1]}}
}
