TN:
SF:src/auth_phone.ts
FN:32,(anonymous_9)
FN:40,assertPhone
FN:51,assertCode
FN:68,assertDisplayName
FN:85,assertCountry
FN:101,basicAuthHeader
FN:105,postForm
FN:127,twilioStartVerification
FN:146,twilioCheckVerification
FN:183,findUserUidByPhone
FN:203,(anonymous_19)
FN:223,(anonymous_20)
FN:235,(anonymous_21)
FN:256,(anonymous_22)
FNF:14
FNH:0
FNDA:0,(anonymous_9)
FNDA:0,assertPhone
FNDA:0,assertCode
FNDA:0,assertDisplayName
FNDA:0,assertCountry
FNDA:0,basicAuthHeader
FNDA:0,postForm
FNDA:0,twilioStartVerification
FNDA:0,twilioCheckVerification
FNDA:0,findUserUidByPhone
FNDA:0,(anonymous_19)
FNDA:0,(anonymous_20)
FNDA:0,(anonymous_21)
FNDA:0,(anonymous_22)
DA:23,8
DA:24,8
DA:25,8
DA:26,8
DA:28,8
DA:29,8
DA:30,8
DA:32,8
DA:38,8
DA:41,0
DA:42,0
DA:44,0
DA:45,0
DA:46,0
DA:48,0
DA:52,0
DA:53,0
DA:55,0
DA:58,0
DA:59,0
DA:61,0
DA:66,8
DA:69,0
DA:70,0
DA:72,0
DA:73,0
DA:74,0
DA:76,0
DA:77,0
DA:79,0
DA:80,0
DA:82,0
DA:86,0
DA:87,0
DA:89,0
DA:91,0
DA:92,0
DA:94,0
DA:102,0
DA:110,0
DA:118,0
DA:119,0
DA:120,0
DA:124,0
DA:131,0
DA:132,0
DA:136,0
DA:140,0
DA:141,0
DA:142,0
DA:150,0
DA:151,0
DA:155,0
DA:159,0
DA:160,0
DA:161,0
DA:163,0
DA:164,0
DA:165,0
DA:184,0
DA:185,0
DA:186,0
DA:188,0
DA:189,0
DA:190,0
DA:198,8
DA:204,0
DA:205,0
DA:207,0
DA:209,0
DA:210,0
DA:218,8
DA:224,0
DA:225,0
DA:227,0
DA:231,0
DA:232,0
DA:235,0
DA:236,0
DA:239,0
DA:243,0
DA:251,8
DA:257,0
DA:258,0
DA:259,0
DA:260,0
DA:262,0
DA:265,0
DA:266,0
DA:272,0
DA:280,0
DA:281,0
DA:287,0
DA:288,0
DA:289,0
DA:294,0
DA:297,0
DA:299,0
DA:311,0
DA:315,0
LF:100
LH:13
BRDA:41,0,0,0
BRDA:45,1,0,0
BRDA:52,2,0,0
BRDA:58,3,0,0
BRDA:68,4,0,0
BRDA:68,5,0,0
BRDA:69,6,0,0
BRDA:73,7,0,0
BRDA:76,8,0,0
BRDA:79,9,0,0
BRDA:86,10,0,0
BRDA:91,11,0,0
BRDA:91,12,0,0
BRDA:91,12,1,0
BRDA:140,13,0,0
BRDA:159,14,0,0
BRDA:164,15,0,0
BRDA:164,16,0,0
BRDA:164,16,1,0
BRDA:189,17,0,0
BRDA:207,18,0,0
BRDA:207,18,1,0
BRDA:232,19,0,0
BRDA:265,20,0,0
BRDA:288,21,0,0
BRF:25
BRH:0
end_of_record
TN:
SF:src/common.ts
FN:3,assertAuthenticated
FN:9,requireString
FN:16,requireBoolean
FN:23,assertAdminClaim
FN:29,assertAdminOrModeratorClaim
FN:35,assertMinSupportClaim
FNF:6
FNH:6
FNDA:97,assertAuthenticated
FNDA:114,requireString
FNDA:12,requireBoolean
FNDA:36,assertAdminClaim
FNDA:14,assertAdminOrModeratorClaim
FNDA:13,assertMinSupportClaim
DA:1,9
DA:3,9
DA:4,97
DA:5,7
DA:9,9
DA:10,114
DA:11,7
DA:13,107
DA:16,9
DA:17,12
DA:18,5
DA:20,7
DA:23,9
DA:24,36
DA:25,14
DA:29,9
DA:30,14
DA:31,3
DA:35,9
DA:36,13
DA:37,2
LF:21
LH:21
BRDA:4,0,0,7
BRDA:10,1,0,7
BRDA:10,2,0,114
BRDA:10,2,1,109
BRDA:17,3,0,5
BRDA:24,4,0,14
BRDA:30,5,0,3
BRDA:30,6,0,14
BRDA:30,6,1,13
BRDA:36,7,0,2
BRDA:36,8,0,13
BRDA:36,8,1,12
BRDA:36,8,2,11
BRF:13
BRH:13
end_of_record
TN:
SF:src/index.ts
FN:29,ipHash
FN:33,getGeoForIp
FN:98,(anonymous_11)
FN:99,(anonymous_12)
FN:100,(anonymous_13)
FN:113,sendPushToUsers
FN:125,(anonymous_15)
FN:141,(anonymous_16)
FN:161,(anonymous_17)
FN:175,(anonymous_18)
FN:178,(anonymous_19)
FN:197,createNotification
FN:234,chatIdForBooking
FN:238,(anonymous_22)
FN:280,(anonymous_23)
FN:344,(anonymous_24)
FN:367,(anonymous_25)
FN:409,(anonymous_26)
FN:416,(anonymous_27)
FN:473,(anonymous_28)
FN:480,(anonymous_29)
FN:519,(anonymous_30)
FN:548,(anonymous_31)
FN:587,(anonymous_32)
FN:721,(anonymous_33)
FN:740,(anonymous_34)
FN:779,(anonymous_35)
FN:786,(anonymous_36)
FN:822,(anonymous_37)
FN:829,(anonymous_38)
FN:869,(anonymous_39)
FN:882,(anonymous_40)
FN:905,(anonymous_41)
FN:920,(anonymous_42)
FN:922,(anonymous_43)
FN:923,(anonymous_44)
FN:942,(anonymous_45)
FN:950,(anonymous_46)
FN:970,(anonymous_47)
FN:1014,timeZoneForCountry
FN:1020,(anonymous_49)
FN:1062,(anonymous_50)
FN:1094,(anonymous_51)
FN:1131,writeAdminLog
FN:1152,(anonymous_53)
FN:1191,(anonymous_54)
FN:1228,(anonymous_55)
FN:1265,(anonymous_56)
FN:1284,(anonymous_57)
FN:1286,(anonymous_58)
FN:1293,(anonymous_59)
FN:1341,(anonymous_60)
FN:1374,(anonymous_61)
FN:1403,(anonymous_62)
FN:1444,(anonymous_63)
FN:1468,(anonymous_64)
FN:1581,(anonymous_65)
FN:1596,(anonymous_66)
FN:1628,(anonymous_67)
FN:1687,(anonymous_68)
FN:1721,(anonymous_69)
FN:1791,(anonymous_70)
FN:1825,(anonymous_71)
FN:1855,(anonymous_72)
FN:1887,(anonymous_73)
FN:1936,(anonymous_74)
FN:1960,(anonymous_75)
FN:1984,(anonymous_76)
FN:2012,(anonymous_77)
FN:2057,detectAnomalies
FN:2085,(anonymous_79)
FN:2086,(anonymous_80)
FN:2124,(anonymous_81)
FN:2125,(anonymous_82)
FN:2160,haversineKm
FN:2180,(anonymous_84)
FN:2221,(anonymous_85)
FN:2260,(anonymous_86)
FN:2297,(anonymous_87)
FN:2329,(anonymous_88)
FN:2371,incrementStatIdempotent
FN:2377,(anonymous_90)
FN:2388,(anonymous_91)
FN:2394,(anonymous_92)
FN:2400,(anonymous_93)
FN:2428,(anonymous_94)
FN:2460,(anonymous_95)
FN:2493,(anonymous_96)
FN:2505,(anonymous_97)
FN:2512,(anonymous_98)
FN:2530,(anonymous_99)
FN:2582,(anonymous_100)
FN:2589,(anonymous_101)
FN:2596,(anonymous_102)
FN:2603,(anonymous_103)
FN:2610,(anonymous_104)
FNF:96
FNH:83
FNDA:0,ipHash
FNDA:0,getGeoForIp
FNDA:0,(anonymous_11)
FNDA:0,(anonymous_12)
FNDA:0,(anonymous_13)
FNDA:17,sendPushToUsers
FNDA:18,(anonymous_15)
FNDA:15,(anonymous_16)
FNDA:14,(anonymous_17)
FNDA:1,(anonymous_18)
FNDA:1,(anonymous_19)
FNDA:18,createNotification
FNDA:1,chatIdForBooking
FNDA:15,(anonymous_22)
FNDA:13,(anonymous_23)
FNDA:2,(anonymous_24)
FNDA:2,(anonymous_25)
FNDA:3,(anonymous_26)
FNDA:3,(anonymous_27)
FNDA:2,(anonymous_28)
FNDA:2,(anonymous_29)
FNDA:4,(anonymous_30)
FNDA:8,(anonymous_31)
FNDA:3,(anonymous_32)
FNDA:4,(anonymous_33)
FNDA:4,(anonymous_34)
FNDA:3,(anonymous_35)
FNDA:3,(anonymous_36)
FNDA:3,(anonymous_37)
FNDA:3,(anonymous_38)
FNDA:1,(anonymous_39)
FNDA:2,(anonymous_40)
FNDA:2,(anonymous_41)
FNDA:2,(anonymous_42)
FNDA:5,(anonymous_43)
FNDA:2,(anonymous_44)
FNDA:4,(anonymous_45)
FNDA:0,(anonymous_46)
FNDA:2,(anonymous_47)
FNDA:1,timeZoneForCountry
FNDA:1,(anonymous_49)
FNDA:1,(anonymous_50)
FNDA:0,(anonymous_51)
FNDA:26,writeAdminLog
FNDA:3,(anonymous_53)
FNDA:2,(anonymous_54)
FNDA:2,(anonymous_55)
FNDA:2,(anonymous_56)
FNDA:1,(anonymous_57)
FNDA:1,(anonymous_58)
FNDA:1,(anonymous_59)
FNDA:2,(anonymous_60)
FNDA:2,(anonymous_61)
FNDA:1,(anonymous_62)
FNDA:2,(anonymous_63)
FNDA:4,(anonymous_64)
FNDA:0,(anonymous_65)
FNDA:2,(anonymous_66)
FNDA:1,(anonymous_67)
FNDA:2,(anonymous_68)
FNDA:2,(anonymous_69)
FNDA:4,(anonymous_70)
FNDA:1,(anonymous_71)
FNDA:1,(anonymous_72)
FNDA:2,(anonymous_73)
FNDA:1,(anonymous_74)
FNDA:1,(anonymous_75)
FNDA:2,(anonymous_76)
FNDA:3,(anonymous_77)
FNDA:2,detectAnomalies
FNDA:0,(anonymous_79)
FNDA:0,(anonymous_80)
FNDA:0,(anonymous_81)
FNDA:0,(anonymous_82)
FNDA:2,haversineKm
FNDA:5,(anonymous_84)
FNDA:4,(anonymous_85)
FNDA:1,(anonymous_86)
FNDA:2,(anonymous_87)
FNDA:2,(anonymous_88)
FNDA:22,incrementStatIdempotent
FNDA:22,(anonymous_90)
FNDA:5,(anonymous_91)
FNDA:3,(anonymous_92)
FNDA:2,(anonymous_93)
FNDA:3,(anonymous_94)
FNDA:2,(anonymous_95)
FNDA:5,(anonymous_96)
FNDA:3,(anonymous_97)
FNDA:5,(anonymous_98)
FNDA:0,(anonymous_99)
FNDA:2,(anonymous_100)
FNDA:1,(anonymous_101)
FNDA:2,(anonymous_102)
FNDA:1,(anonymous_103)
FNDA:4,(anonymous_104)
DA:1,8
DA:2,8
DA:3,8
DA:4,8
DA:5,8
DA:6,8
DA:7,8
DA:9,8
DA:10,8
DA:16,8
DA:30,0
DA:34,0
DA:39,0
DA:40,0
DA:41,0
DA:43,0
DA:44,0
DA:45,0
DA:46,0
DA:47,0
DA:48,0
DA:61,0
DA:62,0
DA:63,0
DA:64,0
DA:69,0
DA:70,0
DA:80,0
DA:84,0
DA:88,0
DA:91,0
DA:97,8
DA:98,8
DA:99,8
DA:100,8
DA:120,17
DA:124,17
DA:125,18
DA:128,17
DA:129,17
DA:130,18
DA:131,18
DA:134,17
DA:140,14
DA:141,15
DA:151,14
DA:160,14
DA:161,14
DA:162,14
DA:163,1
DA:164,1
DA:165,1
DA:166,1
DA:171,1
DA:174,14
DA:176,1
DA:177,1
DA:178,1
DA:179,1
DA:180,1
DA:181,1
DA:187,0
DA:210,18
DA:235,1
DA:238,8
DA:239,15
DA:240,15
DA:242,14
DA:243,14
DA:244,14
DA:245,13
DA:246,0
DA:250,13
DA:251,13
DA:252,13
DA:258,13
DA:259,0
DA:260,0
DA:261,0
DA:262,0
DA:265,13
DA:266,13
DA:267,13
DA:268,2
DA:269,2
DA:270,0
DA:272,2
DA:273,0
DA:275,2
DA:278,13
DA:280,13
DA:284,13
DA:285,13
DA:286,1
DA:288,12
DA:293,12
DA:294,1
DA:296,11
DA:297,1
DA:300,10
DA:301,10
DA:302,10
DA:309,10
DA:310,2
DA:320,8
DA:323,8
DA:326,8
DA:327,2
DA:333,6
DA:334,6
DA:335,6
DA:341,2
DA:342,2
DA:343,2
DA:345,2
DA:350,2
DA:351,1
DA:362,5
DA:363,2
DA:364,2
DA:367,2
DA:368,2
DA:372,2
DA:373,2
DA:378,0
DA:380,2
DA:382,2
DA:383,1
DA:390,4
DA:406,4
DA:409,8
DA:410,3
DA:411,3
DA:413,3
DA:414,3
DA:416,3
DA:417,3
DA:418,3
DA:420,3
DA:427,3
DA:428,0
DA:431,3
DA:432,1
DA:439,2
DA:440,2
DA:441,1
DA:444,1
DA:445,1
DA:448,1
DA:461,1
DA:467,1
DA:470,1
DA:473,8
DA:474,2
DA:475,2
DA:477,2
DA:478,2
DA:480,2
DA:481,2
DA:482,2
DA:484,2
DA:489,2
DA:490,0
DA:493,2
DA:494,0
DA:500,2
DA:501,2
DA:502,1
DA:506,1
DA:511,1
DA:514,1
DA:517,8
DA:520,4
DA:521,4
DA:528,4
DA:531,4
DA:532,4
DA:533,4
DA:538,4
DA:539,4
DA:540,4
DA:543,4
DA:548,8
DA:549,4
DA:550,4
DA:552,4
DA:553,1
DA:554,3
DA:555,0
DA:557,3
DA:560,4
DA:570,4
DA:571,4
DA:585,8
DA:588,3
DA:593,3
DA:600,3
DA:601,3
DA:603,3
DA:604,3
DA:606,3
DA:608,3
DA:619,3
DA:621,3
DA:623,1
DA:624,1
DA:632,1
DA:634,0
DA:635,0
DA:643,0
DA:645,0
DA:646,0
DA:654,0
DA:656,1
DA:657,1
DA:665,1
DA:666,1
DA:674,1
DA:678,1
DA:679,1
DA:680,1
DA:681,0
DA:689,1
DA:690,1
DA:698,1
DA:702,3
DA:703,4
DA:708,4
DA:709,4
DA:721,8
DA:722,4
DA:723,4
DA:725,4
DA:727,4
DA:730,4
DA:731,0
DA:733,4
DA:738,4
DA:740,4
DA:741,4
DA:742,4
DA:744,4
DA:750,4
DA:751,0
DA:754,4
DA:755,1
DA:761,3
DA:762,3
DA:763,1
DA:766,2
DA:773,2
DA:776,2
DA:779,8
DA:780,3
DA:781,3
DA:783,3
DA:784,3
DA:786,3
DA:787,3
DA:788,3
DA:790,3
DA:795,3
DA:796,0
DA:799,3
DA:800,1
DA:806,2
DA:807,2
DA:808,1
DA:811,1
DA:816,1
DA:819,1
DA:822,8
DA:823,3
DA:824,3
DA:826,3
DA:827,3
DA:829,3
DA:830,3
DA:831,3
DA:833,3
DA:838,3
DA:839,0
DA:842,3
DA:843,1
DA:849,2
DA:850,2
DA:851,1
DA:854,1
DA:859,1
DA:862,1
DA:869,8
DA:870,1
DA:871,1
DA:876,1
DA:881,1
DA:882,2
DA:883,1
DA:884,1
DA:885,1
DA:888,1
DA:889,1
DA:893,1
DA:897,1
DA:899,1
DA:905,8
DA:906,2
DA:907,2
DA:910,1
DA:920,1
DA:921,2
DA:922,1
DA:923,5
DA:925,1
DA:942,8
DA:943,4
DA:944,4
DA:947,3
DA:948,3
DA:949,3
DA:950,1
DA:951,1
DA:953,3
DA:954,1
DA:960,2
DA:967,2
DA:970,8
DA:971,2
DA:972,2
DA:974,2
DA:976,1
DA:977,1
DA:980,1
DA:981,1
DA:982,1
DA:985,1
DA:996,1
DA:1003,1
DA:1015,1
DA:1018,8
DA:1021,1
DA:1022,1
DA:1023,1
DA:1026,1
DA:1032,1
DA:1034,1
DA:1035,1
DA:1036,1
DA:1037,1
DA:1039,1
DA:1040,1
DA:1041,1
DA:1043,1
DA:1046,1
DA:1051,1
DA:1052,1
DA:1053,1
DA:1055,1
DA:1061,1
DA:1062,1
DA:1063,1
DA:1064,1
DA:1065,1
DA:1066,1
DA:1068,1
DA:1069,1
DA:1077,1
DA:1078,2
DA:1086,1
DA:1091,1
DA:1093,0
DA:1094,0
DA:1095,0
DA:1096,0
DA:1097,0
DA:1098,0
DA:1100,0
DA:1101,0
DA:1109,0
DA:1110,0
DA:1118,0
DA:1123,1
DA:1138,26
DA:1152,8
DA:1153,3
DA:1154,3
DA:1155,3
DA:1157,2
DA:1158,2
DA:1161,2
DA:1162,2
DA:1163,2
DA:1166,2
DA:1177,2
DA:1184,2
DA:1191,8
DA:1192,2
DA:1193,2
DA:1194,2
DA:1196,1
DA:1197,1
DA:1199,1
DA:1200,1
DA:1201,1
DA:1203,1
DA:1214,1
DA:1221,1
DA:1228,8
DA:1229,2
DA:1230,2
DA:1231,2
DA:1233,1
DA:1234,1
DA:1236,1
DA:1237,1
DA:1238,1
DA:1240,1
DA:1251,1
DA:1258,1
DA:1265,8
DA:1266,2
DA:1267,2
DA:1268,2
DA:1270,1
DA:1271,1
DA:1273,1
DA:1278,1
DA:1284,1
DA:1286,1
DA:1287,1
DA:1288,1
DA:1289,0
DA:1293,1
DA:1295,1
DA:1300,1
DA:1301,1
DA:1302,1
DA:1307,1
DA:1318,1
DA:1321,1
DA:1326,1
DA:1334,1
DA:1341,8
DA:1342,2
DA:1343,2
DA:1344,2
DA:1346,1
DA:1348,1
DA:1349,1
DA:1350,1
DA:1351,0
DA:1354,1
DA:1360,1
DA:1367,1
DA:1374,8
DA:1375,2
DA:1376,2
DA:1377,2
DA:1379,2
DA:1381,2
DA:1382,2
DA:1383,2
DA:1384,1
DA:1387,1
DA:1389,1
DA:1396,1
DA:1403,8
DA:1404,1
DA:1405,1
DA:1406,1
DA:1408,1
DA:1409,1
DA:1411,1
DA:1412,1
DA:1413,1
DA:1414,0
DA:1417,1
DA:1425,1
DA:1432,1
DA:1444,8
DA:1445,2
DA:1446,2
DA:1447,2
DA:1449,1
DA:1452,1
DA:1454,1
DA:1461,1
DA:1468,8
DA:1469,4
DA:1470,4
DA:1472,3
DA:1473,3
DA:1474,1
DA:1477,2
DA:1479,2
DA:1481,2
DA:1485,2
DA:1488,2
DA:1491,2
DA:1492,2
DA:1493,2
DA:1494,2
DA:1495,2
DA:1496,2
DA:1497,2
DA:1498,2
DA:1499,2
DA:1500,0
DA:1501,0
DA:1502,0
DA:1503,0
DA:1504,0
DA:1505,0
DA:1506,0
DA:1507,0
DA:1508,0
DA:1512,2
DA:1513,0
DA:1518,0
DA:1519,0
DA:1520,0
DA:1536,0
DA:1540,2
DA:1541,2
DA:1543,2
DA:1561,2
DA:1562,2
DA:1563,2
DA:1578,2
DA:1581,2
DA:1582,0
DA:1585,2
DA:1596,8
DA:1597,2
DA:1598,2
DA:1600,2
DA:1602,2
DA:1603,2
DA:1604,2
DA:1605,0
DA:1608,2
DA:1609,2
DA:1610,1
DA:1613,1
DA:1615,1
DA:1625,1
DA:1628,8
DA:1629,1
DA:1630,1
DA:1631,1
DA:1633,1
DA:1635,1
DA:1636,1
DA:1637,1
DA:1638,0
DA:1641,1
DA:1642,1
DA:1643,0
DA:1646,1
DA:1647,1
DA:1652,1
DA:1656,1
DA:1658,1
DA:1666,1
DA:1669,1
DA:1670,1
DA:1671,1
DA:1676,1
DA:1684,1
DA:1687,8
DA:1688,2
DA:1689,2
DA:1690,2
DA:1692,2
DA:1694,2
DA:1695,2
DA:1696,2
DA:1697,0
DA:1700,2
DA:1702,2
DA:1703,1
DA:1709,1
DA:1711,1
DA:1718,1
DA:1721,8
DA:1722,2
DA:1723,2
DA:1724,2
DA:1726,2
DA:1727,2
DA:1728,2
DA:1729,1
DA:1732,1
DA:1733,1
DA:1734,1
DA:1735,0
DA:1738,1
DA:1739,1
DA:1740,0
DA:1743,1
DA:1744,1
DA:1750,1
DA:1754,1
DA:1756,1
DA:1766,1
DA:1769,1
DA:1770,1
DA:1771,1
DA:1776,1
DA:1784,1
DA:1791,8
DA:1792,4
DA:1793,4
DA:1794,4
DA:1796,3
DA:1797,3
DA:1799,2
DA:1801,2
DA:1812,2
DA:1814,2
DA:1822,2
DA:1825,8
DA:1826,1
DA:1827,1
DA:1828,1
DA:1830,1
DA:1832,1
DA:1834,1
DA:1841,1
DA:1845,1
DA:1852,1
DA:1855,8
DA:1856,1
DA:1857,1
DA:1858,1
DA:1860,1
DA:1861,1
DA:1863,1
DA:1874,1
DA:1876,1
DA:1884,1
DA:1887,8
DA:1888,2
DA:1889,2
DA:1890,2
DA:1892,2
DA:1893,2
DA:1894,2
DA:1896,2
DA:1897,2
DA:1898,2
DA:1899,2
DA:1900,0
DA:1902,2
DA:1903,1
DA:1905,1
DA:1908,1
DA:1919,1
DA:1921,1
DA:1929,1
DA:1936,8
DA:1937,1
DA:1938,1
DA:1939,1
DA:1941,1
DA:1942,1
DA:1943,1
DA:1944,1
DA:1945,0
DA:1948,1
DA:1950,1
DA:1957,1
DA:1960,8
DA:1961,1
DA:1962,1
DA:1963,1
DA:1965,1
DA:1966,1
DA:1967,1
DA:1968,1
DA:1969,0
DA:1972,1
DA:1974,1
DA:1981,1
DA:1984,8
DA:1985,2
DA:1986,2
DA:1987,2
DA:1989,1
DA:1990,1
DA:1991,1
DA:1992,1
DA:1993,0
DA:1996,1
DA:1998,1
DA:2005,1
DA:2012,8
DA:2013,3
DA:2014,3
DA:2015,3
DA:2017,3
DA:2018,3
DA:2019,3
DA:2020,1
DA:2022,2
DA:2024,2
DA:2025,2
DA:2026,2
DA:2027,0
DA:2030,2
DA:2031,2
DA:2032,1
DA:2035,1
DA:2042,1
DA:2050,1
DA:2067,2
DA:2073,0
DA:2076,0
DA:2084,0
DA:2085,0
DA:2087,0
DA:2090,0
DA:2092,0
DA:2095,0
DA:2103,0
DA:2109,0
DA:2110,0
DA:2112,0
DA:2113,0
DA:2122,0
DA:2124,0
DA:2125,0
DA:2127,0
DA:2128,0
DA:2136,0
DA:2137,0
DA:2155,0
DA:2156,0
DA:2164,2
DA:2165,2
DA:2166,2
DA:2168,2
DA:2173,2
DA:2180,8
DA:2181,5
DA:2182,5
DA:2183,4
DA:2185,3
DA:2186,3
DA:2188,3
DA:2189,3
DA:2190,3
DA:2191,1
DA:2194,2
DA:2195,2
DA:2196,1
DA:2199,1
DA:2206,1
DA:2214,1
DA:2221,8
DA:2222,4
DA:2223,4
DA:2224,4
DA:2226,3
DA:2227,3
DA:2229,3
DA:2235,3
DA:2236,1
DA:2239,2
DA:2249,2
DA:2257,2
DA:2260,8
DA:2261,1
DA:2262,1
DA:2263,1
DA:2265,1
DA:2267,1
DA:2268,1
DA:2269,1
DA:2270,0
DA:2273,1
DA:2279,1
DA:2281,1
DA:2288,1
DA:2295,8
DA:2298,2
DA:2299,2
DA:2300,2
DA:2302,2
DA:2308,2
DA:2309,1
DA:2310,1
DA:2313,1
DA:2314,1
DA:2315,1
DA:2317,1
DA:2319,1
DA:2327,8
DA:2330,2
DA:2331,2
DA:2332,2
DA:2334,2
DA:2340,2
DA:2341,1
DA:2342,1
DA:2345,1
DA:2346,1
DA:2347,1
DA:2349,1
DA:2351,1
DA:2368,8
DA:2376,22
DA:2377,22
DA:2378,22
DA:2379,22
DA:2380,17
DA:2384,17
DA:2388,8
DA:2389,5
DA:2394,8
DA:2395,3
DA:2400,8
DA:2401,2
DA:2409,2
DA:2410,2
DA:2411,2
DA:2412,2
DA:2413,2
DA:2414,2
DA:2415,1
DA:2428,8
DA:2429,3
DA:2439,3
DA:2440,3
DA:2441,3
DA:2442,3
DA:2443,3
DA:2444,3
DA:2445,3
DA:2450,3
DA:2460,8
DA:2461,2
DA:2466,2
DA:2467,2
DA:2473,2
DA:2474,2
DA:2475,2
DA:2476,2
DA:2484,2
DA:2493,8
DA:2494,5
DA:2495,5
DA:2496,5
DA:2498,4
DA:2499,3
DA:2505,8
DA:2506,3
DA:2512,8
DA:2513,5
DA:2514,5
DA:2515,5
DA:2517,4
DA:2518,3
DA:2528,8
DA:2531,0
DA:2532,0
DA:2533,0
DA:2535,0
DA:2537,0
DA:2543,0
DA:2549,0
DA:2550,0
DA:2551,0
DA:2554,0
DA:2556,0
DA:2557,0
DA:2563,0
DA:2572,0
DA:2580,8
DA:2582,8
DA:2583,2
DA:2589,8
DA:2590,1
DA:2596,8
DA:2597,2
DA:2603,8
DA:2604,1
DA:2610,8
DA:2611,4
DA:2612,4
DA:2613,3
DA:2615,2
DA:2616,2
DA:2617,1
DA:2620,1
DA:2626,1
LF:895
LH:773
BRDA:43,0,0,0
BRDA:47,1,0,0
BRDA:49,2,0,0
BRDA:49,2,1,0
BRDA:50,3,0,0
BRDA:50,3,1,0
BRDA:51,4,0,0
BRDA:51,4,1,0
BRDA:52,5,0,0
BRDA:52,5,1,0
BRDA:53,6,0,0
BRDA:53,6,1,0
BRDA:54,7,0,0
BRDA:54,7,1,0
BRDA:55,8,0,0
BRDA:55,8,1,0
BRDA:56,9,0,0
BRDA:56,9,1,0
BRDA:63,10,0,0
BRDA:69,11,0,0
BRDA:71,12,0,0
BRDA:71,12,1,0
BRDA:72,13,0,0
BRDA:72,13,1,0
BRDA:73,14,0,0
BRDA:73,14,1,0
BRDA:74,15,0,0
BRDA:74,15,1,0
BRDA:75,16,0,0
BRDA:75,16,1,0
BRDA:76,17,0,0
BRDA:76,17,1,0
BRDA:77,18,0,0
BRDA:77,18,1,0
BRDA:78,19,0,0
BRDA:78,19,1,0
BRDA:120,20,0,0
BRDA:131,21,0,15
BRDA:134,22,0,3
BRDA:146,23,0,14
BRDA:146,23,1,0
BRDA:162,24,0,13
BRDA:164,25,0,0
BRDA:166,26,0,1
BRDA:167,27,0,1
BRDA:167,27,1,0
BRDA:167,27,2,0
BRDA:180,28,0,1
BRDA:218,29,0,18
BRDA:218,29,1,6
BRDA:219,30,0,18
BRDA:219,30,1,14
BRDA:220,31,0,18
BRDA:220,31,1,0
BRDA:245,32,0,0
BRDA:250,33,0,13
BRDA:250,33,1,13
BRDA:251,34,0,13
BRDA:251,34,1,10
BRDA:252,35,0,0
BRDA:252,35,1,13
BRDA:258,36,0,0
BRDA:261,37,0,0
BRDA:261,38,0,0
BRDA:261,38,1,0
BRDA:265,39,0,13
BRDA:265,39,1,11
BRDA:267,40,0,2
BRDA:269,41,0,0
BRDA:272,42,0,0
BRDA:285,43,0,1
BRDA:293,44,0,1
BRDA:296,45,0,1
BRDA:301,46,0,10
BRDA:309,47,0,2
BRDA:309,48,0,10
BRDA:309,48,1,9
BRDA:326,49,0,2
BRDA:326,50,0,8
BRDA:326,50,1,7
BRDA:333,51,0,6
BRDA:333,51,1,3
BRDA:335,52,0,2
BRDA:336,53,0,6
BRDA:336,53,1,3
BRDA:336,53,2,2
BRDA:336,53,3,2
BRDA:345,54,0,2
BRDA:345,54,1,2
BRDA:345,54,2,2
BRDA:345,54,3,2
BRDA:350,55,0,1
BRDA:362,56,0,2
BRDA:372,57,0,0
BRDA:373,58,0,0
BRDA:374,59,0,2
BRDA:374,59,1,2
BRDA:374,59,2,0
BRDA:382,60,0,1
BRDA:399,61,0,0
BRDA:399,61,1,4
BRDA:418,62,0,0
BRDA:427,63,0,0
BRDA:427,64,0,3
BRDA:427,64,1,3
BRDA:431,65,0,1
BRDA:434,66,0,1
BRDA:434,66,1,0
BRDA:440,67,0,1
BRDA:440,68,0,2
BRDA:440,68,1,2
BRDA:444,69,0,1
BRDA:444,69,1,1
BRDA:482,70,0,0
BRDA:489,71,0,0
BRDA:493,72,0,0
BRDA:496,73,0,0
BRDA:496,73,1,0
BRDA:501,74,0,1
BRDA:501,75,0,2
BRDA:501,75,1,2
BRDA:528,76,0,0
BRDA:532,77,0,0
BRDA:538,78,0,4
BRDA:538,78,1,0
BRDA:552,79,0,1
BRDA:552,79,1,3
BRDA:554,80,0,0
BRDA:554,80,1,3
BRDA:557,81,0,3
BRDA:557,81,1,0
BRDA:566,82,0,1
BRDA:566,82,1,3
BRDA:579,83,0,1
BRDA:579,83,1,3
BRDA:600,84,0,0
BRDA:600,85,0,3
BRDA:600,85,1,3
BRDA:601,86,0,0
BRDA:621,87,0,1
BRDA:621,87,1,0
BRDA:621,87,2,0
BRDA:621,87,3,1
BRDA:621,87,4,1
BRDA:623,88,0,1
BRDA:634,89,0,0
BRDA:645,90,0,0
BRDA:656,91,0,1
BRDA:665,92,0,1
BRDA:680,93,0,0
BRDA:680,94,0,1
BRDA:680,94,1,1
BRDA:689,95,0,1
BRDA:689,96,0,1
BRDA:689,96,1,1
BRDA:727,97,0,1
BRDA:727,97,1,3
BRDA:730,98,0,0
BRDA:742,99,0,0
BRDA:750,100,0,0
BRDA:750,101,0,4
BRDA:750,101,1,4
BRDA:754,102,0,1
BRDA:757,103,0,1
BRDA:757,103,1,0
BRDA:762,104,0,1
BRDA:762,105,0,3
BRDA:762,105,1,3
BRDA:762,105,2,2
BRDA:770,106,0,1
BRDA:770,106,1,1
BRDA:788,107,0,0
BRDA:795,108,0,0
BRDA:799,109,0,1
BRDA:802,110,0,1
BRDA:802,110,1,0
BRDA:807,111,0,1
BRDA:807,112,0,2
BRDA:807,112,1,2
BRDA:831,113,0,0
BRDA:838,114,0,0
BRDA:842,115,0,1
BRDA:845,116,0,1
BRDA:845,116,1,0
BRDA:850,117,0,1
BRDA:850,118,0,2
BRDA:850,118,1,2
BRDA:921,119,0,1
BRDA:921,119,1,1
BRDA:947,120,0,2
BRDA:947,120,1,1
BRDA:949,121,0,1
BRDA:951,122,0,1
BRDA:951,122,1,0
BRDA:953,123,0,1
BRDA:953,124,0,3
BRDA:953,124,1,3
BRDA:981,125,0,1
BRDA:981,125,1,1
BRDA:987,126,0,1
BRDA:987,126,1,0
BRDA:988,127,0,1
BRDA:988,127,1,1
BRDA:990,128,0,1
BRDA:990,128,1,1
BRDA:991,129,0,1
BRDA:991,129,1,1
BRDA:992,130,0,1
BRDA:992,130,1,1
BRDA:998,131,0,1
BRDA:998,131,1,0
BRDA:1015,132,0,0
BRDA:1015,132,1,1
BRDA:1037,133,0,0
BRDA:1037,134,0,1
BRDA:1037,134,1,0
BRDA:1046,135,0,1
BRDA:1046,136,0,1
BRDA:1046,136,1,1
BRDA:1046,136,2,1
BRDA:1051,137,0,1
BRDA:1064,138,0,0
BRDA:1068,139,0,1
BRDA:1083,140,0,1
BRDA:1083,140,1,1
BRDA:1091,141,0,0
BRDA:1091,142,0,1
BRDA:1091,142,1,1
BRDA:1091,142,2,1
BRDA:1096,143,0,0
BRDA:1100,144,0,0
BRDA:1115,145,0,0
BRDA:1115,145,1,0
BRDA:1143,146,0,26
BRDA:1143,146,1,18
BRDA:1162,147,0,2
BRDA:1162,147,1,1
BRDA:1168,148,0,2
BRDA:1168,148,1,0
BRDA:1169,149,0,2
BRDA:1169,149,1,2
BRDA:1170,150,0,2
BRDA:1170,150,1,1
BRDA:1172,151,0,2
BRDA:1172,151,1,2
BRDA:1173,152,0,2
BRDA:1173,152,1,2
BRDA:1179,153,0,2
BRDA:1179,153,1,0
BRDA:1200,154,0,1
BRDA:1200,154,1,1
BRDA:1205,155,0,1
BRDA:1205,155,1,0
BRDA:1206,156,0,1
BRDA:1206,156,1,1
BRDA:1207,157,0,1
BRDA:1207,157,1,1
BRDA:1208,158,0,1
BRDA:1208,158,1,1
BRDA:1210,159,0,1
BRDA:1210,159,1,1
BRDA:1216,160,0,1
BRDA:1216,160,1,0
BRDA:1237,161,0,1
BRDA:1237,161,1,1
BRDA:1242,162,0,1
BRDA:1242,162,1,0
BRDA:1243,163,0,1
BRDA:1243,163,1,1
BRDA:1244,164,0,1
BRDA:1244,164,1,1
BRDA:1245,165,0,1
BRDA:1245,165,1,1
BRDA:1246,166,0,1
BRDA:1246,166,1,1
BRDA:1253,167,0,1
BRDA:1253,167,1,0
BRDA:1271,168,0,1
BRDA:1271,168,1,0
BRDA:1288,169,0,0
BRDA:1301,170,0,1
BRDA:1312,171,0,1
BRDA:1312,171,1,0
BRDA:1318,172,0,1
BRDA:1318,172,1,0
BRDA:1350,173,0,0
BRDA:1383,174,0,1
BRDA:1413,175,0,0
BRDA:1473,176,0,1
BRDA:1477,177,0,1
BRDA:1477,177,1,1
BRDA:1479,178,0,1
BRDA:1479,178,1,1
BRDA:1481,179,0,1
BRDA:1481,179,1,1
BRDA:1485,180,0,2
BRDA:1485,180,1,2
BRDA:1485,180,2,0
BRDA:1488,181,0,2
BRDA:1488,181,1,0
BRDA:1488,182,0,2
BRDA:1488,182,1,2
BRDA:1499,183,0,0
BRDA:1512,184,0,0
BRDA:1518,185,0,0
BRDA:1604,186,0,0
BRDA:1609,187,0,1
BRDA:1637,188,0,0
BRDA:1642,189,0,0
BRDA:1669,190,0,1
BRDA:1670,191,0,1
BRDA:1670,191,1,1
BRDA:1696,192,0,0
BRDA:1702,193,0,1
BRDA:1702,194,0,2
BRDA:1702,194,1,1
BRDA:1727,195,0,1
BRDA:1727,195,1,1
BRDA:1728,196,0,1
BRDA:1734,197,0,0
BRDA:1739,198,0,0
BRDA:1769,199,0,1
BRDA:1770,200,0,1
BRDA:1770,200,1,1
BRDA:1897,201,0,2
BRDA:1899,202,0,0
BRDA:1902,203,0,1
BRDA:1944,204,0,0
BRDA:1968,205,0,0
BRDA:1992,206,0,0
BRDA:2019,207,0,1
BRDA:2019,208,0,3
BRDA:2019,208,1,1
BRDA:2022,209,0,0
BRDA:2022,209,1,2
BRDA:2026,210,0,0
BRDA:2031,211,0,1
BRDA:2032,212,0,1
BRDA:2032,212,1,0
BRDA:2047,213,0,1
BRDA:2047,213,1,1
BRDA:2067,214,0,2
BRDA:2067,215,0,2
BRDA:2067,215,1,0
BRDA:2087,216,0,0
BRDA:2087,216,1,0
BRDA:2090,217,0,0
BRDA:2095,218,0,0
BRDA:2096,219,0,0
BRDA:2096,219,1,0
BRDA:2096,219,2,0
BRDA:2096,219,3,0
BRDA:2096,219,4,0
BRDA:2096,219,5,0
BRDA:2112,220,0,0
BRDA:2112,221,0,0
BRDA:2112,221,1,0
BRDA:2116,222,0,0
BRDA:2116,222,1,0
BRDA:2116,223,0,0
BRDA:2116,223,1,0
BRDA:2127,224,0,0
BRDA:2155,225,0,0
BRDA:2186,226,0,1
BRDA:2186,226,1,2
BRDA:2190,227,0,1
BRDA:2195,228,0,1
BRDA:2196,229,0,1
BRDA:2196,229,1,0
BRDA:2211,230,0,1
BRDA:2211,230,1,0
BRDA:2227,231,0,1
BRDA:2227,231,1,2
BRDA:2235,232,0,1
BRDA:2254,233,0,2
BRDA:2254,233,1,1
BRDA:2269,234,0,0
BRDA:2279,235,0,1
BRDA:2279,235,1,0
BRDA:2308,236,0,1
BRDA:2340,237,0,1
BRDA:2379,238,0,5
BRDA:2411,239,0,2
BRDA:2414,240,0,1
BRDA:2441,241,0,3
BRDA:2467,242,0,0
BRDA:2473,243,0,1
BRDA:2473,243,1,1
BRDA:2481,244,0,2
BRDA:2481,244,1,0
BRDA:2496,245,0,1
BRDA:2496,246,0,5
BRDA:2496,246,1,5
BRDA:2496,246,2,5
BRDA:2498,247,0,3
BRDA:2498,248,0,4
BRDA:2498,248,1,3
BRDA:2515,249,0,1
BRDA:2515,250,0,5
BRDA:2515,250,1,5
BRDA:2515,250,2,5
BRDA:2517,251,0,3
BRDA:2517,252,0,4
BRDA:2517,252,1,3
BRDA:2533,253,0,0
BRDA:2535,254,0,0
BRDA:2535,254,1,0
BRDA:2556,255,0,0
BRDA:2616,256,0,1
BRF:409
BRH:253
end_of_record
