TN:
SF:src/audit.ts
FN:17,(anonymous_9)
FN:27,adminLogPayload
FN:38,writeAdminLog
FN:46,writeAdminLogTx
FNF:4
FNH:4
FNDA:42,(anonymous_9)
FNDA:42,adminLogPayload
FNDA:26,writeAdminLog
FNDA:16,writeAdminLogTx
DA:15,11
DA:17,42
DA:27,11
DA:28,42
DA:38,11
DA:39,26
DA:46,11
DA:50,16
LF:8
LH:8
BRDA:33,0,0,42
BRDA:33,0,1,29
BRF:2
BRH:2
end_of_record
TN:
SF:src/auth_phone.ts
FN:32,(anonymous_9)
FN:40,assertPhone
FN:51,assertCode
FN:68,assertDisplayName
FN:85,assertCountry
FN:101,basicAuthHeader
FN:105,postForm
FN:127,twilioStartVerification
FN:146,twilioCheckVerification
FN:183,findUserUidByPhone
FN:203,(anonymous_19)
FN:223,(anonymous_20)
FN:235,(anonymous_21)
FN:256,(anonymous_22)
FNF:14
FNH:0
FNDA:0,(anonymous_9)
FNDA:0,assertPhone
FNDA:0,assertCode
FNDA:0,assertDisplayName
FNDA:0,assertCountry
FNDA:0,basicAuthHeader
FNDA:0,postForm
FNDA:0,twilioStartVerification
FNDA:0,twilioCheckVerification
FNDA:0,findUserUidByPhone
FNDA:0,(anonymous_19)
FNDA:0,(anonymous_20)
FNDA:0,(anonymous_21)
FNDA:0,(anonymous_22)
DA:23,11
DA:24,11
DA:25,11
DA:26,11
DA:28,11
DA:29,11
DA:30,11
DA:32,11
DA:38,11
DA:41,0
DA:42,0
DA:44,0
DA:45,0
DA:46,0
DA:48,0
DA:52,0
DA:53,0
DA:55,0
DA:58,0
DA:59,0
DA:61,0
DA:66,11
DA:69,0
DA:70,0
DA:72,0
DA:73,0
DA:74,0
DA:76,0
DA:77,0
DA:79,0
DA:80,0
DA:82,0
DA:86,0
DA:87,0
DA:89,0
DA:91,0
DA:92,0
DA:94,0
DA:102,0
DA:110,0
DA:118,0
DA:119,0
DA:120,0
DA:124,0
DA:131,0
DA:132,0
DA:136,0
DA:140,0
DA:141,0
DA:142,0
DA:150,0
DA:151,0
DA:155,0
DA:159,0
DA:160,0
DA:161,0
DA:163,0
DA:164,0
DA:165,0
DA:184,0
DA:185,0
DA:186,0
DA:188,0
DA:189,0
DA:190,0
DA:198,11
DA:204,0
DA:205,0
DA:207,0
DA:209,0
DA:210,0
DA:218,11
DA:224,0
DA:225,0
DA:227,0
DA:231,0
DA:232,0
DA:235,0
DA:236,0
DA:239,0
DA:243,0
DA:251,11
DA:257,0
DA:258,0
DA:259,0
DA:260,0
DA:262,0
DA:265,0
DA:266,0
DA:272,0
DA:280,0
DA:281,0
DA:287,0
DA:288,0
DA:289,0
DA:294,0
DA:297,0
DA:299,0
DA:311,0
DA:315,0
LF:100
LH:13
BRDA:41,0,0,0
BRDA:45,1,0,0
BRDA:52,2,0,0
BRDA:58,3,0,0
BRDA:68,4,0,0
BRDA:68,5,0,0
BRDA:69,6,0,0
BRDA:73,7,0,0
BRDA:76,8,0,0
BRDA:79,9,0,0
BRDA:86,10,0,0
BRDA:91,11,0,0
BRDA:91,12,0,0
BRDA:91,12,1,0
BRDA:140,13,0,0
BRDA:159,14,0,0
BRDA:164,15,0,0
BRDA:164,16,0,0
BRDA:164,16,1,0
BRDA:189,17,0,0
BRDA:207,18,0,0
BRDA:207,18,1,0
BRDA:232,19,0,0
BRDA:265,20,0,0
BRDA:288,21,0,0
BRF:25
BRH:0
end_of_record
TN:
SF:src/common.ts
FN:3,assertAuthenticated
FN:9,requireString
FN:16,requireBoolean
FN:23,assertAdminClaim
FN:29,assertAdminOrModeratorClaim
FN:35,assertMinSupportClaim
FNF:6
FNH:6
FNDA:157,assertAuthenticated
FNDA:146,requireString
FNDA:12,requireBoolean
FNDA:39,assertAdminClaim
FNDA:40,assertAdminOrModeratorClaim
FNDA:13,assertMinSupportClaim
DA:1,12
DA:3,12
DA:4,157
DA:5,9
DA:9,12
DA:10,146
DA:11,9
DA:13,137
DA:16,12
DA:17,12
DA:18,5
DA:20,7
DA:23,12
DA:24,39
DA:25,15
DA:29,12
DA:30,40
DA:31,8
DA:35,12
DA:36,13
DA:37,2
LF:21
LH:21
BRDA:4,0,0,9
BRDA:10,1,0,9
BRDA:10,2,0,146
BRDA:10,2,1,140
BRDA:17,3,0,5
BRDA:24,4,0,15
BRDA:30,5,0,8
BRDA:30,6,0,40
BRDA:30,6,1,22
BRDA:36,7,0,2
BRDA:36,8,0,13
BRDA:36,8,1,12
BRDA:36,8,2,11
BRF:13
BRH:13
end_of_record
TN:
SF:src/identity_extraction.ts
FN:55,charValue
FN:65,checkDigit
FN:76,checkDigitMatches
FN:89,isolateMrzLines
FN:91,(anonymous_4)
FN:93,(anonymous_5)
FN:106,parseTd1
FN:123,(anonymous_7)
FN:181,strip
FN:185,humanName
FN:197,normalizeCniNumber
FN:215,pickCniNumber
FN:233,isValidBatchId
FN:242,buildObjectPaths
FN:297,extractionFromLines
FNF:15
FNH:15
FNDA:1966,charValue
FNDA:114,checkDigit
FNDA:94,checkDigitMatches
FNDA:25,isolateMrzLines
FNDA:75,(anonymous_4)
FNDA:75,(anonymous_5)
FNDA:26,parseTd1
FNDA:70,(anonymous_7)
FNDA:161,strip
FNDA:46,humanName
FNDA:53,normalizeCniNumber
FNDA:21,pickCniNumber
FNDA:41,isValidBatchId
FNDA:22,buildObjectPaths
FNDA:20,extractionFromLines
DA:18,12
DA:21,12
DA:22,12
DA:25,12
DA:28,12
DA:55,12
DA:56,1966
DA:57,572
DA:58,522
DA:59,3
DA:65,12
DA:66,114
DA:67,114
DA:68,1959
DA:69,1959
DA:70,1958
DA:72,113
DA:76,12
DA:77,94
DA:78,94
DA:79,94
DA:80,92
DA:89,12
DA:90,25
DA:91,75
DA:93,75
DA:98,25
DA:106,12
DA:107,26
DA:121,26
DA:123,70
DA:125,3
DA:130,23
DA:132,23
DA:133,23
DA:134,23
DA:136,23
DA:137,23
DA:138,23
DA:139,23
DA:140,23
DA:141,23
DA:143,23
DA:145,23
DA:162,23
DA:164,23
DA:165,23
DA:166,2
DA:168,23
DA:169,0
DA:171,23
DA:172,0
DA:174,23
DA:175,3
DA:178,23
DA:182,161
DA:186,46
DA:197,12
DA:198,53
DA:199,42
DA:215,12
DA:216,21
DA:219,21
DA:220,21
DA:221,5
DA:233,12
DA:234,41
DA:235,37
DA:236,32
DA:242,12
DA:246,22
DA:247,22
DA:279,12
DA:297,12
DA:298,20
DA:299,20
DA:301,18
DA:302,18
DA:303,18
DA:305,18
LF:80
LH:78
BRDA:56,0,0,1394
BRDA:56,1,0,1966
BRDA:56,1,1,1964
BRDA:57,2,0,50
BRDA:57,3,0,572
BRDA:57,3,1,51
BRDA:58,4,0,519
BRDA:69,5,0,1
BRDA:78,6,0,0
BRDA:79,7,0,2
BRDA:93,8,0,75
BRDA:93,8,1,66
BRDA:98,9,0,21
BRDA:98,9,1,4
BRDA:121,10,0,3
BRDA:122,11,0,26
BRDA:122,11,1,24
BRDA:123,12,0,70
BRDA:123,12,1,70
BRDA:130,13,0,0
BRDA:130,14,0,0
BRDA:130,15,0,0
BRDA:155,16,0,23
BRDA:155,16,1,0
BRDA:156,17,0,23
BRDA:156,17,1,0
BRDA:165,18,0,2
BRDA:168,19,0,0
BRDA:171,20,0,0
BRDA:174,21,0,3
BRDA:198,22,0,11
BRDA:220,23,0,16
BRDA:234,24,0,4
BRDA:235,25,0,5
BRDA:235,26,0,37
BRDA:235,26,1,33
BRDA:299,27,0,2
BRDA:306,28,0,17
BRDA:306,28,1,1
BRDA:309,29,0,18
BRDA:309,29,1,2
BRDA:311,30,0,16
BRDA:311,30,1,2
BRDA:312,31,0,18
BRDA:312,31,1,2
BRDA:313,32,0,18
BRDA:313,32,1,2
BRDA:314,33,0,18
BRDA:314,33,1,0
BRDA:315,34,0,18
BRDA:315,34,1,0
BRDA:316,35,0,18
BRDA:316,35,1,1
BRF:53
BRH:43
end_of_record
TN:
SF:src/identity_verification.ts
FN:32,(anonymous_9)
FN:65,verificationDocId
FN:106,setTextExtractor
FN:110,resetTextExtractor
FN:118,(anonymous_13)
FN:140,(anonymous_14)
FN:171,(anonymous_15)
FN:274,reconcileState
FN:286,(anonymous_17)
FN:316,readFingerprints
FN:323,(anonymous_19)
FN:355,runExtraction
FN:375,extractAndFlag
FN:394,(anonymous_22)
FN:431,findDuplicate
FN:491,readEditableFields
FN:510,assertFingerprintsUnchanged
FN:555,decide
FN:575,(anonymous_27)
FN:692,(anonymous_28)
FN:710,(anonymous_29)
FN:731,(anonymous_30)
FNF:22
FNH:22
FNDA:163,(anonymous_9)
FNDA:29,verificationDocId
FNDA:16,setTextExtractor
FNDA:21,resetTextExtractor
FNDA:28,(anonymous_13)
FNDA:21,(anonymous_14)
FNDA:6,(anonymous_15)
FNDA:20,reconcileState
FNDA:8,(anonymous_17)
FNDA:21,readFingerprints
FNDA:63,(anonymous_19)
FNDA:15,runExtraction
FNDA:15,extractAndFlag
FNDA:15,(anonymous_22)
FNDA:13,findDuplicate
FNDA:18,readEditableFields
FNDA:17,assertFingerprintsUnchanged
FNDA:20,decide
FNDA:18,(anonymous_27)
FNDA:19,(anonymous_28)
FNDA:8,(anonymous_29)
FNDA:3,(anonymous_30)
DA:10,11
DA:11,11
DA:12,11
DA:13,11
DA:14,11
DA:20,11
DA:21,11
DA:22,11
DA:32,163
DA:34,11
DA:35,11
DA:36,11
DA:37,11
DA:41,11
DA:42,11
DA:47,11
DA:51,11
DA:65,11
DA:66,29
DA:74,11
DA:100,11
DA:106,11
DA:107,16
DA:110,11
DA:111,21
DA:118,11
DA:119,28
DA:120,28
DA:122,27
DA:123,27
DA:126,6
DA:132,21
DA:133,21
DA:138,21
DA:140,19
DA:141,21
DA:142,21
DA:144,21
DA:150,21
DA:151,1
DA:154,20
DA:156,20
DA:157,2
DA:162,18
DA:163,1
DA:169,17
DA:170,17
DA:171,6
DA:173,17
DA:177,1
DA:183,16
DA:185,16
DA:204,16
DA:225,16
DA:237,16
DA:240,15
DA:243,1
DA:246,14
DA:248,14
DA:252,14
DA:278,20
DA:286,8
DA:291,20
DA:292,3
DA:295,3
DA:296,1
DA:300,20
DA:301,2
DA:304,2
DA:305,1
DA:306,1
DA:310,20
DA:321,21
DA:322,21
DA:324,63
DA:325,63
DA:326,63
DA:327,5
DA:332,58
DA:333,58
DA:334,58
DA:335,58
DA:338,0
DA:343,58
DA:346,19
DA:355,11
DA:367,15
DA:368,15
DA:371,0
DA:375,11
DA:380,15
DA:381,15
DA:382,15
DA:383,15
DA:384,14
DA:386,1
DA:389,15
DA:393,15
DA:394,15
DA:395,15
DA:398,15
DA:403,1
DA:405,14
DA:415,14
DA:435,13
DA:436,13
DA:438,13
DA:443,13
DA:444,13
DA:445,13
DA:447,4
DA:448,4
DA:449,3
DA:452,1
DA:453,0
DA:454,0
DA:455,0
DA:461,0
DA:471,11
DA:480,11
DA:492,18
DA:493,2
DA:494,2
DA:495,2
DA:496,12
DA:499,12
DA:503,2
DA:513,17
DA:514,17
DA:520,17
DA:521,49
DA:522,0
DA:528,49
DA:529,49
DA:533,0
DA:538,49
DA:540,1
DA:562,20
DA:563,20
DA:565,20
DA:566,20
DA:567,1
DA:569,19
DA:572,17
DA:575,18
DA:576,18
DA:577,18
DA:578,0
DA:580,18
DA:581,18
DA:582,18
DA:583,2
DA:589,16
DA:590,16
DA:591,16
DA:592,16
DA:596,16
DA:599,16
DA:603,16
DA:611,16
DA:614,2
DA:619,14
DA:623,16
DA:626,16
DA:644,16
DA:652,16
DA:655,16
DA:666,16
DA:670,16
DA:671,16
DA:677,16
DA:684,0
DA:689,16
DA:692,11
DA:693,19
DA:694,19
DA:697,18
DA:701,14
DA:702,14
DA:710,11
DA:711,8
DA:712,8
DA:713,8
DA:717,7
DA:718,7
DA:719,5
DA:720,1
DA:723,4
DA:731,11
DA:732,3
DA:733,3
DA:735,3
DA:737,2
DA:738,2
DA:739,2
DA:740,0
DA:743,2
LF:197
LH:186
BRDA:123,0,0,6
BRDA:150,1,0,1
BRDA:154,2,0,20
BRDA:154,2,1,13
BRDA:156,3,0,2
BRDA:162,4,0,1
BRDA:173,5,0,1
BRDA:240,6,0,1
BRDA:279,7,0,20
BRDA:279,7,1,17
BRDA:280,8,0,20
BRDA:280,8,1,18
BRDA:283,9,0,7
BRDA:283,9,1,13
BRDA:284,10,0,7
BRDA:284,10,1,13
BRDA:291,11,0,3
BRDA:295,12,0,1
BRDA:295,13,0,3
BRDA:295,13,1,2
BRDA:300,14,0,2
BRDA:301,15,0,2
BRDA:301,15,1,0
BRDA:304,16,0,1
BRDA:304,17,0,2
BRDA:304,17,1,2
BRDA:304,17,2,1
BRDA:326,18,0,5
BRDA:333,19,0,58
BRDA:333,19,1,0
BRDA:334,20,0,58
BRDA:334,20,1,0
BRDA:335,21,0,0
BRDA:335,22,0,58
BRDA:335,22,1,58
BRDA:389,23,0,13
BRDA:389,23,1,2
BRDA:398,24,0,1
BRDA:399,25,0,15
BRDA:399,25,1,14
BRDA:399,25,2,14
BRDA:445,26,0,9
BRDA:448,27,0,3
BRDA:449,28,0,3
BRDA:449,28,1,0
BRDA:452,29,0,1
BRDA:454,30,0,0
BRDA:492,31,0,16
BRDA:492,32,0,18
BRDA:492,32,1,2
BRDA:492,32,2,2
BRDA:499,33,0,3
BRDA:499,33,1,9
BRDA:499,34,0,12
BRDA:499,34,1,3
BRDA:521,35,0,0
BRDA:521,36,0,49
BRDA:521,36,1,49
BRDA:521,36,2,49
BRDA:538,37,0,1
BRDA:538,38,0,49
BRDA:538,38,1,48
BRDA:566,39,0,1
BRDA:569,40,0,17
BRDA:572,41,0,17
BRDA:572,41,1,0
BRDA:577,42,0,0
BRDA:580,43,0,18
BRDA:580,43,1,0
BRDA:581,44,0,2
BRDA:581,44,1,16
BRDA:582,45,0,2
BRDA:592,46,0,16
BRDA:592,46,1,0
BRDA:599,47,0,16
BRDA:599,47,1,2
BRDA:599,47,2,2
BRDA:606,48,0,5
BRDA:606,48,1,11
BRDA:607,49,0,16
BRDA:607,49,1,14
BRDA:608,50,0,1
BRDA:608,50,1,15
BRDA:611,51,0,2
BRDA:611,51,1,14
BRDA:615,52,0,2
BRDA:615,52,1,0
BRDA:623,53,0,16
BRDA:623,53,1,0
BRDA:624,54,0,3
BRDA:624,54,1,13
BRDA:630,55,0,11
BRDA:630,55,1,5
BRDA:633,56,0,16
BRDA:633,56,1,0
BRDA:649,57,0,5
BRDA:649,57,1,11
BRDA:659,58,0,5
BRDA:659,58,1,11
BRDA:663,59,0,5
BRDA:663,59,1,11
BRDA:666,60,0,16
BRDA:666,60,1,0
BRDA:719,61,0,1
BRDA:739,62,0,0
BRF:105
BRH:89
end_of_record
TN:
SF:src/index.ts
FN:31,ipHash
FN:35,getGeoForIp
FN:100,(anonymous_11)
FN:101,(anonymous_12)
FN:102,(anonymous_13)
FN:119,chatIdForBooking
FN:123,(anonymous_15)
FN:165,(anonymous_16)
FN:229,(anonymous_17)
FN:252,(anonymous_18)
FN:294,(anonymous_19)
FN:301,(anonymous_20)
FN:358,(anonymous_21)
FN:365,(anonymous_22)
FN:404,(anonymous_23)
FN:433,(anonymous_24)
FN:472,(anonymous_25)
FN:606,(anonymous_26)
FN:625,(anonymous_27)
FN:664,(anonymous_28)
FN:671,(anonymous_29)
FN:707,(anonymous_30)
FN:714,(anonymous_31)
FN:767,deleteIdentityVerificationData
FN:776,(anonymous_33)
FN:800,(anonymous_34)
FN:826,(anonymous_35)
FN:849,(anonymous_36)
FN:879,(anonymous_37)
FN:893,(anonymous_38)
FN:895,(anonymous_39)
FN:896,(anonymous_40)
FN:916,(anonymous_41)
FN:924,(anonymous_42)
FN:944,(anonymous_43)
FN:988,timeZoneForCountry
FN:994,(anonymous_45)
FN:1036,(anonymous_46)
FN:1068,(anonymous_47)
FN:1110,(anonymous_48)
FN:1149,(anonymous_49)
FN:1186,(anonymous_50)
FN:1223,(anonymous_51)
FN:1242,(anonymous_52)
FN:1244,(anonymous_53)
FN:1251,(anonymous_54)
FN:1299,(anonymous_55)
FN:1332,(anonymous_56)
FN:1361,(anonymous_57)
FN:1402,(anonymous_58)
FN:1426,(anonymous_59)
FN:1539,(anonymous_60)
FN:1554,(anonymous_61)
FN:1586,(anonymous_62)
FN:1645,(anonymous_63)
FN:1679,(anonymous_64)
FN:1749,(anonymous_65)
FN:1783,(anonymous_66)
FN:1813,(anonymous_67)
FN:1845,(anonymous_68)
FN:1894,(anonymous_69)
FN:1918,(anonymous_70)
FN:1942,(anonymous_71)
FN:1970,(anonymous_72)
FN:2015,detectAnomalies
FN:2043,(anonymous_74)
FN:2044,(anonymous_75)
FN:2082,(anonymous_76)
FN:2083,(anonymous_77)
FN:2118,haversineKm
FN:2138,(anonymous_79)
FN:2179,(anonymous_80)
FN:2218,(anonymous_81)
FN:2255,(anonymous_82)
FN:2287,(anonymous_83)
FN:2329,incrementStatIdempotent
FN:2335,(anonymous_85)
FN:2346,(anonymous_86)
FN:2352,(anonymous_87)
FN:2358,(anonymous_88)
FN:2386,(anonymous_89)
FN:2418,(anonymous_90)
FN:2451,(anonymous_91)
FN:2463,(anonymous_92)
FN:2470,(anonymous_93)
FN:2488,(anonymous_94)
FN:2540,(anonymous_95)
FN:2547,(anonymous_96)
FN:2554,(anonymous_97)
FN:2561,(anonymous_98)
FN:2568,(anonymous_99)
FN:2592,(anonymous_100)
FN:2593,(anonymous_101)
FN:2594,(anonymous_102)
FN:2595,(anonymous_103)
FNF:95
FNH:82
FNDA:0,ipHash
FNDA:0,getGeoForIp
FNDA:0,(anonymous_11)
FNDA:0,(anonymous_12)
FNDA:0,(anonymous_13)
FNDA:1,chatIdForBooking
FNDA:15,(anonymous_15)
FNDA:13,(anonymous_16)
FNDA:2,(anonymous_17)
FNDA:2,(anonymous_18)
FNDA:3,(anonymous_19)
FNDA:3,(anonymous_20)
FNDA:2,(anonymous_21)
FNDA:2,(anonymous_22)
FNDA:4,(anonymous_23)
FNDA:8,(anonymous_24)
FNDA:3,(anonymous_25)
FNDA:4,(anonymous_26)
FNDA:4,(anonymous_27)
FNDA:3,(anonymous_28)
FNDA:3,(anonymous_29)
FNDA:3,(anonymous_30)
FNDA:3,(anonymous_31)
FNDA:2,deleteIdentityVerificationData
FNDA:2,(anonymous_33)
FNDA:2,(anonymous_34)
FNDA:2,(anonymous_35)
FNDA:3,(anonymous_36)
FNDA:1,(anonymous_37)
FNDA:4,(anonymous_38)
FNDA:10,(anonymous_39)
FNDA:2,(anonymous_40)
FNDA:4,(anonymous_41)
FNDA:0,(anonymous_42)
FNDA:2,(anonymous_43)
FNDA:1,timeZoneForCountry
FNDA:1,(anonymous_45)
FNDA:1,(anonymous_46)
FNDA:0,(anonymous_47)
FNDA:3,(anonymous_48)
FNDA:2,(anonymous_49)
FNDA:2,(anonymous_50)
FNDA:2,(anonymous_51)
FNDA:1,(anonymous_52)
FNDA:1,(anonymous_53)
FNDA:1,(anonymous_54)
FNDA:2,(anonymous_55)
FNDA:2,(anonymous_56)
FNDA:1,(anonymous_57)
FNDA:2,(anonymous_58)
FNDA:4,(anonymous_59)
FNDA:0,(anonymous_60)
FNDA:2,(anonymous_61)
FNDA:1,(anonymous_62)
FNDA:2,(anonymous_63)
FNDA:2,(anonymous_64)
FNDA:4,(anonymous_65)
FNDA:1,(anonymous_66)
FNDA:1,(anonymous_67)
FNDA:2,(anonymous_68)
FNDA:1,(anonymous_69)
FNDA:1,(anonymous_70)
FNDA:2,(anonymous_71)
FNDA:3,(anonymous_72)
FNDA:2,detectAnomalies
FNDA:0,(anonymous_74)
FNDA:0,(anonymous_75)
FNDA:0,(anonymous_76)
FNDA:0,(anonymous_77)
FNDA:2,haversineKm
FNDA:5,(anonymous_79)
FNDA:4,(anonymous_80)
FNDA:1,(anonymous_81)
FNDA:2,(anonymous_82)
FNDA:2,(anonymous_83)
FNDA:22,incrementStatIdempotent
FNDA:22,(anonymous_85)
FNDA:5,(anonymous_86)
FNDA:3,(anonymous_87)
FNDA:2,(anonymous_88)
FNDA:3,(anonymous_89)
FNDA:2,(anonymous_90)
FNDA:5,(anonymous_91)
FNDA:3,(anonymous_92)
FNDA:5,(anonymous_93)
FNDA:0,(anonymous_94)
FNDA:2,(anonymous_95)
FNDA:1,(anonymous_96)
FNDA:2,(anonymous_97)
FNDA:1,(anonymous_98)
FNDA:4,(anonymous_99)
FNDA:28,(anonymous_100)
FNDA:19,(anonymous_101)
FNDA:8,(anonymous_102)
FNDA:3,(anonymous_103)
DA:1,11
DA:2,11
DA:3,11
DA:4,11
DA:5,11
DA:6,11
DA:7,11
DA:8,11
DA:9,11
DA:11,11
DA:12,11
DA:18,11
DA:32,0
DA:36,0
DA:41,0
DA:42,0
DA:43,0
DA:45,0
DA:46,0
DA:47,0
DA:48,0
DA:49,0
DA:50,0
DA:63,0
DA:64,0
DA:65,0
DA:66,0
DA:71,0
DA:72,0
DA:82,0
DA:86,0
DA:90,0
DA:93,0
DA:99,11
DA:100,11
DA:101,11
DA:102,11
DA:120,1
DA:123,11
DA:124,15
DA:125,15
DA:127,14
DA:128,14
DA:129,14
DA:130,13
DA:131,0
DA:135,13
DA:136,13
DA:137,13
DA:143,13
DA:144,0
DA:145,0
DA:146,0
DA:147,0
DA:150,13
DA:151,13
DA:152,13
DA:153,2
DA:154,2
DA:155,0
DA:157,2
DA:158,0
DA:160,2
DA:163,13
DA:165,13
DA:169,13
DA:170,13
DA:171,1
DA:173,12
DA:178,12
DA:179,1
DA:181,11
DA:182,1
DA:185,10
DA:186,10
DA:187,10
DA:194,10
DA:195,2
DA:205,8
DA:208,8
DA:211,8
DA:212,2
DA:218,6
DA:219,6
DA:220,6
DA:226,2
DA:227,2
DA:228,2
DA:230,2
DA:235,2
DA:236,1
DA:247,5
DA:248,2
DA:249,2
DA:252,2
DA:253,2
DA:257,2
DA:258,2
DA:263,0
DA:265,2
DA:267,2
DA:268,1
DA:275,4
DA:291,4
DA:294,11
DA:295,3
DA:296,3
DA:298,3
DA:299,3
DA:301,3
DA:302,3
DA:303,3
DA:305,3
DA:312,3
DA:313,0
DA:316,3
DA:317,1
DA:324,2
DA:325,2
DA:326,1
DA:329,1
DA:330,1
DA:333,1
DA:346,1
DA:352,1
DA:355,1
DA:358,11
DA:359,2
DA:360,2
DA:362,2
DA:363,2
DA:365,2
DA:366,2
DA:367,2
DA:369,2
DA:374,2
DA:375,0
DA:378,2
DA:379,0
DA:385,2
DA:386,2
DA:387,1
DA:391,1
DA:396,1
DA:399,1
DA:402,11
DA:405,4
DA:406,4
DA:413,4
DA:416,4
DA:417,4
DA:418,4
DA:423,4
DA:424,4
DA:425,4
DA:428,4
DA:433,8
DA:434,4
DA:435,4
DA:437,4
DA:438,1
DA:439,3
DA:440,0
DA:442,3
DA:445,4
DA:455,4
DA:456,4
DA:470,11
DA:473,3
DA:478,3
DA:485,3
DA:486,3
DA:488,3
DA:489,3
DA:491,3
DA:493,3
DA:504,3
DA:506,3
DA:508,1
DA:509,1
DA:517,1
DA:519,0
DA:520,0
DA:528,0
DA:530,0
DA:531,0
DA:539,0
DA:541,1
DA:542,1
DA:550,1
DA:551,1
DA:559,1
DA:563,1
DA:564,1
DA:565,1
DA:566,0
DA:574,1
DA:575,1
DA:583,1
DA:587,3
DA:588,4
DA:593,4
DA:594,4
DA:606,11
DA:607,4
DA:608,4
DA:610,4
DA:612,4
DA:615,4
DA:616,0
DA:618,4
DA:623,4
DA:625,4
DA:626,4
DA:627,4
DA:629,4
DA:635,4
DA:636,0
DA:639,4
DA:640,1
DA:646,3
DA:647,3
DA:648,1
DA:651,2
DA:658,2
DA:661,2
DA:664,11
DA:665,3
DA:666,3
DA:668,3
DA:669,3
DA:671,3
DA:672,3
DA:673,3
DA:675,3
DA:680,3
DA:681,0
DA:684,3
DA:685,1
DA:691,2
DA:692,2
DA:693,1
DA:696,1
DA:701,1
DA:704,1
DA:707,11
DA:708,3
DA:709,3
DA:711,3
DA:712,3
DA:714,3
DA:715,3
DA:716,3
DA:718,3
DA:723,3
DA:724,0
DA:727,3
DA:728,1
DA:734,2
DA:735,2
DA:736,1
DA:739,1
DA:744,1
DA:747,1
DA:768,2
DA:769,2
DA:774,2
DA:775,2
DA:776,2
DA:777,2
DA:778,2
DA:779,2
DA:780,2
DA:784,2
DA:786,1
DA:787,1
DA:788,1
DA:789,1
DA:791,1
DA:792,1
DA:795,2
DA:796,2
DA:797,2
DA:800,11
DA:801,2
DA:802,2
DA:812,2
DA:815,2
DA:820,2
DA:825,2
DA:826,2
DA:827,2
DA:828,2
DA:829,2
DA:832,2
DA:833,2
DA:837,0
DA:841,2
DA:843,2
DA:849,11
DA:850,3
DA:851,3
DA:854,2
DA:875,2
DA:879,2
DA:893,2
DA:894,4
DA:895,2
DA:896,10
DA:898,2
DA:916,11
DA:917,4
DA:918,4
DA:921,3
DA:922,3
DA:923,3
DA:924,1
DA:925,1
DA:927,3
DA:928,1
DA:934,2
DA:941,2
DA:944,11
DA:945,2
DA:946,2
DA:948,2
DA:950,1
DA:951,1
DA:954,1
DA:955,1
DA:956,1
DA:959,1
DA:970,1
DA:977,1
DA:989,1
DA:992,11
DA:995,1
DA:996,1
DA:997,1
DA:1000,1
DA:1006,1
DA:1008,1
DA:1009,1
DA:1010,1
DA:1011,1
DA:1013,1
DA:1014,1
DA:1015,1
DA:1017,1
DA:1020,1
DA:1025,1
DA:1026,1
DA:1027,1
DA:1029,1
DA:1035,1
DA:1036,1
DA:1037,1
DA:1038,1
DA:1039,1
DA:1040,1
DA:1042,1
DA:1043,1
DA:1051,1
DA:1052,2
DA:1060,1
DA:1065,1
DA:1067,0
DA:1068,0
DA:1069,0
DA:1070,0
DA:1071,0
DA:1072,0
DA:1074,0
DA:1075,0
DA:1083,0
DA:1084,0
DA:1092,0
DA:1097,1
DA:1110,11
DA:1111,3
DA:1112,3
DA:1113,3
DA:1115,2
DA:1116,2
DA:1119,2
DA:1120,2
DA:1121,2
DA:1124,2
DA:1135,2
DA:1142,2
DA:1149,11
DA:1150,2
DA:1151,2
DA:1152,2
DA:1154,1
DA:1155,1
DA:1157,1
DA:1158,1
DA:1159,1
DA:1161,1
DA:1172,1
DA:1179,1
DA:1186,11
DA:1187,2
DA:1188,2
DA:1189,2
DA:1191,1
DA:1192,1
DA:1194,1
DA:1195,1
DA:1196,1
DA:1198,1
DA:1209,1
DA:1216,1
DA:1223,11
DA:1224,2
DA:1225,2
DA:1226,2
DA:1228,1
DA:1229,1
DA:1231,1
DA:1236,1
DA:1242,1
DA:1244,1
DA:1245,1
DA:1246,1
DA:1247,0
DA:1251,1
DA:1253,1
DA:1258,1
DA:1259,1
DA:1260,1
DA:1265,1
DA:1276,1
DA:1279,1
DA:1284,1
DA:1292,1
DA:1299,11
DA:1300,2
DA:1301,2
DA:1302,2
DA:1304,1
DA:1306,1
DA:1307,1
DA:1308,1
DA:1309,0
DA:1312,1
DA:1318,1
DA:1325,1
DA:1332,11
DA:1333,2
DA:1334,2
DA:1335,2
DA:1337,2
DA:1339,2
DA:1340,2
DA:1341,2
DA:1342,1
DA:1345,1
DA:1347,1
DA:1354,1
DA:1361,11
DA:1362,1
DA:1363,1
DA:1364,1
DA:1366,1
DA:1367,1
DA:1369,1
DA:1370,1
DA:1371,1
DA:1372,0
DA:1375,1
DA:1383,1
DA:1390,1
DA:1402,11
DA:1403,2
DA:1404,2
DA:1405,2
DA:1407,1
DA:1410,1
DA:1412,1
DA:1419,1
DA:1426,11
DA:1427,4
DA:1428,4
DA:1430,3
DA:1431,3
DA:1432,1
DA:1435,2
DA:1437,2
DA:1439,2
DA:1443,2
DA:1446,2
DA:1449,2
DA:1450,2
DA:1451,2
DA:1452,2
DA:1453,2
DA:1454,2
DA:1455,2
DA:1456,2
DA:1457,2
DA:1458,0
DA:1459,0
DA:1460,0
DA:1461,0
DA:1462,0
DA:1463,0
DA:1464,0
DA:1465,0
DA:1466,0
DA:1470,2
DA:1471,0
DA:1476,0
DA:1477,0
DA:1478,0
DA:1494,0
DA:1498,2
DA:1499,2
DA:1501,2
DA:1519,2
DA:1520,2
DA:1521,2
DA:1536,2
DA:1539,2
DA:1540,0
DA:1543,2
DA:1554,11
DA:1555,2
DA:1556,2
DA:1558,2
DA:1560,2
DA:1561,2
DA:1562,2
DA:1563,0
DA:1566,2
DA:1567,2
DA:1568,1
DA:1571,1
DA:1573,1
DA:1583,1
DA:1586,11
DA:1587,1
DA:1588,1
DA:1589,1
DA:1591,1
DA:1593,1
DA:1594,1
DA:1595,1
DA:1596,0
DA:1599,1
DA:1600,1
DA:1601,0
DA:1604,1
DA:1605,1
DA:1610,1
DA:1614,1
DA:1616,1
DA:1624,1
DA:1627,1
DA:1628,1
DA:1629,1
DA:1634,1
DA:1642,1
DA:1645,11
DA:1646,2
DA:1647,2
DA:1648,2
DA:1650,2
DA:1652,2
DA:1653,2
DA:1654,2
DA:1655,0
DA:1658,2
DA:1660,2
DA:1661,1
DA:1667,1
DA:1669,1
DA:1676,1
DA:1679,11
DA:1680,2
DA:1681,2
DA:1682,2
DA:1684,2
DA:1685,2
DA:1686,2
DA:1687,1
DA:1690,1
DA:1691,1
DA:1692,1
DA:1693,0
DA:1696,1
DA:1697,1
DA:1698,0
DA:1701,1
DA:1702,1
DA:1708,1
DA:1712,1
DA:1714,1
DA:1724,1
DA:1727,1
DA:1728,1
DA:1729,1
DA:1734,1
DA:1742,1
DA:1749,11
DA:1750,4
DA:1751,4
DA:1752,4
DA:1754,3
DA:1755,3
DA:1757,2
DA:1759,2
DA:1770,2
DA:1772,2
DA:1780,2
DA:1783,11
DA:1784,1
DA:1785,1
DA:1786,1
DA:1788,1
DA:1790,1
DA:1792,1
DA:1799,1
DA:1803,1
DA:1810,1
DA:1813,11
DA:1814,1
DA:1815,1
DA:1816,1
DA:1818,1
DA:1819,1
DA:1821,1
DA:1832,1
DA:1834,1
DA:1842,1
DA:1845,11
DA:1846,2
DA:1847,2
DA:1848,2
DA:1850,2
DA:1851,2
DA:1852,2
DA:1854,2
DA:1855,2
DA:1856,2
DA:1857,2
DA:1858,0
DA:1860,2
DA:1861,1
DA:1863,1
DA:1866,1
DA:1877,1
DA:1879,1
DA:1887,1
DA:1894,11
DA:1895,1
DA:1896,1
DA:1897,1
DA:1899,1
DA:1900,1
DA:1901,1
DA:1902,1
DA:1903,0
DA:1906,1
DA:1908,1
DA:1915,1
DA:1918,11
DA:1919,1
DA:1920,1
DA:1921,1
DA:1923,1
DA:1924,1
DA:1925,1
DA:1926,1
DA:1927,0
DA:1930,1
DA:1932,1
DA:1939,1
DA:1942,11
DA:1943,2
DA:1944,2
DA:1945,2
DA:1947,1
DA:1948,1
DA:1949,1
DA:1950,1
DA:1951,0
DA:1954,1
DA:1956,1
DA:1963,1
DA:1970,11
DA:1971,3
DA:1972,3
DA:1973,3
DA:1975,3
DA:1976,3
DA:1977,3
DA:1978,1
DA:1980,2
DA:1982,2
DA:1983,2
DA:1984,2
DA:1985,0
DA:1988,2
DA:1989,2
DA:1990,1
DA:1993,1
DA:2000,1
DA:2008,1
DA:2025,2
DA:2031,0
DA:2034,0
DA:2042,0
DA:2043,0
DA:2045,0
DA:2048,0
DA:2050,0
DA:2053,0
DA:2061,0
DA:2067,0
DA:2068,0
DA:2070,0
DA:2071,0
DA:2080,0
DA:2082,0
DA:2083,0
DA:2085,0
DA:2086,0
DA:2094,0
DA:2095,0
DA:2113,0
DA:2114,0
DA:2122,2
DA:2123,2
DA:2124,2
DA:2126,2
DA:2131,2
DA:2138,11
DA:2139,5
DA:2140,5
DA:2141,4
DA:2143,3
DA:2144,3
DA:2146,3
DA:2147,3
DA:2148,3
DA:2149,1
DA:2152,2
DA:2153,2
DA:2154,1
DA:2157,1
DA:2164,1
DA:2172,1
DA:2179,11
DA:2180,4
DA:2181,4
DA:2182,4
DA:2184,3
DA:2185,3
DA:2187,3
DA:2193,3
DA:2194,1
DA:2197,2
DA:2207,2
DA:2215,2
DA:2218,11
DA:2219,1
DA:2220,1
DA:2221,1
DA:2223,1
DA:2225,1
DA:2226,1
DA:2227,1
DA:2228,0
DA:2231,1
DA:2237,1
DA:2239,1
DA:2246,1
DA:2253,11
DA:2256,2
DA:2257,2
DA:2258,2
DA:2260,2
DA:2266,2
DA:2267,1
DA:2268,1
DA:2271,1
DA:2272,1
DA:2273,1
DA:2275,1
DA:2277,1
DA:2285,11
DA:2288,2
DA:2289,2
DA:2290,2
DA:2292,2
DA:2298,2
DA:2299,1
DA:2300,1
DA:2303,1
DA:2304,1
DA:2305,1
DA:2307,1
DA:2309,1
DA:2326,11
DA:2334,22
DA:2335,22
DA:2336,22
DA:2337,22
DA:2338,17
DA:2342,17
DA:2346,11
DA:2347,5
DA:2352,11
DA:2353,3
DA:2358,11
DA:2359,2
DA:2367,2
DA:2368,2
DA:2369,2
DA:2370,2
DA:2371,2
DA:2372,2
DA:2373,1
DA:2386,11
DA:2387,3
DA:2397,3
DA:2398,3
DA:2399,3
DA:2400,3
DA:2401,3
DA:2402,3
DA:2403,3
DA:2408,3
DA:2418,11
DA:2419,2
DA:2424,2
DA:2425,2
DA:2431,2
DA:2432,2
DA:2433,2
DA:2434,2
DA:2442,2
DA:2451,11
DA:2452,5
DA:2453,5
DA:2454,5
DA:2456,4
DA:2457,3
DA:2463,11
DA:2464,3
DA:2470,11
DA:2471,5
DA:2472,5
DA:2473,5
DA:2475,4
DA:2476,3
DA:2486,11
DA:2489,0
DA:2490,0
DA:2491,0
DA:2493,0
DA:2495,0
DA:2501,0
DA:2507,0
DA:2508,0
DA:2509,0
DA:2512,0
DA:2514,0
DA:2515,0
DA:2521,0
DA:2530,0
DA:2538,11
DA:2540,11
DA:2541,2
DA:2547,11
DA:2548,1
DA:2554,11
DA:2555,2
DA:2561,11
DA:2562,1
DA:2568,11
DA:2569,4
DA:2570,4
DA:2571,3
DA:2573,2
DA:2574,2
DA:2575,1
DA:2578,1
DA:2584,1
DA:2591,11
DA:2592,39
DA:2593,30
DA:2594,19
DA:2595,14
LF:896
LH:774
BRDA:45,0,0,0
BRDA:49,1,0,0
BRDA:51,2,0,0
BRDA:51,2,1,0
BRDA:52,3,0,0
BRDA:52,3,1,0
BRDA:53,4,0,0
BRDA:53,4,1,0
BRDA:54,5,0,0
BRDA:54,5,1,0
BRDA:55,6,0,0
BRDA:55,6,1,0
BRDA:56,7,0,0
BRDA:56,7,1,0
BRDA:57,8,0,0
BRDA:57,8,1,0
BRDA:58,9,0,0
BRDA:58,9,1,0
BRDA:65,10,0,0
BRDA:71,11,0,0
BRDA:73,12,0,0
BRDA:73,12,1,0
BRDA:74,13,0,0
BRDA:74,13,1,0
BRDA:75,14,0,0
BRDA:75,14,1,0
BRDA:76,15,0,0
BRDA:76,15,1,0
BRDA:77,16,0,0
BRDA:77,16,1,0
BRDA:78,17,0,0
BRDA:78,17,1,0
BRDA:79,18,0,0
BRDA:79,18,1,0
BRDA:80,19,0,0
BRDA:80,19,1,0
BRDA:130,20,0,0
BRDA:135,21,0,13
BRDA:135,21,1,13
BRDA:136,22,0,13
BRDA:136,22,1,10
BRDA:137,23,0,0
BRDA:137,23,1,13
BRDA:143,24,0,0
BRDA:146,25,0,0
BRDA:146,26,0,0
BRDA:146,26,1,0
BRDA:150,27,0,13
BRDA:150,27,1,11
BRDA:152,28,0,2
BRDA:154,29,0,0
BRDA:157,30,0,0
BRDA:170,31,0,1
BRDA:178,32,0,1
BRDA:181,33,0,1
BRDA:186,34,0,10
BRDA:194,35,0,2
BRDA:194,36,0,10
BRDA:194,36,1,9
BRDA:211,37,0,2
BRDA:211,38,0,8
BRDA:211,38,1,7
BRDA:218,39,0,6
BRDA:218,39,1,3
BRDA:220,40,0,2
BRDA:221,41,0,6
BRDA:221,41,1,3
BRDA:221,41,2,2
BRDA:221,41,3,2
BRDA:230,42,0,2
BRDA:230,42,1,2
BRDA:230,42,2,2
BRDA:230,42,3,2
BRDA:235,43,0,1
BRDA:247,44,0,2
BRDA:257,45,0,0
BRDA:258,46,0,0
BRDA:259,47,0,2
BRDA:259,47,1,2
BRDA:259,47,2,0
BRDA:267,48,0,1
BRDA:284,49,0,0
BRDA:284,49,1,4
BRDA:303,50,0,0
BRDA:312,51,0,0
BRDA:312,52,0,3
BRDA:312,52,1,3
BRDA:316,53,0,1
BRDA:319,54,0,1
BRDA:319,54,1,0
BRDA:325,55,0,1
BRDA:325,56,0,2
BRDA:325,56,1,2
BRDA:329,57,0,1
BRDA:329,57,1,1
BRDA:367,58,0,0
BRDA:374,59,0,0
BRDA:378,60,0,0
BRDA:381,61,0,0
BRDA:381,61,1,0
BRDA:386,62,0,1
BRDA:386,63,0,2
BRDA:386,63,1,2
BRDA:413,64,0,0
BRDA:417,65,0,0
BRDA:423,66,0,4
BRDA:423,66,1,0
BRDA:437,67,0,1
BRDA:437,67,1,3
BRDA:439,68,0,0
BRDA:439,68,1,3
BRDA:442,69,0,3
BRDA:442,69,1,0
BRDA:451,70,0,1
BRDA:451,70,1,3
BRDA:464,71,0,1
BRDA:464,71,1,3
BRDA:485,72,0,0
BRDA:485,73,0,3
BRDA:485,73,1,3
BRDA:486,74,0,0
BRDA:506,75,0,1
BRDA:506,75,1,0
BRDA:506,75,2,0
BRDA:506,75,3,1
BRDA:506,75,4,1
BRDA:508,76,0,1
BRDA:519,77,0,0
BRDA:530,78,0,0
BRDA:541,79,0,1
BRDA:550,80,0,1
BRDA:565,81,0,0
BRDA:565,82,0,1
BRDA:565,82,1,1
BRDA:574,83,0,1
BRDA:574,84,0,1
BRDA:574,84,1,1
BRDA:612,85,0,1
BRDA:612,85,1,3
BRDA:615,86,0,0
BRDA:627,87,0,0
BRDA:635,88,0,0
BRDA:635,89,0,4
BRDA:635,89,1,4
BRDA:639,90,0,1
BRDA:642,91,0,1
BRDA:642,91,1,0
BRDA:647,92,0,1
BRDA:647,93,0,3
BRDA:647,93,1,3
BRDA:647,93,2,2
BRDA:655,94,0,1
BRDA:655,94,1,1
BRDA:673,95,0,0
BRDA:680,96,0,0
BRDA:684,97,0,1
BRDA:687,98,0,1
BRDA:687,98,1,0
BRDA:692,99,0,1
BRDA:692,100,0,2
BRDA:692,100,1,2
BRDA:716,101,0,0
BRDA:723,102,0,0
BRDA:727,103,0,1
BRDA:730,104,0,1
BRDA:730,104,1,0
BRDA:735,105,0,1
BRDA:735,106,0,2
BRDA:735,106,1,2
BRDA:777,107,0,2
BRDA:789,108,0,0
BRDA:792,109,0,0
BRDA:894,110,0,1
BRDA:894,110,1,3
BRDA:921,111,0,2
BRDA:921,111,1,1
BRDA:923,112,0,1
BRDA:925,113,0,1
BRDA:925,113,1,0
BRDA:927,114,0,1
BRDA:927,115,0,3
BRDA:927,115,1,3
BRDA:955,116,0,1
BRDA:955,116,1,1
BRDA:961,117,0,1
BRDA:961,117,1,0
BRDA:962,118,0,1
BRDA:962,118,1,1
BRDA:964,119,0,1
BRDA:964,119,1,1
BRDA:965,120,0,1
BRDA:965,120,1,1
BRDA:966,121,0,1
BRDA:966,121,1,1
BRDA:972,122,0,1
BRDA:972,122,1,0
BRDA:989,123,0,0
BRDA:989,123,1,1
BRDA:1011,124,0,0
BRDA:1011,125,0,1
BRDA:1011,125,1,0
BRDA:1020,126,0,1
BRDA:1020,127,0,1
BRDA:1020,127,1,1
BRDA:1020,127,2,1
BRDA:1025,128,0,1
BRDA:1038,129,0,0
BRDA:1042,130,0,1
BRDA:1057,131,0,1
BRDA:1057,131,1,1
BRDA:1065,132,0,0
BRDA:1065,133,0,1
BRDA:1065,133,1,1
BRDA:1065,133,2,1
BRDA:1070,134,0,0
BRDA:1074,135,0,0
BRDA:1089,136,0,0
BRDA:1089,136,1,0
BRDA:1120,137,0,2
BRDA:1120,137,1,1
BRDA:1126,138,0,2
BRDA:1126,138,1,0
BRDA:1127,139,0,2
BRDA:1127,139,1,2
BRDA:1128,140,0,2
BRDA:1128,140,1,1
BRDA:1130,141,0,2
BRDA:1130,141,1,2
BRDA:1131,142,0,2
BRDA:1131,142,1,2
BRDA:1137,143,0,2
BRDA:1137,143,1,0
BRDA:1158,144,0,1
BRDA:1158,144,1,1
BRDA:1163,145,0,1
BRDA:1163,145,1,0
BRDA:1164,146,0,1
BRDA:1164,146,1,1
BRDA:1165,147,0,1
BRDA:1165,147,1,1
BRDA:1166,148,0,1
BRDA:1166,148,1,1
BRDA:1168,149,0,1
BRDA:1168,149,1,1
BRDA:1174,150,0,1
BRDA:1174,150,1,0
BRDA:1195,151,0,1
BRDA:1195,151,1,1
BRDA:1200,152,0,1
BRDA:1200,152,1,0
BRDA:1201,153,0,1
BRDA:1201,153,1,1
BRDA:1202,154,0,1
BRDA:1202,154,1,1
BRDA:1203,155,0,1
BRDA:1203,155,1,1
BRDA:1204,156,0,1
BRDA:1204,156,1,1
BRDA:1211,157,0,1
BRDA:1211,157,1,0
BRDA:1229,158,0,1
BRDA:1229,158,1,0
BRDA:1246,159,0,0
BRDA:1259,160,0,1
BRDA:1270,161,0,1
BRDA:1270,161,1,0
BRDA:1276,162,0,1
BRDA:1276,162,1,0
BRDA:1308,163,0,0
BRDA:1341,164,0,1
BRDA:1371,165,0,0
BRDA:1431,166,0,1
BRDA:1435,167,0,1
BRDA:1435,167,1,1
BRDA:1437,168,0,1
BRDA:1437,168,1,1
BRDA:1439,169,0,1
BRDA:1439,169,1,1
BRDA:1443,170,0,2
BRDA:1443,170,1,2
BRDA:1443,170,2,0
BRDA:1446,171,0,2
BRDA:1446,171,1,0
BRDA:1446,172,0,2
BRDA:1446,172,1,2
BRDA:1457,173,0,0
BRDA:1470,174,0,0
BRDA:1476,175,0,0
BRDA:1562,176,0,0
BRDA:1567,177,0,1
BRDA:1595,178,0,0
BRDA:1600,179,0,0
BRDA:1627,180,0,1
BRDA:1628,181,0,1
BRDA:1628,181,1,1
BRDA:1654,182,0,0
BRDA:1660,183,0,1
BRDA:1660,184,0,2
BRDA:1660,184,1,1
BRDA:1685,185,0,1
BRDA:1685,185,1,1
BRDA:1686,186,0,1
BRDA:1692,187,0,0
BRDA:1697,188,0,0
BRDA:1727,189,0,1
BRDA:1728,190,0,1
BRDA:1728,190,1,1
BRDA:1855,191,0,2
BRDA:1857,192,0,0
BRDA:1860,193,0,1
BRDA:1902,194,0,0
BRDA:1926,195,0,0
BRDA:1950,196,0,0
BRDA:1977,197,0,1
BRDA:1977,198,0,3
BRDA:1977,198,1,1
BRDA:1980,199,0,0
BRDA:1980,199,1,2
BRDA:1984,200,0,0
BRDA:1989,201,0,1
BRDA:1990,202,0,1
BRDA:1990,202,1,0
BRDA:2005,203,0,1
BRDA:2005,203,1,1
BRDA:2025,204,0,2
BRDA:2025,205,0,2
BRDA:2025,205,1,0
BRDA:2045,206,0,0
BRDA:2045,206,1,0
BRDA:2048,207,0,0
BRDA:2053,208,0,0
BRDA:2054,209,0,0
BRDA:2054,209,1,0
BRDA:2054,209,2,0
BRDA:2054,209,3,0
BRDA:2054,209,4,0
BRDA:2054,209,5,0
BRDA:2070,210,0,0
BRDA:2070,211,0,0
BRDA:2070,211,1,0
BRDA:2074,212,0,0
BRDA:2074,212,1,0
BRDA:2074,213,0,0
BRDA:2074,213,1,0
BRDA:2085,214,0,0
BRDA:2113,215,0,0
BRDA:2144,216,0,1
BRDA:2144,216,1,2
BRDA:2148,217,0,1
BRDA:2153,218,0,1
BRDA:2154,219,0,1
BRDA:2154,219,1,0
BRDA:2169,220,0,1
BRDA:2169,220,1,0
BRDA:2185,221,0,1
BRDA:2185,221,1,2
BRDA:2193,222,0,1
BRDA:2212,223,0,2
BRDA:2212,223,1,1
BRDA:2227,224,0,0
BRDA:2237,225,0,1
BRDA:2237,225,1,0
BRDA:2266,226,0,1
BRDA:2298,227,0,1
BRDA:2337,228,0,5
BRDA:2369,229,0,2
BRDA:2372,230,0,1
BRDA:2399,231,0,3
BRDA:2425,232,0,0
BRDA:2431,233,0,1
BRDA:2431,233,1,1
BRDA:2439,234,0,2
BRDA:2439,234,1,0
BRDA:2454,235,0,1
BRDA:2454,236,0,5
BRDA:2454,236,1,5
BRDA:2454,236,2,5
BRDA:2456,237,0,3
BRDA:2456,238,0,4
BRDA:2456,238,1,3
BRDA:2473,239,0,1
BRDA:2473,240,0,5
BRDA:2473,240,1,5
BRDA:2473,240,2,5
BRDA:2475,241,0,3
BRDA:2475,242,0,4
BRDA:2475,242,1,3
BRDA:2491,243,0,0
BRDA:2493,244,0,0
BRDA:2493,244,1,0
BRDA:2514,245,0,0
BRDA:2574,246,0,1
BRF:392
BRH:240
end_of_record
TN:
SF:src/notify.ts
FN:17,(anonymous_9)
FN:19,sendPushToUsers
FN:31,(anonymous_11)
FN:47,(anonymous_12)
FN:67,(anonymous_13)
FN:81,(anonymous_14)
FN:84,(anonymous_15)
FN:99,createNotification
FNF:8
FNH:8
FNDA:70,(anonymous_9)
FNDA:33,sendPushToUsers
FNDA:34,(anonymous_11)
FNDA:15,(anonymous_12)
FNDA:14,(anonymous_13)
FNDA:1,(anonymous_14)
FNDA:1,(anonymous_15)
FNDA:34,createNotification
DA:14,11
DA:15,11
DA:17,70
DA:19,11
DA:26,33
DA:30,33
DA:31,34
DA:34,33
DA:35,33
DA:36,34
DA:37,34
DA:40,33
DA:46,14
DA:47,15
DA:57,14
DA:66,14
DA:67,14
DA:68,14
DA:69,1
DA:70,1
DA:71,1
DA:72,1
DA:77,1
DA:80,14
DA:82,1
DA:83,1
DA:84,1
DA:85,1
DA:86,1
DA:87,1
DA:93,0
DA:99,11
DA:112,34
LF:33
LH:32
BRDA:26,0,0,0
BRDA:37,1,0,15
BRDA:40,2,0,19
BRDA:52,3,0,14
BRDA:52,3,1,0
BRDA:68,4,0,13
BRDA:70,5,0,0
BRDA:72,6,0,1
BRDA:73,7,0,1
BRDA:73,7,1,0
BRDA:73,7,2,0
BRDA:86,8,0,1
BRDA:120,9,0,34
BRDA:120,9,1,22
BRDA:121,10,0,34
BRDA:121,10,1,30
BRDA:122,11,0,34
BRDA:122,11,1,0
BRF:18
BRH:12
end_of_record
